MIG: 10:31:58 : Running customizer.xit
MIG: 10:31:58 : ################# RUNNING MIG INTERACTIVE ###################
MIG: 10:31:58 : Writing IN file for 'mig_7series_0'...compDirPath: d:/Vivado/Vivado/2017.4/data/ip/xilinx/mig_7series_v4_0... instDirPath: c:/Users/loser/Desktop/gth_phase_2G_DDR/.Xil/Vivado-16468-LAPTOP-4KAH9RNQ/coregen/mig_7series_0
MIG: 10:31:58 : synp_flow:  -- synthesis_mode: Other
MIG: 10:31:58 : outputDirectory: c:/Users/loser/Desktop/gth_phase_2G_DDR/.Xil/Vivado-16468-LAPTOP-4KAH9RNQ/coregen/mig_7series_0/_tmp/
MIG: 10:31:58 : vivado_mode: xpg_pa
MIG: 10:31:58 :  locked false  
MIG: 10:31:58 : HDL Language: Verilog
MIG: 10:31:58 : compInfo: true
MIG: 10:31:58 : relative mig path: coregen/ip/xilinx/other/com/xilinx/ip/mig_7series_v4_0/bin/nt64/mig.exe
MIG: 10:31:58 : xilinx_path: D:/Vivado/Vivado/2017.4/ids_lite/ISE
MIG: 10:31:58 : I am in catch area
MIG: 10:31:58 : Running D:/Vivado/Vivado/2017.4/ids_lite/ISE/coregen/ip/xilinx/other/com/xilinx/ip/mig_7series_v4_0/bin/nt64/mig.exe -cg_exc_inp c:/Users/loser/Desktop/gth_phase_2G_DDR/.Xil/Vivado-16468-LAPTOP-4KAH9RNQ/coregen/mig_7series_0/xil_txt.in -cg_exc_out c:/Users/loser/Desktop/gth_phase_2G_DDR/.Xil/Vivado-16468-LAPTOP-4KAH9RNQ/coregen/mig_7series_0/xil_txt.out ... 
MIG: 10:35:43 : Prasad before: xmlPropertyPrj --  .prj
MIG: 10:35:43 : Prasad After: xmlPropertyPrj -- mig_a.prj
MIG: 10:35:43 : XML_INPUT_FILE: c:/Users/loser/Desktop/gth_phase_2G_DDR/.Xil/Vivado-16468-LAPTOP-4KAH9RNQ/coregen/mig_7series_0/mig_a.prj
MIG: 10:35:43 : Component_Name: mig_7series_0
MIG: 10:35:43 : Moving mig_7series_0 ...
MIG: 10:35:43 : Moving mig_7series_0.veo ...
MIG: 10:35:43 : Moving mig_7series_0_xmdf.tcl ...
MIG: 10:35:43 : Sending back 0
MIG: 10:35:45 : xml_input_file: mig_a.prj
MIG: 10:35:45 : Absolute path of xml_input_file: c:/Users/loser/Desktop/gth_phase_2G_DDR/GTH_ex.srcs/sources_1/ip/mig_7series_0/mig_a.prj
MIG: 10:35:45 : xml_input_file: mig_a.prj
MIG: 10:35:45 : Absolute path of xml_input_file: c:/Users/loser/Desktop/gth_phase_2G_DDR/GTH_ex.srcs/sources_1/ip/mig_7series_0/mig_a.prj
MIG: 10:35:45 : In updateAllModelParams
MIG: 10:35:45 : IGN:     <ModuleName>mig_7series_0</ModuleName> <==>     <ModuleName>mig_7series_0</ModuleName> 
MIG: 10:35:45 : IGN:         <InputClkFreq>800</InputClkFreq> <==>         <InputClkFreq>800</InputClkFreq> 
MIG: 10:35:45 : XGUI hdlLanguage: Verilog
MIG: 10:35:45 : xgui vivado_mode: xpg_pa
MIG: 10:35:45 : xgui hdlLanguage: Verilog -- hdlExt: v
MIG: 10:35:45 : Reading C:/Users/loser/Desktop/gth_phase_2G_DDR/GTH_ex.srcs/sources_1/ip/mig_7series_0/mig_7series_0/user_design/rtl/mig_7series_0_mig.v ...
MIG: 10:35:45 : 1
MIG: 10:35:45 : Inside fn mem: DDR3
MIG: 10:35:45 : detect_uiclk: 80000000
MIG: 10:35:45 : cntrl:  memtype: DDR3
MIG: 10:35:45 : 640
MIG: 10:35:45 :  MMCM_VCO single ctrl param_name: MMCM_VCO --  possibleMaxVcoVal: 640 
MIG: 10:35:45 : 
MIG: 10:35:45 : 
MIG: 10:35:45 : 80000000
MIG: 10:35:45 : 
MIG: 10:35:45 :  polarity_value: 1
MIG: 10:35:45 : 
MIG: 10:35:45 : 
MIG: 10:35:45 : cntrl:  memtype: DDR3
MIG: 10:35:45 : 
MIG: 10:35:45 :  Valid Param: DDR3_BANK_WIDTH ==> 3
MIG: 10:35:45 : 
MIG: 10:35:45 :  Valid Param: DDR3_CK_WIDTH ==> 1
MIG: 10:35:45 :  Invalid Param: DDR3_COL_WIDTH ==> 10
MIG: 10:35:45 : 
MIG: 10:35:45 :  Valid Param: DDR3_CS_WIDTH ==> 1
MIG: 10:35:45 : 
MIG: 10:35:45 :  Valid Param: DDR3_nCS_PER_RANK ==> 1
MIG: 10:35:45 : 
MIG: 10:35:45 :  Valid Param: DDR3_CKE_WIDTH ==> 1
MIG: 10:35:45 :  Invalid Param: DDR3_DATA_BUF_ADDR_WIDTH ==> 5
MIG: 10:35:45 :  Invalid Param: DDR3_DQ_CNT_WIDTH ==> 6
MIG: 10:35:45 :  Invalid Param: DDR3_DQ_PER_DM ==> 8
MIG: 10:35:45 : 8
MIG: 10:35:45 :  Valid Param: DDR3_DM_WIDTH ==> 8
MIG: 10:35:45 : 64
MIG: 10:35:45 :  Valid Param: DDR3_DQ_WIDTH ==> 64
MIG: 10:35:45 : 8
MIG: 10:35:45 :  Valid Param: DDR3_DQS_WIDTH ==> 8
MIG: 10:35:45 : 3
MIG: 10:35:45 :  Valid Param: DDR3_DQS_CNT_WIDTH ==> 3
MIG: 10:35:45 :  Invalid Param: DDR3_DRAM_WIDTH ==> 8
MIG: 10:35:45 : 
MIG: 10:35:45 :  Valid Param: ECC ==> OFF
MIG: 10:35:45 : 64
MIG: 10:35:45 :  Valid Param: DDR3_DATA_WIDTH ==> 64
MIG: 10:35:45 :  Invalid Param: ECC_TEST ==> "OFF"
MIG: 10:35:46 :  Invalid Param: DDR3_PAYLOAD_WIDTH ==> (ECC_TEST == "OFF") ? DATA_WIDTH : DQ_WIDTH
MIG: 10:35:46 :  Invalid Param: DDR3_MEM_ADDR_ORDER ==> "BANK_ROW_COLUMN"
MIG: 10:35:46 :  Invalid Param: DDR3_nBANK_MACHS ==> 4
MIG: 10:35:46 :  Invalid Param: DDR3_RANKS ==> 1
MIG: 10:35:46 : 
MIG: 10:35:46 :  Valid Param: DDR3_ODT_WIDTH ==> 1
MIG: 10:35:46 : 16
MIG: 10:35:46 :  Valid Param: DDR3_ROW_WIDTH ==> 16
MIG: 10:35:46 : 30
MIG: 10:35:46 :  Valid Param: DDR3_ADDR_WIDTH ==> 30
MIG: 10:35:46 : 
MIG: 10:35:46 :  Valid Param: DDR3_USE_CS_PORT ==> 1
MIG: 10:35:46 : 
MIG: 10:35:46 :  Valid Param: DDR3_USE_DM_PORT ==> 1
MIG: 10:35:46 : 
MIG: 10:35:46 :  Valid Param: DDR3_USE_ODT_PORT ==> 1
MIG: 10:35:46 :  Invalid Param: DDR3_IS_CLK_SHARED ==> "FALSE"
MIG: 10:35:46 :  Invalid Param: DDR3_PHY_CONTROL_MASTER_BANK ==> 1
MIG: 10:35:46 :  Invalid Param: DDR3_MEM_DENSITY ==> "4Gb"
MIG: 10:35:46 :  Invalid Param: DDR3_MEM_SPEEDGRADE ==> "107E"
MIG: 10:35:46 :  Invalid Param: DDR3_MEM_DEVICE_WIDTH ==> 8
MIG: 10:35:46 :  Invalid Param: DDR3_AL ==> "0"
MIG: 10:35:46 :  Invalid Param: DDR3_nAL ==> 0
MIG: 10:35:46 :  Invalid Param: DDR3_BURST_MODE ==> "8"
MIG: 10:35:46 :  Invalid Param: DDR3_BURST_TYPE ==> "SEQ"
MIG: 10:35:46 :  Invalid Param: DDR3_CL ==> 6
MIG: 10:35:46 :  Invalid Param: DDR3_CWL ==> 5
MIG: 10:35:46 :  Invalid Param: DDR3_OUTPUT_DRV ==> "HIGH"
MIG: 10:35:46 :  Invalid Param: DDR3_RTT_NOM ==> "40"
MIG: 10:35:46 :  Invalid Param: DDR3_RTT_WR ==> "OFF"
MIG: 10:35:46 :  Invalid Param: DDR3_ADDR_CMD_MODE ==> "1T"
MIG: 10:35:46 : 
MIG: 10:35:46 :  Valid Param: DDR3_REG_CTRL ==> OFF
MIG: 10:35:46 :  Invalid Param: DDR3_CA_MIRROR ==> "OFF"
MIG: 10:35:46 :  Invalid Param: DDR3_VDD_OP_VOLT ==> "150"
MIG: 10:35:46 :  Invalid Param: DDR3_CLKIN_PERIOD ==> 1250
MIG: 10:35:46 :  Invalid Param: DDR3_CLKFBOUT_MULT ==> 8
MIG: 10:35:46 :  Invalid Param: DDR3_DIVCLK_DIVIDE ==> 5
MIG: 10:35:46 :  Invalid Param: DDR3_CLKOUT0_PHASE ==> 315.0
MIG: 10:35:46 :  Invalid Param: DDR3_CLKOUT0_DIVIDE ==> 2
MIG: 10:35:46 :  Invalid Param: DDR3_CLKOUT1_DIVIDE ==> 4
MIG: 10:35:46 :  Invalid Param: DDR3_CLKOUT2_DIVIDE ==> 64
MIG: 10:35:46 :  Invalid Param: DDR3_CLKOUT3_DIVIDE ==> 16
MIG: 10:35:46 :  Invalid Param: DDR3_MMCM_VCO ==> 640
MIG: 10:35:46 :  Invalid Param: DDR3_MMCM_MULT_F ==> 8
MIG: 10:35:46 :  Invalid Param: DDR3_MMCM_DIVCLK_DIVIDE ==> 1
MIG: 10:35:46 :  Invalid Param: DDR3_tCKE ==> 5000
MIG: 10:35:46 :  Invalid Param: DDR3_tFAW ==> 27000
MIG: 10:35:46 :  Invalid Param: DDR3_tPRDI ==> 1_000_000
MIG: 10:35:46 :  Invalid Param: DDR3_tRAS ==> 34000
MIG: 10:35:46 :  Invalid Param: DDR3_tRCD ==> 13910
MIG: 10:35:46 :  Invalid Param: DDR3_tREFI ==> 7800000
MIG: 10:35:46 :  Invalid Param: DDR3_tRFC ==> 260000
MIG: 10:35:46 :  Invalid Param: DDR3_tRP ==> 13910
MIG: 10:35:46 :  Invalid Param: DDR3_tRRD ==> 5000
MIG: 10:35:46 :  Invalid Param: DDR3_tRTP ==> 7500
MIG: 10:35:46 :  Invalid Param: DDR3_tWTR ==> 7500
MIG: 10:35:46 :  Invalid Param: DDR3_tZQI ==> 128_000_000
MIG: 10:35:46 :  Invalid Param: DDR3_tZQCS ==> 64
MIG: 10:35:46 :  Invalid Param: DDR3_SIM_BYPASS_INIT_CAL ==> "OFF"
MIG: 10:35:46 :  Invalid Param: DDR3_SIMULATION ==> "FALSE"
MIG: 10:35:46 :  Invalid Param: DDR3_BYTE_LANES_B0 ==> 4'b1111
MIG: 10:35:46 :  Invalid Param: DDR3_BYTE_LANES_B1 ==> 4'b1110
MIG: 10:35:46 :  Invalid Param: DDR3_BYTE_LANES_B2 ==> 4'b1111
MIG: 10:35:46 :  Invalid Param: DDR3_BYTE_LANES_B3 ==> 4'b0000
MIG: 10:35:46 :  Invalid Param: DDR3_BYTE_LANES_B4 ==> 4'b0000
MIG: 10:35:46 :  Invalid Param: DDR3_DATA_CTL_B0 ==> 4'b1111
MIG: 10:35:46 :  Invalid Param: DDR3_DATA_CTL_B1 ==> 4'b0000
MIG: 10:35:46 :  Invalid Param: DDR3_DATA_CTL_B2 ==> 4'b1111
MIG: 10:35:46 :  Invalid Param: DDR3_DATA_CTL_B3 ==> 4'b0000
MIG: 10:35:46 :  Invalid Param: DDR3_DATA_CTL_B4 ==> 4'b0000
MIG: 10:35:46 :  Invalid Param: DDR3_PHY_0_BITLANES ==> 48'h3FE_1FF_1FF_2FF
MIG: 10:35:46 :  Invalid Param: DDR3_PHY_1_BITLANES ==> 48'hFFE_FF0_CB4_000
MIG: 10:35:46 :  Invalid Param: DDR3_PHY_2_BITLANES ==> 48'h3FE_3FE_3BF_2FF
MIG: 10:35:46 :  Invalid Param: DDR3_CK_BYTE_MAP ==> 144'h00_00_00_00_00_00_00_00_00_00_00_00_00_00_00_00_00_12
MIG: 10:35:46 :  Invalid Param: DDR3_ADDR_MAP ==> 192'h126_127_132_136_135_133_139_124_131_129_137_134_13A_128_138_13B
MIG: 10:35:46 :  Invalid Param: DDR3_BANK_MAP ==> 36'h125_12A_12B
MIG: 10:35:46 :  Invalid Param: DDR3_CAS_MAP ==> 12'h115
MIG: 10:35:46 :  Invalid Param: DDR3_CKE_ODT_BYTE_MAP ==> 8'h00
MIG: 10:35:46 :  Invalid Param: DDR3_CKE_MAP ==> 96'h000_000_000_000_000_000_000_117
MIG: 10:35:46 :  Invalid Param: DDR3_ODT_MAP ==> 96'h000_000_000_000_000_000_000_112
MIG: 10:35:46 :  Invalid Param: DDR3_CS_MAP ==> 120'h000_000_000_000_000_000_000_000_000_114
MIG: 10:35:46 :  Invalid Param: DDR3_PARITY_MAP ==> 12'h000
MIG: 10:35:46 :  Invalid Param: DDR3_RAS_MAP ==> 12'h11A
MIG: 10:35:46 :  Invalid Param: DDR3_WE_MAP ==> 12'h11B
MIG: 10:35:46 :  Invalid Param: DDR3_DQS_BYTE_MAP ==> 144'h00_00_00_00_00_00_00_00_00_00_20_21_22_23_03_02_01_00
MIG: 10:35:46 :  Invalid Param: DDR3_DATA0_MAP ==> 96'h009_000_003_001_007_006_005_002
MIG: 10:35:46 :  Invalid Param: DDR3_DATA1_MAP ==> 96'h014_018_010_011_017_016_012_013
MIG: 10:35:46 :  Invalid Param: DDR3_DATA2_MAP ==> 96'h021_022_025_020_027_023_026_028
MIG: 10:35:46 :  Invalid Param: DDR3_DATA3_MAP ==> 96'h033_039_031_035_032_038_034_037
MIG: 10:35:46 :  Invalid Param: DDR3_DATA4_MAP ==> 96'h231_238_237_236_233_232_234_239
MIG: 10:35:46 :  Invalid Param: DDR3_DATA5_MAP ==> 96'h226_227_225_229_221_222_224_228
MIG: 10:35:46 :  Invalid Param: DDR3_DATA6_MAP ==> 96'h214_215_210_218_217_213_219_212
MIG: 10:35:46 :  Invalid Param: DDR3_DATA7_MAP ==> 96'h207_203_204_206_202_201_205_209
MIG: 10:35:46 :  Invalid Param: DDR3_DATA8_MAP ==> 96'h000_000_000_000_000_000_000_000
MIG: 10:35:46 :  Invalid Param: DDR3_DATA9_MAP ==> 96'h000_000_000_000_000_000_000_000
MIG: 10:35:46 :  Invalid Param: DDR3_DATA10_MAP ==> 96'h000_000_000_000_000_000_000_000
MIG: 10:35:46 :  Invalid Param: DDR3_DATA11_MAP ==> 96'h000_000_000_000_000_000_000_000
MIG: 10:35:46 :  Invalid Param: DDR3_DATA12_MAP ==> 96'h000_000_000_000_000_000_000_000
MIG: 10:35:46 :  Invalid Param: DDR3_DATA13_MAP ==> 96'h000_000_000_000_000_000_000_000
MIG: 10:35:46 :  Invalid Param: DDR3_DATA14_MAP ==> 96'h000_000_000_000_000_000_000_000
MIG: 10:35:46 :  Invalid Param: DDR3_DATA15_MAP ==> 96'h000_000_000_000_000_000_000_000
MIG: 10:35:46 :  Invalid Param: DDR3_DATA16_MAP ==> 96'h000_000_000_000_000_000_000_000
MIG: 10:35:46 :  Invalid Param: DDR3_DATA17_MAP ==> 96'h000_000_000_000_000_000_000_000
MIG: 10:35:46 :  Invalid Param: DDR3_MASK0_MAP ==> 108'h000_200_211_223_235_036_024_015_004
MIG: 10:35:46 :  Invalid Param: DDR3_MASK1_MAP ==> 108'h000_000_000_000_000_000_000_000_000
MIG: 10:35:46 :  Invalid Param: DDR3_SLOT_0_CONFIG ==> 8'b0000_0001
MIG: 10:35:46 :  Invalid Param: DDR3_SLOT_1_CONFIG ==> 8'b0000_0000
MIG: 10:35:46 :  Invalid Param: DDR3_IBUF_LPWR_MODE ==> "OFF"
MIG: 10:35:46 :  Invalid Param: DDR3_DATA_IO_IDLE_PWRDWN ==> "ON"
MIG: 10:35:46 :  Invalid Param: DDR3_BANK_TYPE ==> "HP_IO"
MIG: 10:35:46 :  Invalid Param: DDR3_DATA_IO_PRIM_TYPE ==> "HP_LP"
MIG: 10:35:46 :  Invalid Param: DDR3_CKE_ODT_AUX ==> "FALSE"
MIG: 10:35:46 :  Invalid Param: DDR3_USER_REFRESH ==> "OFF"
MIG: 10:35:46 :  Invalid Param: DDR3_WRLVL ==> "ON"
MIG: 10:35:46 :  Invalid Param: DDR3_ORDERING ==> "NORM"
MIG: 10:35:46 :  Invalid Param: DDR3_CALIB_ROW_ADD ==> 16'h0000
MIG: 10:35:46 :  Invalid Param: DDR3_CALIB_COL_ADD ==> 12'h000
MIG: 10:35:46 :  Invalid Param: DDR3_CALIB_BA_ADD ==> 3'h0
MIG: 10:35:46 :  Invalid Param: DDR3_TCQ ==> 100
MIG: 10:35:46 :  Invalid Param: DDR3_IDELAY_ADJ ==> "OFF"
MIG: 10:35:46 :  Invalid Param: DDR3_FINE_PER_BIT ==> "OFF"
MIG: 10:35:46 :  Invalid Param: DDR3_CENTER_COMP_MODE ==> "OFF"
MIG: 10:35:46 :  Invalid Param: DDR3_PI_VAL_ADJ ==> "OFF"
MIG: 10:35:46 :  Invalid Param: DDR3_IODELAY_GRP0 ==> "MIG_7SERIES_0_IODELAY_MIG0"
MIG: 10:35:46 :  Invalid Param: DDR3_IODELAY_GRP1 ==> "MIG_7SERIES_0_IODELAY_MIG1"
MIG: 10:35:46 :  Invalid Param: DDR3_SYSCLK_TYPE ==> "NO_BUFFER"
MIG: 10:35:46 :  Invalid Param: DDR3_REFCLK_TYPE ==> "NO_BUFFER"
MIG: 10:35:46 :  Invalid Param: DDR3_SYS_RST_PORT ==> "FALSE"
MIG: 10:35:46 :  Invalid Param: DDR3_FPGA_SPEED_GRADE ==> 1
MIG: 10:35:46 :  Invalid Param: DDR3_CMD_PIPE_PLUS1 ==> "ON"
MIG: 10:35:46 :  Invalid Param: DDR3_DRAM_TYPE ==> "DDR3"
MIG: 10:35:46 :  Invalid Param: DDR3_CAL_WIDTH ==> "HALF"
MIG: 10:35:46 :  Invalid Param: DDR3_STARVE_LIMIT ==> 2
MIG: 10:35:46 :  Invalid Param: DDR3_REF_CLK_MMCM_IODELAY_CTRL ==> "FALSE"
MIG: 10:35:46 :  Invalid Param: DDR3_REFCLK_FREQ ==> 200.0
MIG: 10:35:46 :  Invalid Param: DDR3_DIFF_TERM_REFCLK ==> "TRUE"
MIG: 10:35:46 :  Invalid Param: DDR3_tCK ==> 3125
MIG: 10:35:46 : 4
MIG: 10:35:46 :  Valid Param: DDR3_nCK_PER_CLK ==> 4
MIG: 10:35:46 :  Invalid Param: DDR3_DIFF_TERM_SYSCLK ==> "TRUE"
MIG: 10:35:46 : 
MIG: 10:35:46 :  Valid Param: DDR3_DEBUG_PORT ==> OFF
MIG: 10:35:46 : 
MIG: 10:35:46 :  Invalid Param: DDR3_TEMP_MON_CONTROL ==> "INTERNAL"
MIG: 10:35:46 :  Invalid Param: DDR3_FPGA_VOLT_TYPE ==> "N"
MIG: 10:35:46 :  Invalid Param: DDR3_RST_ACT_LOW ==> 1
MIG: 10:35:46 : NOBUF
MIG: 10:35:46 : NOBUF
MIG: 10:35:46 : 
MIG: 10:35:46 : Same Interface
MIG: 10:36:51 : Running synthesis.xit
MIG: 10:36:51 : IGN:     <ModuleName>mig_7series_0</ModuleName> <==>     <ModuleName>mig_7series_0</ModuleName> 
MIG: 10:36:51 : IGN:         <InputClkFreq>800</InputClkFreq> <==>         <InputClkFreq>800</InputClkFreq> 
MIG: 10:36:51 : Running vlog_synth_rpr.xit
MIG: 10:36:51 : IGN:     <ModuleName>mig_7series_0</ModuleName> <==>     <ModuleName>mig_7series_0</ModuleName> 
MIG: 10:36:51 : IGN:         <InputClkFreq>800</InputClkFreq> <==>         <InputClkFreq>800</InputClkFreq> 
MIG: 10:36:51 : Running simulation.xit
MIG: 10:36:51 : IGN:     <ModuleName>mig_7series_0</ModuleName> <==>     <ModuleName>mig_7series_0</ModuleName> 
MIG: 10:36:51 : IGN:         <InputClkFreq>800</InputClkFreq> <==>         <InputClkFreq>800</InputClkFreq> 
MIG: 10:36:52 : Running vlog_sim_rpr.xit .. PRASAD DBG1
MIG: 10:36:52 : IGN:     <ModuleName>mig_7series_0</ModuleName> <==>     <ModuleName>mig_7series_0</ModuleName> 
MIG: 10:36:52 : IGN:         <InputClkFreq>800</InputClkFreq> <==>         <InputClkFreq>800</InputClkFreq> 
MIG: 10:36:52 : Running implementation.xit
MIG: 10:36:52 : IGN:     <ModuleName>mig_7series_0</ModuleName> <==>     <ModuleName>mig_7series_0</ModuleName> 
MIG: 10:36:52 : IGN:         <InputClkFreq>800</InputClkFreq> <==>         <InputClkFreq>800</InputClkFreq> 
MIG: 12:07:02 : Running customizer.xit
MIG: 12:07:02 : ################# RUNNING MIG INTERACTIVE ###################
MIG: 12:07:02 : Writing IN file for 'mig_7series_0'...compDirPath: d:/Vivado/Vivado/2017.4/data/ip/xilinx/mig_7series_v4_0... instDirPath: c:/Users/loser/Desktop/gth_phase_2G_DDR/.Xil/Vivado-16468-LAPTOP-4KAH9RNQ/coregen/mig_7series_0
MIG: 12:07:02 : synp_flow:  -- synthesis_mode: Other
MIG: 12:07:02 : outputDirectory: c:/Users/loser/Desktop/gth_phase_2G_DDR/.Xil/Vivado-16468-LAPTOP-4KAH9RNQ/coregen/mig_7series_0/_tmp/
MIG: 12:07:02 : vivado_mode: xpg_pa
MIG: 12:07:02 :  locked false  
MIG: 12:07:02 : HDL Language: Verilog
MIG: 12:07:02 : compInfo: false
MIG: 12:07:02 : Vivado Options xc7vx690t ffg1761 -1
MIG: 12:07:02 : 1: xc7vx690t 2: ffg1761 3: -1
MIG: 12:07:02 : relative mig path: coregen/ip/xilinx/other/com/xilinx/ip/mig_7series_v4_0/bin/nt64/mig.exe
MIG: 12:07:02 : xilinx_path: D:/Vivado/Vivado/2017.4/ids_lite/ISE
MIG: 12:07:02 : I am in catch area
MIG: 12:07:02 : Running D:/Vivado/Vivado/2017.4/ids_lite/ISE/coregen/ip/xilinx/other/com/xilinx/ip/mig_7series_v4_0/bin/nt64/mig.exe -cg_exc_inp c:/Users/loser/Desktop/gth_phase_2G_DDR/.Xil/Vivado-16468-LAPTOP-4KAH9RNQ/coregen/mig_7series_0/xil_txt.in -cg_exc_out c:/Users/loser/Desktop/gth_phase_2G_DDR/.Xil/Vivado-16468-LAPTOP-4KAH9RNQ/coregen/mig_7series_0/xil_txt.out ... 
MIG: 12:08:05 : Prasad before: xmlPropertyPrj -- mig_a.prj
MIG: 12:08:05 : Prasad After: xmlPropertyPrj -- mig_b.prj
MIG: 12:08:05 : XML_INPUT_FILE: c:/Users/loser/Desktop/gth_phase_2G_DDR/.Xil/Vivado-16468-LAPTOP-4KAH9RNQ/coregen/mig_7series_0/mig_b.prj
MIG: 12:08:05 : Component_Name: mig_7series_0
MIG: 12:08:05 : Moving mig_7series_0 ...
MIG: 12:08:05 : Moving mig_7series_0.veo ...
MIG: 12:08:05 : Moving mig_7series_0_xmdf.tcl ...
MIG: 12:08:05 : Sending back 0
MIG: 12:08:06 : xml_input_file: mig_b.prj
MIG: 12:08:06 : Absolute path of xml_input_file: c:/Users/loser/Desktop/gth_phase_2G_DDR/GTH_ex.srcs/sources_1/ip/mig_7series_0/mig_b.prj
MIG: 12:08:06 : xml_input_file: mig_b.prj
MIG: 12:08:06 : Absolute path of xml_input_file: c:/Users/loser/Desktop/gth_phase_2G_DDR/GTH_ex.srcs/sources_1/ip/mig_7series_0/mig_b.prj
MIG: 12:08:06 : In updateAllModelParams
MIG: 12:08:06 : IGN:     <ModuleName>mig_7series_0</ModuleName> <==>     <ModuleName>mig_7series_0</ModuleName> 
MIG: 12:08:06 : IGN:         <InputClkFreq>80</InputClkFreq> <==>         <InputClkFreq>80</InputClkFreq> 
MIG: 12:08:06 : XGUI hdlLanguage: Verilog
MIG: 12:08:06 : xgui vivado_mode: xpg_pa
MIG: 12:08:06 : xgui hdlLanguage: Verilog -- hdlExt: v
MIG: 12:08:06 : Reading C:/Users/loser/Desktop/gth_phase_2G_DDR/GTH_ex.srcs/sources_1/ip/mig_7series_0/mig_7series_0/user_design/rtl/mig_7series_0_mig.v ...
MIG: 12:08:07 : 
MIG: 12:08:07 : Inside fn mem: DDR3
MIG: 12:08:07 : detect_uiclk: 80000000
MIG: 12:08:07 : cntrl:  memtype: DDR3
MIG: 12:08:07 : 
MIG: 12:08:07 :  MMCM_VCO single ctrl param_name: MMCM_VCO --  possibleMaxVcoVal: 640 
MIG: 12:08:07 : 
MIG: 12:08:07 : 
MIG: 12:08:07 : 
MIG: 12:08:07 : 
MIG: 12:08:07 :  polarity_value: 1
MIG: 12:08:07 : 
MIG: 12:08:07 : 
MIG: 12:08:07 : cntrl:  memtype: DDR3
MIG: 12:08:07 : 
MIG: 12:08:07 :  Valid Param: DDR3_BANK_WIDTH ==> 3
MIG: 12:08:07 : 
MIG: 12:08:07 :  Valid Param: DDR3_CK_WIDTH ==> 1
MIG: 12:08:07 :  Invalid Param: DDR3_COL_WIDTH ==> 10
MIG: 12:08:07 : 
MIG: 12:08:07 :  Valid Param: DDR3_CS_WIDTH ==> 1
MIG: 12:08:07 : 
MIG: 12:08:07 :  Valid Param: DDR3_nCS_PER_RANK ==> 1
MIG: 12:08:07 : 
MIG: 12:08:07 :  Valid Param: DDR3_CKE_WIDTH ==> 1
MIG: 12:08:07 :  Invalid Param: DDR3_DATA_BUF_ADDR_WIDTH ==> 5
MIG: 12:08:07 :  Invalid Param: DDR3_DQ_CNT_WIDTH ==> 6
MIG: 12:08:07 :  Invalid Param: DDR3_DQ_PER_DM ==> 8
MIG: 12:08:07 : 
MIG: 12:08:07 :  Valid Param: DDR3_DM_WIDTH ==> 8
MIG: 12:08:07 : 
MIG: 12:08:07 :  Valid Param: DDR3_DQ_WIDTH ==> 64
MIG: 12:08:07 : 
MIG: 12:08:07 :  Valid Param: DDR3_DQS_WIDTH ==> 8
MIG: 12:08:07 : 
MIG: 12:08:07 :  Valid Param: DDR3_DQS_CNT_WIDTH ==> 3
MIG: 12:08:07 :  Invalid Param: DDR3_DRAM_WIDTH ==> 8
MIG: 12:08:07 : 
MIG: 12:08:07 :  Valid Param: ECC ==> OFF
MIG: 12:08:07 : 
MIG: 12:08:07 :  Valid Param: DDR3_DATA_WIDTH ==> 64
MIG: 12:08:07 :  Invalid Param: ECC_TEST ==> "OFF"
MIG: 12:08:07 :  Invalid Param: DDR3_PAYLOAD_WIDTH ==> (ECC_TEST == "OFF") ? DATA_WIDTH : DQ_WIDTH
MIG: 12:08:07 :  Invalid Param: DDR3_MEM_ADDR_ORDER ==> "BANK_ROW_COLUMN"
MIG: 12:08:07 :  Invalid Param: DDR3_nBANK_MACHS ==> 4
MIG: 12:08:07 :  Invalid Param: DDR3_RANKS ==> 1
MIG: 12:08:07 : 
MIG: 12:08:07 :  Valid Param: DDR3_ODT_WIDTH ==> 1
MIG: 12:08:07 : 
MIG: 12:08:07 :  Valid Param: DDR3_ROW_WIDTH ==> 16
MIG: 12:08:07 : 
MIG: 12:08:07 :  Valid Param: DDR3_ADDR_WIDTH ==> 30
MIG: 12:08:07 : 
MIG: 12:08:07 :  Valid Param: DDR3_USE_CS_PORT ==> 1
MIG: 12:08:07 : 
MIG: 12:08:07 :  Valid Param: DDR3_USE_DM_PORT ==> 1
MIG: 12:08:07 : 
MIG: 12:08:07 :  Valid Param: DDR3_USE_ODT_PORT ==> 1
MIG: 12:08:07 :  Invalid Param: DDR3_IS_CLK_SHARED ==> "FALSE"
MIG: 12:08:07 :  Invalid Param: DDR3_PHY_CONTROL_MASTER_BANK ==> 1
MIG: 12:08:07 :  Invalid Param: DDR3_MEM_DENSITY ==> "4Gb"
MIG: 12:08:07 :  Invalid Param: DDR3_MEM_SPEEDGRADE ==> "107E"
MIG: 12:08:07 :  Invalid Param: DDR3_MEM_DEVICE_WIDTH ==> 8
MIG: 12:08:07 :  Invalid Param: DDR3_AL ==> "0"
MIG: 12:08:07 :  Invalid Param: DDR3_nAL ==> 0
MIG: 12:08:07 :  Invalid Param: DDR3_BURST_MODE ==> "8"
MIG: 12:08:07 :  Invalid Param: DDR3_BURST_TYPE ==> "SEQ"
MIG: 12:08:07 :  Invalid Param: DDR3_CL ==> 6
MIG: 12:08:07 :  Invalid Param: DDR3_CWL ==> 5
MIG: 12:08:07 :  Invalid Param: DDR3_OUTPUT_DRV ==> "HIGH"
MIG: 12:08:07 :  Invalid Param: DDR3_RTT_NOM ==> "40"
MIG: 12:08:07 :  Invalid Param: DDR3_RTT_WR ==> "OFF"
MIG: 12:08:07 :  Invalid Param: DDR3_ADDR_CMD_MODE ==> "1T"
MIG: 12:08:07 : 
MIG: 12:08:07 :  Valid Param: DDR3_REG_CTRL ==> OFF
MIG: 12:08:07 :  Invalid Param: DDR3_CA_MIRROR ==> "OFF"
MIG: 12:08:07 :  Invalid Param: DDR3_VDD_OP_VOLT ==> "150"
MIG: 12:08:07 :  Invalid Param: DDR3_CLKIN_PERIOD ==> 12500
MIG: 12:08:07 :  Invalid Param: DDR3_CLKFBOUT_MULT ==> 16
MIG: 12:08:07 :  Invalid Param: DDR3_DIVCLK_DIVIDE ==> 1
MIG: 12:08:07 :  Invalid Param: DDR3_CLKOUT0_PHASE ==> 315.0
MIG: 12:08:07 :  Invalid Param: DDR3_CLKOUT0_DIVIDE ==> 2
MIG: 12:08:07 :  Invalid Param: DDR3_CLKOUT1_DIVIDE ==> 4
MIG: 12:08:07 :  Invalid Param: DDR3_CLKOUT2_DIVIDE ==> 64
MIG: 12:08:07 :  Invalid Param: DDR3_CLKOUT3_DIVIDE ==> 16
MIG: 12:08:07 :  Invalid Param: DDR3_MMCM_VCO ==> 640
MIG: 12:08:07 :  Invalid Param: DDR3_MMCM_MULT_F ==> 8
MIG: 12:08:07 :  Invalid Param: DDR3_MMCM_DIVCLK_DIVIDE ==> 1
MIG: 12:08:07 :  Invalid Param: DDR3_tCKE ==> 5000
MIG: 12:08:07 :  Invalid Param: DDR3_tFAW ==> 27000
MIG: 12:08:07 :  Invalid Param: DDR3_tPRDI ==> 1_000_000
MIG: 12:08:07 :  Invalid Param: DDR3_tRAS ==> 34000
MIG: 12:08:07 :  Invalid Param: DDR3_tRCD ==> 13910
MIG: 12:08:07 :  Invalid Param: DDR3_tREFI ==> 7800000
MIG: 12:08:07 :  Invalid Param: DDR3_tRFC ==> 260000
MIG: 12:08:07 :  Invalid Param: DDR3_tRP ==> 13910
MIG: 12:08:07 :  Invalid Param: DDR3_tRRD ==> 5000
MIG: 12:08:07 :  Invalid Param: DDR3_tRTP ==> 7500
MIG: 12:08:07 :  Invalid Param: DDR3_tWTR ==> 7500
MIG: 12:08:07 :  Invalid Param: DDR3_tZQI ==> 128_000_000
MIG: 12:08:07 :  Invalid Param: DDR3_tZQCS ==> 64
MIG: 12:08:07 :  Invalid Param: DDR3_SIM_BYPASS_INIT_CAL ==> "OFF"
MIG: 12:08:07 :  Invalid Param: DDR3_SIMULATION ==> "FALSE"
MIG: 12:08:07 :  Invalid Param: DDR3_BYTE_LANES_B0 ==> 4'b1111
MIG: 12:08:07 :  Invalid Param: DDR3_BYTE_LANES_B1 ==> 4'b1110
MIG: 12:08:07 :  Invalid Param: DDR3_BYTE_LANES_B2 ==> 4'b1111
MIG: 12:08:07 :  Invalid Param: DDR3_BYTE_LANES_B3 ==> 4'b0000
MIG: 12:08:07 :  Invalid Param: DDR3_BYTE_LANES_B4 ==> 4'b0000
MIG: 12:08:07 :  Invalid Param: DDR3_DATA_CTL_B0 ==> 4'b1111
MIG: 12:08:07 :  Invalid Param: DDR3_DATA_CTL_B1 ==> 4'b0000
MIG: 12:08:07 :  Invalid Param: DDR3_DATA_CTL_B2 ==> 4'b1111
MIG: 12:08:07 :  Invalid Param: DDR3_DATA_CTL_B3 ==> 4'b0000
MIG: 12:08:07 :  Invalid Param: DDR3_DATA_CTL_B4 ==> 4'b0000
MIG: 12:08:07 :  Invalid Param: DDR3_PHY_0_BITLANES ==> 48'h3FE_1FF_1FF_2FF
MIG: 12:08:07 :  Invalid Param: DDR3_PHY_1_BITLANES ==> 48'hFFE_FF0_CB4_000
MIG: 12:08:07 :  Invalid Param: DDR3_PHY_2_BITLANES ==> 48'h3FE_3FE_3BF_2FF
MIG: 12:08:07 :  Invalid Param: DDR3_CK_BYTE_MAP ==> 144'h00_00_00_00_00_00_00_00_00_00_00_00_00_00_00_00_00_12
MIG: 12:08:07 :  Invalid Param: DDR3_ADDR_MAP ==> 192'h126_127_132_136_135_133_139_124_131_129_137_134_13A_128_138_13B
MIG: 12:08:07 :  Invalid Param: DDR3_BANK_MAP ==> 36'h125_12A_12B
MIG: 12:08:07 :  Invalid Param: DDR3_CAS_MAP ==> 12'h115
MIG: 12:08:07 :  Invalid Param: DDR3_CKE_ODT_BYTE_MAP ==> 8'h00
MIG: 12:08:07 :  Invalid Param: DDR3_CKE_MAP ==> 96'h000_000_000_000_000_000_000_117
MIG: 12:08:07 :  Invalid Param: DDR3_ODT_MAP ==> 96'h000_000_000_000_000_000_000_112
MIG: 12:08:07 :  Invalid Param: DDR3_CS_MAP ==> 120'h000_000_000_000_000_000_000_000_000_114
MIG: 12:08:07 :  Invalid Param: DDR3_PARITY_MAP ==> 12'h000
MIG: 12:08:07 :  Invalid Param: DDR3_RAS_MAP ==> 12'h11A
MIG: 12:08:07 :  Invalid Param: DDR3_WE_MAP ==> 12'h11B
MIG: 12:08:07 :  Invalid Param: DDR3_DQS_BYTE_MAP ==> 144'h00_00_00_00_00_00_00_00_00_00_20_21_22_23_03_02_01_00
MIG: 12:08:07 :  Invalid Param: DDR3_DATA0_MAP ==> 96'h009_000_003_001_007_006_005_002
MIG: 12:08:07 :  Invalid Param: DDR3_DATA1_MAP ==> 96'h014_018_010_011_017_016_012_013
MIG: 12:08:07 :  Invalid Param: DDR3_DATA2_MAP ==> 96'h021_022_025_020_027_023_026_028
MIG: 12:08:07 :  Invalid Param: DDR3_DATA3_MAP ==> 96'h033_039_031_035_032_038_034_037
MIG: 12:08:07 :  Invalid Param: DDR3_DATA4_MAP ==> 96'h231_238_237_236_233_232_234_239
MIG: 12:08:07 :  Invalid Param: DDR3_DATA5_MAP ==> 96'h226_227_225_229_221_222_224_228
MIG: 12:08:07 :  Invalid Param: DDR3_DATA6_MAP ==> 96'h214_215_210_218_217_213_219_212
MIG: 12:08:07 :  Invalid Param: DDR3_DATA7_MAP ==> 96'h207_203_204_206_202_201_205_209
MIG: 12:08:07 :  Invalid Param: DDR3_DATA8_MAP ==> 96'h000_000_000_000_000_000_000_000
MIG: 12:08:07 :  Invalid Param: DDR3_DATA9_MAP ==> 96'h000_000_000_000_000_000_000_000
MIG: 12:08:07 :  Invalid Param: DDR3_DATA10_MAP ==> 96'h000_000_000_000_000_000_000_000
MIG: 12:08:07 :  Invalid Param: DDR3_DATA11_MAP ==> 96'h000_000_000_000_000_000_000_000
MIG: 12:08:07 :  Invalid Param: DDR3_DATA12_MAP ==> 96'h000_000_000_000_000_000_000_000
MIG: 12:08:07 :  Invalid Param: DDR3_DATA13_MAP ==> 96'h000_000_000_000_000_000_000_000
MIG: 12:08:07 :  Invalid Param: DDR3_DATA14_MAP ==> 96'h000_000_000_000_000_000_000_000
MIG: 12:08:07 :  Invalid Param: DDR3_DATA15_MAP ==> 96'h000_000_000_000_000_000_000_000
MIG: 12:08:07 :  Invalid Param: DDR3_DATA16_MAP ==> 96'h000_000_000_000_000_000_000_000
MIG: 12:08:07 :  Invalid Param: DDR3_DATA17_MAP ==> 96'h000_000_000_000_000_000_000_000
MIG: 12:08:07 :  Invalid Param: DDR3_MASK0_MAP ==> 108'h000_200_211_223_235_036_024_015_004
MIG: 12:08:07 :  Invalid Param: DDR3_MASK1_MAP ==> 108'h000_000_000_000_000_000_000_000_000
MIG: 12:08:07 :  Invalid Param: DDR3_SLOT_0_CONFIG ==> 8'b0000_0001
MIG: 12:08:07 :  Invalid Param: DDR3_SLOT_1_CONFIG ==> 8'b0000_0000
MIG: 12:08:07 :  Invalid Param: DDR3_IBUF_LPWR_MODE ==> "OFF"
MIG: 12:08:07 :  Invalid Param: DDR3_DATA_IO_IDLE_PWRDWN ==> "ON"
MIG: 12:08:07 :  Invalid Param: DDR3_BANK_TYPE ==> "HP_IO"
MIG: 12:08:07 :  Invalid Param: DDR3_DATA_IO_PRIM_TYPE ==> "HP_LP"
MIG: 12:08:07 :  Invalid Param: DDR3_CKE_ODT_AUX ==> "FALSE"
MIG: 12:08:07 :  Invalid Param: DDR3_USER_REFRESH ==> "OFF"
MIG: 12:08:07 :  Invalid Param: DDR3_WRLVL ==> "ON"
MIG: 12:08:07 :  Invalid Param: DDR3_ORDERING ==> "NORM"
MIG: 12:08:07 :  Invalid Param: DDR3_CALIB_ROW_ADD ==> 16'h0000
MIG: 12:08:07 :  Invalid Param: DDR3_CALIB_COL_ADD ==> 12'h000
MIG: 12:08:07 :  Invalid Param: DDR3_CALIB_BA_ADD ==> 3'h0
MIG: 12:08:07 :  Invalid Param: DDR3_TCQ ==> 100
MIG: 12:08:07 :  Invalid Param: DDR3_IDELAY_ADJ ==> "OFF"
MIG: 12:08:07 :  Invalid Param: DDR3_FINE_PER_BIT ==> "OFF"
MIG: 12:08:07 :  Invalid Param: DDR3_CENTER_COMP_MODE ==> "OFF"
MIG: 12:08:07 :  Invalid Param: DDR3_PI_VAL_ADJ ==> "OFF"
MIG: 12:08:07 :  Invalid Param: DDR3_IODELAY_GRP0 ==> "MIG_7SERIES_0_IODELAY_MIG0"
MIG: 12:08:07 :  Invalid Param: DDR3_IODELAY_GRP1 ==> "MIG_7SERIES_0_IODELAY_MIG1"
MIG: 12:08:07 :  Invalid Param: DDR3_SYSCLK_TYPE ==> "NO_BUFFER"
MIG: 12:08:07 :  Invalid Param: DDR3_REFCLK_TYPE ==> "NO_BUFFER"
MIG: 12:08:07 :  Invalid Param: DDR3_SYS_RST_PORT ==> "FALSE"
MIG: 12:08:07 :  Invalid Param: DDR3_FPGA_SPEED_GRADE ==> 1
MIG: 12:08:07 :  Invalid Param: DDR3_CMD_PIPE_PLUS1 ==> "ON"
MIG: 12:08:07 :  Invalid Param: DDR3_DRAM_TYPE ==> "DDR3"
MIG: 12:08:07 :  Invalid Param: DDR3_CAL_WIDTH ==> "HALF"
MIG: 12:08:07 :  Invalid Param: DDR3_STARVE_LIMIT ==> 2
MIG: 12:08:07 :  Invalid Param: DDR3_REF_CLK_MMCM_IODELAY_CTRL ==> "FALSE"
MIG: 12:08:07 :  Invalid Param: DDR3_REFCLK_FREQ ==> 200.0
MIG: 12:08:07 :  Invalid Param: DDR3_DIFF_TERM_REFCLK ==> "TRUE"
MIG: 12:08:07 :  Invalid Param: DDR3_tCK ==> 3125
MIG: 12:08:07 : 
MIG: 12:08:07 :  Valid Param: DDR3_nCK_PER_CLK ==> 4
MIG: 12:08:07 :  Invalid Param: DDR3_DIFF_TERM_SYSCLK ==> "TRUE"
MIG: 12:08:07 : 
MIG: 12:08:07 :  Valid Param: DDR3_DEBUG_PORT ==> OFF
MIG: 12:08:07 : 
MIG: 12:08:07 :  Invalid Param: DDR3_TEMP_MON_CONTROL ==> "INTERNAL"
MIG: 12:08:07 :  Invalid Param: DDR3_FPGA_VOLT_TYPE ==> "N"
MIG: 12:08:07 :  Invalid Param: DDR3_RST_ACT_LOW ==> 1
MIG: 12:08:07 : 
MIG: 12:08:07 : 
MIG: 12:08:07 : 
MIG: 12:08:07 : Same Interface
MIG: 12:08:27 : Running synthesis.xit
MIG: 12:08:27 : IGN:     <ModuleName>mig_7series_0</ModuleName> <==>     <ModuleName>mig_7series_0</ModuleName> 
MIG: 12:08:27 : IGN:         <InputClkFreq>80</InputClkFreq> <==>         <InputClkFreq>80</InputClkFreq> 
MIG: 12:08:28 : Running vlog_synth_rpr.xit
MIG: 12:08:28 : IGN:     <ModuleName>mig_7series_0</ModuleName> <==>     <ModuleName>mig_7series_0</ModuleName> 
MIG: 12:08:28 : IGN:         <InputClkFreq>80</InputClkFreq> <==>         <InputClkFreq>80</InputClkFreq> 
MIG: 12:08:28 : Running simulation.xit
MIG: 12:08:28 : IGN:     <ModuleName>mig_7series_0</ModuleName> <==>     <ModuleName>mig_7series_0</ModuleName> 
MIG: 12:08:28 : IGN:         <InputClkFreq>80</InputClkFreq> <==>         <InputClkFreq>80</InputClkFreq> 
MIG: 12:08:29 : Running vlog_sim_rpr.xit .. PRASAD DBG1
MIG: 12:08:29 : IGN:     <ModuleName>mig_7series_0</ModuleName> <==>     <ModuleName>mig_7series_0</ModuleName> 
MIG: 12:08:29 : IGN:         <InputClkFreq>80</InputClkFreq> <==>         <InputClkFreq>80</InputClkFreq> 
MIG: 12:08:29 : Running implementation.xit
MIG: 12:08:29 : IGN:     <ModuleName>mig_7series_0</ModuleName> <==>     <ModuleName>mig_7series_0</ModuleName> 
MIG: 12:08:29 : IGN:         <InputClkFreq>80</InputClkFreq> <==>         <InputClkFreq>80</InputClkFreq> 
MIG: 13:22:48 : xml_input_file: mig_b.prj
MIG: 13:22:48 : Absolute path of xml_input_file: c:/Users/loser/Desktop/gth_phase_2G_DDR/GTH_ex.srcs/sources_1/ip/mig_7series_0/mig_b.prj
MIG: 13:22:48 : xml_input_file: mig_b.prj
MIG: 13:22:48 : Absolute path of xml_input_file: c:/Users/loser/Desktop/gth_phase_2G_DDR/GTH_ex.srcs/sources_1/ip/mig_7series_0/mig_b.prj
