Copyright 1986-2017 Xilinx, Inc. All Rights Reserved.
-------------------------------------------------------------------------------------------------------------
| Tool Version : Vivado v.2017.4 (win64) Build 2086221 Fri Dec 15 20:55:39 MST 2017
| Date         : Tue Aug 16 13:48:09 2022
| Host         : LAPTOP-4KAH9RNQ running 64-bit major release  (build 9200)
| Command      : report_utilization -file GTH_exdes_utilization_synth.rpt -pb GTH_exdes_utilization_synth.pb
| Design       : GTH_exdes
| Device       : 7vx690tffg1761-1
| Design State : Synthesized
-------------------------------------------------------------------------------------------------------------

Utilization Design Information

Table of Contents
-----------------
1. Slice Logic
1.1 Summary of Registers by Type
2. Memory
3. DSP
4. IO and GT Specific
5. Clocking
6. Specific Feature
7. Primitives
8. Black Boxes
9. Instantiated Netlists

1. Slice Logic
--------------

+-------------------------+-------+-------+-----------+-------+
|        Site Type        |  Used | Fixed | Available | Util% |
+-------------------------+-------+-------+-----------+-------+
| Slice LUTs*             | 20254 |     0 |    433200 |  4.68 |
|   LUT as Logic          | 20254 |     0 |    433200 |  4.68 |
|   LUT as Memory         |     0 |     0 |    174200 |  0.00 |
| Slice Registers         | 25524 |     0 |    866400 |  2.95 |
|   Register as Flip Flop | 25520 |     0 |    866400 |  2.95 |
|   Register as Latch     |     4 |     0 |    866400 | <0.01 |
| F7 Muxes                |  3341 |     0 |    216600 |  1.54 |
| F8 Muxes                |  1557 |     0 |    108300 |  1.44 |
+-------------------------+-------+-------+-----------+-------+
* Warning! The Final LUT count, after physical optimizations and full implementation, is typically lower. Run opt_design after synthesis, if not already completed, for a more realistic count.


1.1 Summary of Registers by Type
--------------------------------

+-------+--------------+-------------+--------------+
| Total | Clock Enable | Synchronous | Asynchronous |
+-------+--------------+-------------+--------------+
| 0     |            _ |           - |            - |
| 0     |            _ |           - |          Set |
| 0     |            _ |           - |        Reset |
| 0     |            _ |         Set |            - |
| 0     |            _ |       Reset |            - |
| 0     |          Yes |           - |            - |
| 4     |          Yes |           - |          Set |
| 214   |          Yes |           - |        Reset |
| 8     |          Yes |         Set |            - |
| 25298 |          Yes |       Reset |            - |
+-------+--------------+-------------+--------------+


2. Memory
---------

+-------------------+------+-------+-----------+-------+
|     Site Type     | Used | Fixed | Available | Util% |
+-------------------+------+-------+-----------+-------+
| Block RAM Tile    |  456 |     0 |      1470 | 31.02 |
|   RAMB36/FIFO*    |  456 |     0 |      1470 | 31.02 |
|     RAMB36E1 only |  456 |       |           |       |
|   RAMB18          |    0 |     0 |      2940 |  0.00 |
+-------------------+------+-------+-----------+-------+
* Note: Each Block RAM Tile only has one FIFO logic available and therefore can accommodate only one FIFO36E1 or one FIFO18E1. However, if a FIFO18E1 occupies a Block RAM Tile, that tile can still accommodate a RAMB18E1


3. DSP
------

+-----------+------+-------+-----------+-------+
| Site Type | Used | Fixed | Available | Util% |
+-----------+------+-------+-----------+-------+
| DSPs      |    0 |     0 |      3600 |  0.00 |
+-----------+------+-------+-----------+-------+


4. IO and GT Specific
---------------------

+-----------------------------+------+-------+-----------+-------+
|          Site Type          | Used | Fixed | Available | Util% |
+-----------------------------+------+-------+-----------+-------+
| Bonded IOB                  |   16 |     0 |       850 |  1.88 |
| Bonded IPADs                |    0 |     0 |       110 |  0.00 |
| Bonded OPADs                |    0 |     0 |        72 |  0.00 |
| PHY_CONTROL                 |    0 |     0 |        20 |  0.00 |
| PHASER_REF                  |    0 |     0 |        20 |  0.00 |
| OUT_FIFO                    |    0 |     0 |        80 |  0.00 |
| IN_FIFO                     |    0 |     0 |        80 |  0.00 |
| IDELAYCTRL                  |    0 |     0 |        20 |  0.00 |
| IBUFDS                      |    1 |     0 |       816 |  0.12 |
| GTHE2_CHANNEL               |    0 |     0 |        36 |  0.00 |
| PHASER_OUT/PHASER_OUT_PHY   |    0 |     0 |        80 |  0.00 |
| PHASER_IN/PHASER_IN_PHY     |    0 |     0 |        80 |  0.00 |
| IDELAYE2/IDELAYE2_FINEDELAY |    0 |     0 |      1000 |  0.00 |
| ODELAYE2/ODELAYE2_FINEDELAY |    0 |     0 |      1000 |  0.00 |
| IBUFDS_GTE2                 |    0 |     0 |        18 |  0.00 |
| ILOGIC                      |    0 |     0 |       850 |  0.00 |
| OLOGIC                      |    0 |     0 |       850 |  0.00 |
+-----------------------------+------+-------+-----------+-------+


5. Clocking
-----------

+------------+------+-------+-----------+-------+
|  Site Type | Used | Fixed | Available | Util% |
+------------+------+-------+-----------+-------+
| BUFGCTRL   |    2 |     0 |        32 |  6.25 |
| BUFIO      |    0 |     0 |        80 |  0.00 |
| MMCME2_ADV |    0 |     0 |        20 |  0.00 |
| PLLE2_ADV  |    0 |     0 |        20 |  0.00 |
| BUFMRCE    |    0 |     0 |        40 |  0.00 |
| BUFHCE     |    0 |     0 |       240 |  0.00 |
| BUFR       |    0 |     0 |        80 |  0.00 |
+------------+------+-------+-----------+-------+


6. Specific Feature
-------------------

+-------------+------+-------+-----------+-------+
|  Site Type  | Used | Fixed | Available | Util% |
+-------------+------+-------+-----------+-------+
| BSCANE2     |    0 |     0 |         4 |  0.00 |
| CAPTUREE2   |    0 |     0 |         1 |  0.00 |
| DNA_PORT    |    0 |     0 |         1 |  0.00 |
| EFUSE_USR   |    0 |     0 |         1 |  0.00 |
| FRAME_ECCE2 |    0 |     0 |         1 |  0.00 |
| ICAPE2      |    0 |     0 |         2 |  0.00 |
| PCIE_3_0    |    0 |     0 |         3 |  0.00 |
| STARTUPE2   |    0 |     0 |         1 |  0.00 |
| XADC        |    0 |     0 |         1 |  0.00 |
+-------------+------+-------+-----------+-------+


7. Primitives
-------------

+--------------+-------+---------------------+
|   Ref Name   |  Used | Functional Category |
+--------------+-------+---------------------+
| FDRE         | 25298 |        Flop & Latch |
| LUT4         |  8478 |                 LUT |
| LUT3         |  8383 |                 LUT |
| LUT6         |  7109 |                 LUT |
| MUXF7        |  3341 |               MuxFx |
| MUXF8        |  1557 |               MuxFx |
| RAMB36E1     |   456 |        Block Memory |
| LUT5         |   325 |                 LUT |
| LUT2         |   272 |                 LUT |
| FDCE         |   211 |        Flop & Latch |
| CARRY4       |   102 |          CarryLogic |
| LUT1         |    23 |                 LUT |
| IBUF         |     8 |                  IO |
| FDSE         |     8 |        Flop & Latch |
| OBUF         |     6 |                  IO |
| LDCE         |     3 |        Flop & Latch |
| FDPE         |     3 |        Flop & Latch |
| BUFG         |     2 |               Clock |
| LDPE         |     1 |        Flop & Latch |
| IBUFDS       |     1 |                  IO |
| GTHE2_COMMON |     1 |                  IO |
+--------------+-------+---------------------+


8. Black Boxes
--------------

+---------------+------+
|    Ref Name   | Used |
+---------------+------+
| multiplier    |    4 |
| FIFO          |    4 |
| arctan        |    2 |
| FFT           |    2 |
| phase_number  |    1 |
| mult_gen_0    |    1 |
| mig_7series_0 |    1 |
| ila_1         |    1 |
| ila_0         |    1 |
| GTH           |    1 |
| CLK_RD        |    1 |
+---------------+------+


9. Instantiated Netlists
------------------------

+----------+------+
| Ref Name | Used |
+----------+------+


