==============================================================================
Library 'ldpc_v1_0_1' compilation error(s)
==============================================================================
** Warning: (vlog-159) Mode option -64 is not supported in this context and will be ignored.
Model Technology ModelSim SE-64 vlog 10.6d Compiler 2018.02 Feb 24 2018
Start time: 17:00:36 on Aug 13,2022
vlog -64 -L fec_5g_common_v1_0_0 -L ldpc_v1_0_1 "+incdir+C:\Users\loser\Desktop\gth_phase_2G\.cxl.ip/incl" -sv -work ldpc_v1_0_1 -f D:\modesim\xilinx lib/ldpc_v1_0_1/.cxl.systemverilog.ldpc_v1_0_1.ldpc_v1_0_1.nt64.cmf 
** Warning: D:/Vivado/Vivado/2017.4/data/ip/xilinx/ldpc_v1_0/hdl/ldpc_v1_0_rfs.sv(64): (vlog-2583) [SVCHK] - Some checking for conflicts with always_comb and always_latch variables not yet supported. Run vopt to provide additional design-level checks.
** Warning: D:/Vivado/Vivado/2017.4/data/ip/xilinx/ldpc_v1_0/hdl/ldpc_v1_0_rfs.sv(64): (vlog-2583) [SVCHK] - Some checking for conflicts with always_comb and always_latch variables not yet supported. Run vopt to provide additional design-level checks.
** Warning: D:/Vivado/Vivado/2017.4/data/ip/xilinx/ldpc_v1_0/hdl/ldpc_v1_0_rfs.sv(64): (vlog-2583) [SVCHK] - Some checking for conflicts with always_comb and always_latch variables not yet supported. Run vopt to provide additional design-level checks.
** Warning: D:/Vivado/Vivado/2017.4/data/ip/xilinx/ldpc_v1_0/hdl/ldpc_v1_0_rfs.sv(64): (vlog-2583) [SVCHK] - Some checking for conflicts with always_comb and always_latch variables not yet supported. Run vopt to provide additional design-level checks.
** Warning: D:/Vivado/Vivado/2017.4/data/ip/xilinx/ldpc_v1_0/hdl/ldpc_v1_0_rfs.sv(64): (vlog-2583) [SVCHK] - Some checking for conflicts with always_comb and always_latch variables not yet supported. Run vopt to provide additional design-level checks.
** Warning: D:/Vivado/Vivado/2017.4/data/ip/xilinx/ldpc_v1_0/hdl/ldpc_v1_0_rfs.sv(64): (vlog-2583) [SVCHK] - Some checking for conflicts with always_comb and always_latch variables not yet supported. Run vopt to provide additional design-level checks.
** Warning: D:/Vivado/Vivado/2017.4/data/ip/xilinx/ldpc_v1_0/hdl/ldpc_v1_0_rfs.sv(64): (vlog-2583) [SVCHK] - Some checking for conflicts with always_comb and always_latch variables not yet supported. Run vopt to provide additional design-level checks.
** Warning: D:/Vivado/Vivado/2017.4/data/ip/xilinx/ldpc_v1_0/hdl/ldpc_v1_0_rfs.sv(64): (vlog-2583) [SVCHK] - Some checking for conflicts with always_comb and always_latch variables not yet supported. Run vopt to provide additional design-level checks.
** Warning: D:/Vivado/Vivado/2017.4/data/ip/xilinx/ldpc_v1_0/hdl/ldpc_v1_0_rfs.sv(64): (vlog-2583) [SVCHK] - Some checking for conflicts with always_comb and always_latch variables not yet supported. Run vopt to provide additional design-level checks.
** Warning: D:/Vivado/Vivado/2017.4/data/ip/xilinx/ldpc_v1_0/hdl/ldpc_v1_0_rfs.sv(64): (vlog-2583) [SVCHK] - Some checking for conflicts with always_comb and always_latch variables not yet supported. Run vopt to provide additional design-level checks.
** Warning: D:/Vivado/Vivado/2017.4/data/ip/xilinx/ldpc_v1_0/hdl/ldpc_v1_0_rfs.sv(64): (vlog-2583) [SVCHK] - Some checking for conflicts with always_comb and always_latch variables not yet supported. Run vopt to provide additional design-level checks.
** Warning: D:/Vivado/Vivado/2017.4/data/ip/xilinx/ldpc_v1_0/hdl/ldpc_v1_0_rfs.sv(64): (vlog-2583) [SVCHK] - Some checking for conflicts with always_comb and always_latch variables not yet supported. Run vopt to provide additional design-level checks.
** Warning: D:/Vivado/Vivado/2017.4/data/ip/xilinx/ldpc_v1_0/hdl/ldpc_v1_0_rfs.sv(64): (vlog-2583) [SVCHK] - Some checking for conflicts with always_comb and always_latch variables not yet supported. Run vopt to provide additional design-level checks.
** Warning: D:/Vivado/Vivado/2017.4/data/ip/xilinx/ldpc_v1_0/hdl/ldpc_v1_0_rfs.sv(64): (vlog-2583) [SVCHK] - Some checking for conflicts with always_comb and always_latch variables not yet supported. Run vopt to provide additional design-level checks.
** Warning: D:/Vivado/Vivado/2017.4/data/ip/xilinx/ldpc_v1_0/hdl/ldpc_v1_0_rfs.sv(64): (vlog-2583) [SVCHK] - Some checking for conflicts with always_comb and always_latch variables not yet supported. Run vopt to provide additional design-level checks.
** Warning: D:/Vivado/Vivado/2017.4/data/ip/xilinx/ldpc_v1_0/hdl/ldpc_v1_0_rfs.sv(64): (vlog-2583) [SVCHK] - Some checking for conflicts with always_comb and always_latch variables not yet supported. Run vopt to provide additional design-level checks.
** Warning: D:/Vivado/Vivado/2017.4/data/ip/xilinx/ldpc_v1_0/hdl/ldpc_v1_0_rfs.sv(64): (vlog-2583) [SVCHK] - Some checking for conflicts with always_comb and always_latch variables not yet supported. Run vopt to provide additional design-level checks.
** Warning: D:/Vivado/Vivado/2017.4/data/ip/xilinx/ldpc_v1_0/hdl/ldpc_v1_0_rfs.sv(64): (vlog-2583) [SVCHK] - Some checking for conflicts with always_comb and always_latch variables not yet supported. Run vopt to provide additional design-level checks.
** Warning: D:/Vivado/Vivado/2017.4/data/ip/xilinx/ldpc_v1_0/hdl/ldpc_v1_0_rfs.sv(64): (vlog-2583) [SVCHK] - Some checking for conflicts with always_comb and always_latch variables not yet supported. Run vopt to provide additional design-level checks.
** Warning: D:/Vivado/Vivado/2017.4/data/ip/xilinx/ldpc_v1_0/hdl/ldpc_v1_0_rfs.sv(64): (vlog-2583) [SVCHK] - Some checking for conflicts with always_comb and always_latch variables not yet supported. Run vopt to provide additional design-level checks.
** Warning: D:/Vivado/Vivado/2017.4/data/ip/xilinx/ldpc_v1_0/hdl/ldpc_v1_0_rfs.sv(64): (vlog-2583) [SVCHK] - Some checking for conflicts with always_comb and always_latch variables not yet supported. Run vopt to provide additional design-level checks.
** Warning: D:/Vivado/Vivado/2017.4/data/ip/xilinx/ldpc_v1_0/hdl/ldpc_v1_0_rfs.sv(64): (vlog-2583) [SVCHK] - Some checking for conflicts with always_comb and always_latch variables not yet supported. Run vopt to provide additional design-level checks.
** Warning: D:/Vivado/Vivado/2017.4/data/ip/xilinx/ldpc_v1_0/hdl/ldpc_v1_0_rfs.sv(64): (vlog-2583) [SVCHK] - Some checking for conflicts with always_comb and always_latch variables not yet supported. Run vopt to provide additional design-level checks.
** Warning: D:/Vivado/Vivado/2017.4/data/ip/xilinx/ldpc_v1_0/hdl/ldpc_v1_0_rfs.sv(64): (vlog-2583) [SVCHK] - Some checking for conflicts with always_comb and always_latch variables not yet supported. Run vopt to provide additional design-level checks.
** Warning: D:/Vivado/Vivado/2017.4/data/ip/xilinx/ldpc_v1_0/hdl/ldpc_v1_0_rfs.sv(64): (vlog-2583) [SVCHK] - Some checking for conflicts with always_comb and always_latch variables not yet supported. Run vopt to provide additional design-level checks.
** Warning: D:/Vivado/Vivado/2017.4/data/ip/xilinx/ldpc_v1_0/hdl/ldpc_v1_0_rfs.sv(64): (vlog-2583) [SVCHK] - Some checking for conflicts with always_comb and always_latch variables not yet supported. Run vopt to provide additional design-level checks.
** Warning: D:/Vivado/Vivado/2017.4/data/ip/xilinx/ldpc_v1_0/hdl/ldpc_v1_0_rfs.sv(64): (vlog-2583) [SVCHK] - Some checking for conflicts with always_comb and always_latch variables not yet supported. Run vopt to provide additional design-level checks.
** Warning: D:/Vivado/Vivado/2017.4/data/ip/xilinx/ldpc_v1_0/hdl/ldpc_v1_0_rfs.sv(64): (vlog-2583) [SVCHK] - Some checking for conflicts with always_comb and always_latch variables not yet supported. Run vopt to provide additional design-level checks.
** Warning: D:/Vivado/Vivado/2017.4/data/ip/xilinx/ldpc_v1_0/hdl/ldpc_v1_0_rfs.sv(64): (vlog-2583) [SVCHK] - Some checking for conflicts with always_comb and always_latch variables not yet supported. Run vopt to provide additional design-level checks.
** Warning: D:/Vivado/Vivado/2017.4/data/ip/xilinx/ldpc_v1_0/hdl/ldpc_v1_0_rfs.sv(64): (vlog-2583) [SVCHK] - Some checking for conflicts with always_comb and always_latch variables not yet supported. Run vopt to provide additional design-level checks.
** Warning: D:/Vivado/Vivado/2017.4/data/ip/xilinx/ldpc_v1_0/hdl/ldpc_v1_0_rfs.sv(64): (vlog-2583) [SVCHK] - Some checking for conflicts with always_comb and always_latch variables not yet supported. Run vopt to provide additional design-level checks.
** Warning: D:/Vivado/Vivado/2017.4/data/ip/xilinx/ldpc_v1_0/hdl/ldpc_v1_0_rfs.sv(64): (vlog-2583) [SVCHK] - Some checking for conflicts with always_comb and always_latch variables not yet supported. Run vopt to provide additional design-level checks.
** Warning: D:/Vivado/Vivado/2017.4/data/ip/xilinx/ldpc_v1_0/hdl/ldpc_v1_0_rfs.sv(64): (vlog-2583) [SVCHK] - Some checking for conflicts with always_comb and always_latch variables not yet supported. Run vopt to provide additional design-level checks.
** Warning: D:/Vivado/Vivado/2017.4/data/ip/xilinx/ldpc_v1_0/hdl/ldpc_v1_0_rfs.sv(64): (vlog-2583) [SVCHK] - Some checking for conflicts with always_comb and always_latch variables not yet supported. Run vopt to provide additional design-level checks.
** Warning: D:/Vivado/Vivado/2017.4/data/ip/xilinx/ldpc_v1_0/hdl/ldpc_v1_0_rfs.sv(64): (vlog-2583) [SVCHK] - Some checking for conflicts with always_comb and always_latch variables not yet supported. Run vopt to provide additional design-level checks.
** Warning: D:/Vivado/Vivado/2017.4/data/ip/xilinx/ldpc_v1_0/hdl/ldpc_v1_0_rfs.sv(64): (vlog-2583) [SVCHK] - Some checking for conflicts with always_comb and always_latch variables not yet supported. Run vopt to provide additional design-level checks.
** Warning: D:/Vivado/Vivado/2017.4/data/ip/xilinx/ldpc_v1_0/hdl/ldpc_v1_0_rfs.sv(64): (vlog-2583) [SVCHK] - Some checking for conflicts with always_comb and always_latch variables not yet supported. Run vopt to provide additional design-level checks.
** Warning: D:/Vivado/Vivado/2017.4/data/ip/xilinx/ldpc_v1_0/hdl/ldpc_v1_0_rfs.sv(64): (vlog-2583) [SVCHK] - Some checking for conflicts with always_comb and always_latch variables not yet supported. Run vopt to provide additional design-level checks.
** Warning: D:/Vivado/Vivado/2017.4/data/ip/xilinx/ldpc_v1_0/hdl/ldpc_v1_0_rfs.sv(64): (vlog-2583) [SVCHK] - Some checking for conflicts with always_comb and always_latch variables not yet supported. Run vopt to provide additional design-level checks.
** Warning: D:/Vivado/Vivado/2017.4/data/ip/xilinx/ldpc_v1_0/hdl/ldpc_v1_0_rfs.sv(64): (vlog-2583) [SVCHK] - Some checking for conflicts with always_comb and always_latch variables not yet supported. Run vopt to provide additional design-level checks.
** Warning: D:/Vivado/Vivado/2017.4/data/ip/xilinx/ldpc_v1_0/hdl/ldpc_v1_0_rfs.sv(64): (vlog-2583) [SVCHK] - Some checking for conflicts with always_comb and always_latch variables not yet supported. Run vopt to provide additional design-level checks.
** Warning: D:/Vivado/Vivado/2017.4/data/ip/xilinx/ldpc_v1_0/hdl/ldpc_v1_0_rfs.sv(64): (vlog-2583) [SVCHK] - Some checking for conflicts with always_comb and always_latch variables not yet supported. Run vopt to provide additional design-level checks.
** Warning: D:/Vivado/Vivado/2017.4/data/ip/xilinx/ldpc_v1_0/hdl/ldpc_v1_0_rfs.sv(64): (vlog-2583) [SVCHK] - Some checking for conflicts with always_comb and always_latch variables not yet supported. Run vopt to provide additional design-level checks.
** Warning: D:/Vivado/Vivado/2017.4/data/ip/xilinx/ldpc_v1_0/hdl/ldpc_v1_0_rfs.sv(64): (vlog-2583) [SVCHK] - Some checking for conflicts with always_comb and always_latch variables not yet supported. Run vopt to provide additional design-level checks.
** Warning: D:/Vivado/Vivado/2017.4/data/ip/xilinx/ldpc_v1_0/hdl/ldpc_v1_0_rfs.sv(64): (vlog-2583) [SVCHK] - Some checking for conflicts with always_comb and always_latch variables not yet supported. Run vopt to provide additional design-level checks.
** Warning: D:/Vivado/Vivado/2017.4/data/ip/xilinx/ldpc_v1_0/hdl/ldpc_v1_0_rfs.sv(64): (vlog-2583) [SVCHK] - Some checking for conflicts with always_comb and always_latch variables not yet supported. Run vopt to provide additional design-level checks.
** Warning: D:/Vivado/Vivado/2017.4/data/ip/xilinx/ldpc_v1_0/hdl/ldpc_v1_0_rfs.sv(64): (vlog-2583) [SVCHK] - Some checking for conflicts with always_comb and always_latch variables not yet supported. Run vopt to provide additional design-level checks.
** Warning: D:/Vivado/Vivado/2017.4/data/ip/xilinx/ldpc_v1_0/hdl/ldpc_v1_0_rfs.sv(64): (vlog-2583) [SVCHK] - Some checking for conflicts with always_comb and always_latch variables not yet supported. Run vopt to provide additional design-level checks.
** Warning: D:/Vivado/Vivado/2017.4/data/ip/xilinx/ldpc_v1_0/hdl/ldpc_v1_0_rfs.sv(64): (vlog-2583) [SVCHK] - Some checking for conflicts with always_comb and always_latch variables not yet supported. Run vopt to provide additional design-level checks.
** Warning: D:/Vivado/Vivado/2017.4/data/ip/xilinx/ldpc_v1_0/hdl/ldpc_v1_0_rfs.sv(64): (vlog-2583) [SVCHK] - Some checking for conflicts with always_comb and always_latch variables not yet supported. Run vopt to provide additional design-level checks.
** Warning: D:/Vivado/Vivado/2017.4/data/ip/xilinx/ldpc_v1_0/hdl/ldpc_v1_0_rfs.sv(64): (vlog-2583) [SVCHK] - Some checking for conflicts with always_comb and always_latch variables not yet supported. Run vopt to provide additional design-level checks.
** Warning: D:/Vivado/Vivado/2017.4/data/ip/xilinx/ldpc_v1_0/hdl/ldpc_v1_0_rfs.sv(64): (vlog-2583) [SVCHK] - Some checking for conflicts with always_comb and always_latch variables not yet supported. Run vopt to provide additional design-level checks.
** Warning: D:/Vivado/Vivado/2017.4/data/ip/xilinx/ldpc_v1_0/hdl/ldpc_v1_0_rfs.sv(64): (vlog-2583) [SVCHK] - Some checking for conflicts with always_comb and always_latch variables not yet supported. Run vopt to provide additional design-level checks.
** Warning: D:/Vivado/Vivado/2017.4/data/ip/xilinx/ldpc_v1_0/hdl/ldpc_v1_0_rfs.sv(64): (vlog-2583) [SVCHK] - Some checking for conflicts with always_comb and always_latch variables not yet supported. Run vopt to provide additional design-level checks.
** Warning: D:/Vivado/Vivado/2017.4/data/ip/xilinx/ldpc_v1_0/hdl/ldpc_v1_0_rfs.sv(64): (vlog-2583) [SVCHK] - Some checking for conflicts with always_comb and always_latch variables not yet supported. Run vopt to provide additional design-level checks.
** Warning: D:/Vivado/Vivado/2017.4/data/ip/xilinx/ldpc_v1_0/hdl/ldpc_v1_0_rfs.sv(64): (vlog-2583) [SVCHK] - Some checking for conflicts with always_comb and always_latch variables not yet supported. Run vopt to provide additional design-level checks.
** Warning: D:/Vivado/Vivado/2017.4/data/ip/xilinx/ldpc_v1_0/hdl/ldpc_v1_0_rfs.sv(64): (vlog-2583) [SVCHK] - Some checking for conflicts with always_comb and always_latch variables not yet supported. Run vopt to provide additional design-level checks.
** Warning: D:/Vivado/Vivado/2017.4/data/ip/xilinx/ldpc_v1_0/hdl/ldpc_v1_0_rfs.sv(64): (vlog-2583) [SVCHK] - Some checking for conflicts with always_comb and always_latch variables not yet supported. Run vopt to provide additional design-level checks.
** Warning: D:/Vivado/Vivado/2017.4/data/ip/xilinx/ldpc_v1_0/hdl/ldpc_v1_0_rfs.sv(64): (vlog-2583) [SVCHK] - Some checking for conflicts with always_comb and always_latch variables not yet supported. Run vopt to provide additional design-level checks.
** Warning: D:/Vivado/Vivado/2017.4/data/ip/xilinx/ldpc_v1_0/hdl/ldpc_v1_0_rfs.sv(64): (vlog-2583) [SVCHK] - Some checking for conflicts with always_comb and always_latch variables not yet supported. Run vopt to provide additional design-level checks.
** Warning: D:/Vivado/Vivado/2017.4/data/ip/xilinx/ldpc_v1_0/hdl/ldpc_v1_0_rfs.sv(64): (vlog-2583) [SVCHK] - Some checking for conflicts with always_comb and always_latch variables not yet supported. Run vopt to provide additional design-level checks.
** Warning: D:/Vivado/Vivado/2017.4/data/ip/xilinx/ldpc_v1_0/hdl/ldpc_v1_0_rfs.sv(64): (vlog-2583) [SVCHK] - Some checking for conflicts with always_comb and always_latch variables not yet supported. Run vopt to provide additional design-level checks.
** Warning: D:/Vivado/Vivado/2017.4/data/ip/xilinx/ldpc_v1_0/hdl/ldpc_v1_0_rfs.sv(64): (vlog-2583) [SVCHK] - Some checking for conflicts with always_comb and always_latch variables not yet supported. Run vopt to provide additional design-level checks.
** Warning: D:/Vivado/Vivado/2017.4/data/ip/xilinx/ldpc_v1_0/hdl/ldpc_v1_0_rfs.sv(64): (vlog-2583) [SVCHK] - Some checking for conflicts with always_comb and always_latch variables not yet supported. Run vopt to provide additional design-level checks.
** Warning: D:/Vivado/Vivado/2017.4/data/ip/xilinx/ldpc_v1_0/hdl/ldpc_v1_0_rfs.sv(64): (vlog-2583) [SVCHK] - Some checking for conflicts with always_comb and always_latch variables not yet supported. Run vopt to provide additional design-level checks.
** Warning: D:/Vivado/Vivado/2017.4/data/ip/xilinx/ldpc_v1_0/hdl/ldpc_v1_0_rfs.sv(64): (vlog-2583) [SVCHK] - Some checking for conflicts with always_comb and always_latch variables not yet supported. Run vopt to provide additional design-level checks.
** Warning: D:/Vivado/Vivado/2017.4/data/ip/xilinx/ldpc_v1_0/hdl/ldpc_v1_0_rfs.sv(64): (vlog-2583) [SVCHK] - Some checking for conflicts with always_comb and always_latch variables not yet supported. Run vopt to provide additional design-level checks.
** Warning: D:/Vivado/Vivado/2017.4/data/ip/xilinx/ldpc_v1_0/hdl/ldpc_v1_0_rfs.sv(64): (vlog-2583) [SVCHK] - Some checking for conflicts with always_comb and always_latch variables not yet supported. Run vopt to provide additional design-level checks.
** Warning: D:/Vivado/Vivado/2017.4/data/ip/xilinx/ldpc_v1_0/hdl/ldpc_v1_0_rfs.sv(64): (vlog-2583) [SVCHK] - Some checking for conflicts with always_comb and always_latch variables not yet supported. Run vopt to provide additional design-level checks.
** Warning: D:/Vivado/Vivado/2017.4/data/ip/xilinx/ldpc_v1_0/hdl/ldpc_v1_0_rfs.sv(64): (vlog-2583) [SVCHK] - Some checking for conflicts with always_comb and always_latch variables not yet supported. Run vopt to provide additional design-level checks.
** Warning: D:/Vivado/Vivado/2017.4/data/ip/xilinx/ldpc_v1_0/hdl/ldpc_v1_0_rfs.sv(64): (vlog-2583) [SVCHK] - Some checking for conflicts with always_comb and always_latch variables not yet supported. Run vopt to provide additional design-level checks.
** Warning: D:/Vivado/Vivado/2017.4/data/ip/xilinx/ldpc_v1_0/hdl/ldpc_v1_0_rfs.sv(64): (vlog-2583) [SVCHK] - Some checking for conflicts with always_comb and always_latch variables not yet supported. Run vopt to provide additional design-level checks.
** Warning: D:/Vivado/Vivado/2017.4/data/ip/xilinx/ldpc_v1_0/hdl/ldpc_v1_0_rfs.sv(64): (vlog-2583) [SVCHK] - Some checking for conflicts with always_comb and always_latch variables not yet supported. Run vopt to provide additional design-level checks.
** Warning: D:/Vivado/Vivado/2017.4/data/ip/xilinx/ldpc_v1_0/hdl/ldpc_v1_0_rfs.sv(64): (vlog-2583) [SVCHK] - Some checking for conflicts with always_comb and always_latch variables not yet supported. Run vopt to provide additional design-level checks.
** Warning: D:/Vivado/Vivado/2017.4/data/ip/xilinx/ldpc_v1_0/hdl/ldpc_v1_0_rfs.sv(64): (vlog-2583) [SVCHK] - Some checking for conflicts with always_comb and always_latch variables not yet supported. Run vopt to provide additional design-level checks.
** Warning: D:/Vivado/Vivado/2017.4/data/ip/xilinx/ldpc_v1_0/hdl/ldpc_v1_0_rfs.sv(64): (vlog-2583) [SVCHK] - Some checking for conflicts with always_comb and always_latch variables not yet supported. Run vopt to provide additional design-level checks.
** Error: D:/Vivado/Vivado/2017.4/data/ip/xilinx/ldpc_v1_0/hdl/ldpc_v1_0_rfs.sv(64): in protected region
** Error: D:/Vivado/Vivado/2017.4/data/ip/xilinx/ldpc_v1_0/hdl/ldpc_v1_0_rfs.sv(64): in protected region
** Error: D:/Vivado/Vivado/2017.4/data/ip/xilinx/ldpc_v1_0/hdl/ldpc_v1_0_rfs.sv(64): in protected region
** Warning: D:/Vivado/Vivado/2017.4/data/ip/xilinx/ldpc_v1_0/hdl/ldpc_v1_0_rfs.sv(64): (vlog-2583) [SVCHK] - Some checking for conflicts with always_comb and always_latch variables not yet supported. Run vopt to provide additional design-level checks.
** Warning: D:/Vivado/Vivado/2017.4/data/ip/xilinx/ldpc_v1_0/hdl/ldpc_v1_0_rfs.sv(64): (vlog-2583) [SVCHK] - Some checking for conflicts with always_comb and always_latch variables not yet supported. Run vopt to provide additional design-level checks.
** Warning: D:/Vivado/Vivado/2017.4/data/ip/xilinx/ldpc_v1_0/hdl/ldpc_v1_0_rfs.sv(64): (vlog-2583) [SVCHK] - Some checking for conflicts with always_comb and always_latch variables not yet supported. Run vopt to provide additional design-level checks.
** Warning: D:/Vivado/Vivado/2017.4/data/ip/xilinx/ldpc_v1_0/hdl/ldpc_v1_0_rfs.sv(64): (vlog-2583) [SVCHK] - Some checking for conflicts with always_comb and always_latch variables not yet supported. Run vopt to provide additional design-level checks.
** Warning: D:/Vivado/Vivado/2017.4/data/ip/xilinx/ldpc_v1_0/hdl/ldpc_v1_0_rfs.sv(64): (vlog-2583) [SVCHK] - Some checking for conflicts with always_comb and always_latch variables not yet supported. Run vopt to provide additional design-level checks.
** Warning: D:/Vivado/Vivado/2017.4/data/ip/xilinx/ldpc_v1_0/hdl/ldpc_v1_0_rfs.sv(64): (vlog-2583) [SVCHK] - Some checking for conflicts with always_comb and always_latch variables not yet supported. Run vopt to provide additional design-level checks.
** Warning: D:/Vivado/Vivado/2017.4/data/ip/xilinx/ldpc_v1_0/hdl/ldpc_v1_0_rfs.sv(64): (vlog-2583) [SVCHK] - Some checking for conflicts with always_comb and always_latch variables not yet supported. Run vopt to provide additional design-level checks.
** Warning: D:/Vivado/Vivado/2017.4/data/ip/xilinx/ldpc_v1_0/hdl/ldpc_v1_0_rfs.sv(64): (vlog-2583) [SVCHK] - Some checking for conflicts with always_comb and always_latch variables not yet supported. Run vopt to provide additional design-level checks.
** Warning: D:/Vivado/Vivado/2017.4/data/ip/xilinx/ldpc_v1_0/hdl/ldpc_v1_0_rfs.sv(64): (vlog-2583) [SVCHK] - Some checking for conflicts with always_comb and always_latch variables not yet supported. Run vopt to provide additional design-level checks.
** Warning: D:/Vivado/Vivado/2017.4/data/ip/xilinx/ldpc_v1_0/hdl/ldpc_v1_0_rfs.sv(64): (vlog-2583) [SVCHK] - Some checking for conflicts with always_comb and always_latch variables not yet supported. Run vopt to provide additional design-level checks.
** Warning: D:/Vivado/Vivado/2017.4/data/ip/xilinx/ldpc_v1_0/hdl/ldpc_v1_0_rfs.sv(64): (vlog-2583) [SVCHK] - Some checking for conflicts with always_comb and always_latch variables not yet supported. Run vopt to provide additional design-level checks.
** Warning: D:/Vivado/Vivado/2017.4/data/ip/xilinx/ldpc_v1_0/hdl/ldpc_v1_0_rfs.sv(64): (vlog-2583) [SVCHK] - Some checking for conflicts with always_comb and always_latch variables not yet supported. Run vopt to provide additional design-level checks.
** Warning: D:/Vivado/Vivado/2017.4/data/ip/xilinx/ldpc_v1_0/hdl/ldpc_v1_0_rfs.sv(64): (vlog-2583) [SVCHK] - Some checking for conflicts with always_comb and always_latch variables not yet supported. Run vopt to provide additional design-level checks.
** Warning: D:/Vivado/Vivado/2017.4/data/ip/xilinx/ldpc_v1_0/hdl/ldpc_v1_0_rfs.sv(64): (vlog-2583) [SVCHK] - Some checking for conflicts with always_comb and always_latch variables not yet supported. Run vopt to provide additional design-level checks.
** Warning: D:/Vivado/Vivado/2017.4/data/ip/xilinx/ldpc_v1_0/hdl/ldpc_v1_0_rfs.sv(64): (vlog-2583) [SVCHK] - Some checking for conflicts with always_comb and always_latch variables not yet supported. Run vopt to provide additional design-level checks.
** Warning: D:/Vivado/Vivado/2017.4/data/ip/xilinx/ldpc_v1_0/hdl/ldpc_v1_0_rfs.sv(64): (vlog-2583) [SVCHK] - Some checking for conflicts with always_comb and always_latch variables not yet supported. Run vopt to provide additional design-level checks.
** Warning: D:/Vivado/Vivado/2017.4/data/ip/xilinx/ldpc_v1_0/hdl/ldpc_v1_0_rfs.sv(64): (vlog-2583) [SVCHK] - Some checking for conflicts with always_comb and always_latch variables not yet supported. Run vopt to provide additional design-level checks.
** Warning: D:/Vivado/Vivado/2017.4/data/ip/xilinx/ldpc_v1_0/hdl/ldpc_v1_0_rfs.sv(64): (vlog-2583) [SVCHK] - Some checking for conflicts with always_comb and always_latch variables not yet supported. Run vopt to provide additional design-level checks.
** Warning: D:/Vivado/Vivado/2017.4/data/ip/xilinx/ldpc_v1_0/hdl/ldpc_v1_0_rfs.sv(64): (vlog-2583) [SVCHK] - Some checking for conflicts with always_comb and always_latch variables not yet supported. Run vopt to provide additional design-level checks.
** Warning: D:/Vivado/Vivado/2017.4/data/ip/xilinx/ldpc_v1_0/hdl/ldpc_v1_0_rfs.sv(64): (vlog-2583) [SVCHK] - Some checking for conflicts with always_comb and always_latch variables not yet supported. Run vopt to provide additional design-level checks.
** Warning: D:/Vivado/Vivado/2017.4/data/ip/xilinx/ldpc_v1_0/hdl/ldpc_v1_0_rfs.sv(64): (vlog-2583) [SVCHK] - Some checking for conflicts with always_comb and always_latch variables not yet supported. Run vopt to provide additional design-level checks.
** Warning: D:/Vivado/Vivado/2017.4/data/ip/xilinx/ldpc_v1_0/hdl/ldpc_v1_0_rfs.sv(64): (vlog-2583) [SVCHK] - Some checking for conflicts with always_comb and always_latch variables not yet supported. Run vopt to provide additional design-level checks.
** Warning: D:/Vivado/Vivado/2017.4/data/ip/xilinx/ldpc_v1_0/hdl/ldpc_v1_0_rfs.sv(64): (vlog-2583) [SVCHK] - Some checking for conflicts with always_comb and always_latch variables not yet supported. Run vopt to provide additional design-level checks.
** Warning: D:/Vivado/Vivado/2017.4/data/ip/xilinx/ldpc_v1_0/hdl/ldpc_v1_0_rfs.sv(64): (vlog-2583) [SVCHK] - Some checking for conflicts with always_comb and always_latch variables not yet supported. Run vopt to provide additional design-level checks.
** Warning: D:/Vivado/Vivado/2017.4/data/ip/xilinx/ldpc_v1_0/hdl/ldpc_v1_0_rfs.sv(64): (vlog-2583) [SVCHK] - Some checking for conflicts with always_comb and always_latch variables not yet supported. Run vopt to provide additional design-level checks.
** Warning: D:/Vivado/Vivado/2017.4/data/ip/xilinx/ldpc_v1_0/hdl/ldpc_v1_0_rfs.sv(64): (vlog-2583) [SVCHK] - Some checking for conflicts with always_comb and always_latch variables not yet supported. Run vopt to provide additional design-level checks.
** Warning: D:/Vivado/Vivado/2017.4/data/ip/xilinx/ldpc_v1_0/hdl/ldpc_v1_0_rfs.sv(64): (vlog-2583) [SVCHK] - Some checking for conflicts with always_comb and always_latch variables not yet supported. Run vopt to provide additional design-level checks.
** Warning: D:/Vivado/Vivado/2017.4/data/ip/xilinx/ldpc_v1_0/hdl/ldpc_v1_0_rfs.sv(64): (vlog-2583) [SVCHK] - Some checking for conflicts with always_comb and always_latch variables not yet supported. Run vopt to provide additional design-level checks.
** Warning: D:/Vivado/Vivado/2017.4/data/ip/xilinx/ldpc_v1_0/hdl/ldpc_v1_0_rfs.sv(64): (vlog-2583) [SVCHK] - Some checking for conflicts with always_comb and always_latch variables not yet supported. Run vopt to provide additional design-level checks.
** Warning: D:/Vivado/Vivado/2017.4/data/ip/xilinx/ldpc_v1_0/hdl/ldpc_v1_0_rfs.sv(64): (vlog-2583) [SVCHK] - Some checking for conflicts with always_comb and always_latch variables not yet supported. Run vopt to provide additional design-level checks.
** Warning: D:/Vivado/Vivado/2017.4/data/ip/xilinx/ldpc_v1_0/hdl/ldpc_v1_0_rfs.sv(64): (vlog-2583) [SVCHK] - Some checking for conflicts with always_comb and always_latch variables not yet supported. Run vopt to provide additional design-level checks.
** Warning: D:/Vivado/Vivado/2017.4/data/ip/xilinx/ldpc_v1_0/hdl/ldpc_v1_0_rfs.sv(64): (vlog-2583) [SVCHK] - Some checking for conflicts with always_comb and always_latch variables not yet supported. Run vopt to provide additional design-level checks.
** Warning: D:/Vivado/Vivado/2017.4/data/ip/xilinx/ldpc_v1_0/hdl/ldpc_v1_0_rfs.sv(64): (vlog-2583) [SVCHK] - Some checking for conflicts with always_comb and always_latch variables not yet supported. Run vopt to provide additional design-level checks.
** Warning: D:/Vivado/Vivado/2017.4/data/ip/xilinx/ldpc_v1_0/hdl/ldpc_v1_0_rfs.sv(64): (vlog-2583) [SVCHK] - Some checking for conflicts with always_comb and always_latch variables not yet supported. Run vopt to provide additional design-level checks.
** Warning: D:/Vivado/Vivado/2017.4/data/ip/xilinx/ldpc_v1_0/hdl/ldpc_v1_0_rfs.sv(64): (vlog-2583) [SVCHK] - Some checking for conflicts with always_comb and always_latch variables not yet supported. Run vopt to provide additional design-level checks.
** Warning: D:/Vivado/Vivado/2017.4/data/ip/xilinx/ldpc_v1_0/hdl/ldpc_v1_0_rfs.sv(64): (vlog-2583) [SVCHK] - Some checking for conflicts with always_comb and always_latch variables not yet supported. Run vopt to provide additional design-level checks.
** Warning: D:/Vivado/Vivado/2017.4/data/ip/xilinx/ldpc_v1_0/hdl/ldpc_v1_0_rfs.sv(64): (vlog-2583) [SVCHK] - Some checking for conflicts with always_comb and always_latch variables not yet supported. Run vopt to provide additional design-level checks.
** Warning: D:/Vivado/Vivado/2017.4/data/ip/xilinx/ldpc_v1_0/hdl/ldpc_v1_0_rfs.sv(64): (vlog-2583) [SVCHK] - Some checking for conflicts with always_comb and always_latch variables not yet supported. Run vopt to provide additional design-level checks.
** Warning: D:/Vivado/Vivado/2017.4/data/ip/xilinx/ldpc_v1_0/hdl/ldpc_v1_0_rfs.sv(64): (vlog-2583) [SVCHK] - Some checking for conflicts with always_comb and always_latch variables not yet supported. Run vopt to provide additional design-level checks.
** Warning: D:/Vivado/Vivado/2017.4/data/ip/xilinx/ldpc_v1_0/hdl/ldpc_v1_0_rfs.sv(64): (vlog-2583) [SVCHK] - Some checking for conflicts with always_comb and always_latch variables not yet supported. Run vopt to provide additional design-level checks.
** Warning: D:/Vivado/Vivado/2017.4/data/ip/xilinx/ldpc_v1_0/hdl/ldpc_v1_0_rfs.sv(64): (vlog-2583) [SVCHK] - Some checking for conflicts with always_comb and always_latch variables not yet supported. Run vopt to provide additional design-level checks.
** Warning: D:/Vivado/Vivado/2017.4/data/ip/xilinx/ldpc_v1_0/hdl/ldpc_v1_0_rfs.sv(64): (vlog-2583) [SVCHK] - Some checking for conflicts with always_comb and always_latch variables not yet supported. Run vopt to provide additional design-level checks.
End time: 17:00:37 on Aug 13,2022, Elapsed time: 0:00:01
Errors: 3, Warnings: 237

