#-----------------------------------------------------------
# Vivado v2017.4 (64-bit)
# SW Build 2086221 on Fri Dec 15 20:55:39 MST 2017
# IP Build 2085800 on Fri Dec 15 22:25:07 MST 2017
# Start of session at: Tue Aug 16 13:32:50 2022
# Process ID: 14964
# Current directory: C:/Users/loser/Desktop/gth_phase_2G_DDR_youhua
# Command line: vivado.exe -gui_launcher_event rodinguilauncherevent6760 C:\Users\loser\Desktop\gth_phase_2G_DDR_youhua\GTH_ex.xpr
# Log file: C:/Users/loser/Desktop/gth_phase_2G_DDR_youhua/vivado.log
# Journal file: C:/Users/loser/Desktop/gth_phase_2G_DDR_youhua\vivado.jou
#-----------------------------------------------------------
start_gui
open_project C:/Users/loser/Desktop/gth_phase_2G_DDR_youhua/GTH_ex.xpr
Scanning sources...
Finished scanning sources
INFO: [IP_Flow 19-234] Refreshing IP repositories
INFO: [IP_Flow 19-1704] No user IP repositories specified
INFO: [IP_Flow 19-2313] Loaded Vivado IP repository 'D:/Vivado/Vivado/2017.4/data/ip'.
WARNING: [IP_Flow 19-3664] IP 'ila_1' generated file not found 'c:/Users/loser/Desktop/gth_phase_2G_DDR_youhua/GTH_ex.srcs/sources_1/ip/ila_1_1/ila_1.dcp'. Please regenerate to continue.
WARNING: [IP_Flow 19-3664] IP 'ila_1' generated file not found 'c:/Users/loser/Desktop/gth_phase_2G_DDR_youhua/GTH_ex.srcs/sources_1/ip/ila_1_1/ila_1_stub.v'. Please regenerate to continue.
WARNING: [IP_Flow 19-3664] IP 'ila_1' generated file not found 'c:/Users/loser/Desktop/gth_phase_2G_DDR_youhua/GTH_ex.srcs/sources_1/ip/ila_1_1/ila_1_stub.vhdl'. Please regenerate to continue.
WARNING: [IP_Flow 19-3664] IP 'ila_1' generated file not found 'c:/Users/loser/Desktop/gth_phase_2G_DDR_youhua/GTH_ex.srcs/sources_1/ip/ila_1_1/ila_1_sim_netlist.v'. Please regenerate to continue.
WARNING: [IP_Flow 19-3664] IP 'ila_1' generated file not found 'c:/Users/loser/Desktop/gth_phase_2G_DDR_youhua/GTH_ex.srcs/sources_1/ip/ila_1_1/ila_1_sim_netlist.vhdl'. Please regenerate to continue.
open_project: Time (s): cpu = 00:00:21 ; elapsed = 00:00:13 . Memory (MB): peak = 973.523 ; gain = 224.809
update_compile_order -fileset sources_1
reset_run synth_1
launch_runs impl_1 -to_step write_bitstream -jobs 8
INFO: [Vivado 12-4149] The synthesis checkpoint for IP 'C:/Users/loser/Desktop/gth_phase_2G_DDR_youhua/GTH_ex.srcs/sources_1/ip/phase_number/phase_number.xci' is already up-to-date
INFO: [Vivado 12-4149] The synthesis checkpoint for IP 'C:/Users/loser/Desktop/gth_phase_2G_DDR_youhua/GTH_ex.srcs/sources_1/ip/multiplier/multiplier.xci' is already up-to-date
INFO: [Vivado 12-4149] The synthesis checkpoint for IP 'C:/Users/loser/Desktop/gth_phase_2G_DDR_youhua/GTH_ex.srcs/sources_1/ip/GTH/GTH.xci' is already up-to-date
[Tue Aug 16 13:36:10 2022] Launched synth_1...
Run output will be captured here: C:/Users/loser/Desktop/gth_phase_2G_DDR_youhua/GTH_ex.runs/synth_1/runme.log
[Tue Aug 16 13:36:10 2022] Launched impl_1...
Run output will be captured here: C:/Users/loser/Desktop/gth_phase_2G_DDR_youhua/GTH_ex.runs/impl_1/runme.log
open_hw
connect_hw_server
INFO: [Labtools 27-2285] Connecting to hw_server url TCP:localhost:3121
INFO: [Labtools 27-2222] Launching hw_server...
INFO: [Labtools 27-2221] Launch Output:

****** Xilinx hw_server v2017.4
  **** Build date : Dec 15 2017-21:08:27
    ** Copyright 1986-2017 Xilinx, Inc. All Rights Reserved.


open_hw_target
INFO: [Labtoolstcl 44-466] Opening hw_target localhost:3121/xilinx_tcf/Digilent/210512180081
set_property PROGRAM.FILE {C:/Users/loser/Desktop/gth_phase_2G_DDR_youhua/GTH_ex.runs/impl_1/GTH_exdes.bit} [get_hw_devices xc7vx690t_0]
set_property PROBES.FILE {C:/Users/loser/Desktop/gth_phase_2G_DDR_youhua/GTH_ex.runs/impl_1/GTH_exdes.ltx} [get_hw_devices xc7vx690t_0]
set_property FULL_PROBES.FILE {C:/Users/loser/Desktop/gth_phase_2G_DDR_youhua/GTH_ex.runs/impl_1/GTH_exdes.ltx} [get_hw_devices xc7vx690t_0]
current_hw_device [get_hw_devices xc7vx690t_0]
refresh_hw_device [lindex [get_hw_devices xc7vx690t_0] 0]
INFO: [Labtools 27-1435] Device xc7vx690t (JTAG device index = 0) is not programmed (DONE status = 0).
set_property PROBES.FILE {C:/Users/loser/Desktop/gth_phase_2G_DDR_youhua/GTH_ex.runs/impl_1/GTH_exdes.ltx} [get_hw_devices xc7vx690t_0]
set_property FULL_PROBES.FILE {C:/Users/loser/Desktop/gth_phase_2G_DDR_youhua/GTH_ex.runs/impl_1/GTH_exdes.ltx} [get_hw_devices xc7vx690t_0]
set_property PROGRAM.FILE {C:/Users/loser/Desktop/gth_phase_2G_DDR_youhua/GTH_ex.runs/impl_1/GTH_exdes.bit} [get_hw_devices xc7vx690t_0]
program_hw_devices [get_hw_devices xc7vx690t_0]
INFO: [Labtools 27-3164] End of startup status: HIGH
program_hw_devices: Time (s): cpu = 00:00:24 ; elapsed = 00:00:24 . Memory (MB): peak = 1615.906 ; gain = 1.148
refresh_hw_device [lindex [get_hw_devices xc7vx690t_0] 0]
INFO: [Labtools 27-2302] Device xc7vx690t (JTAG device index = 0) is programmed with a design that has 2 ILA core(s).
display_hw_ila_data [ get_hw_ila_data hw_ila_data_1 -of_objects [get_hw_ilas -of_objects [get_hw_devices xc7vx690t_0] -filter {CELL_NAME=~"ILA0"}]]
INFO: [Labtools 27-3304] ILA Waveform data saved to file C:/Users/loser/Desktop/gth_phase_2G_DDR_youhua/GTH_ex.hw/backup/hw_ila_data_1.ila. Use Tcl command 'import_hw_ila_data' or Vivado File->Import->Import ILA Data menu item to import the previously saved data.
display_hw_ila_data [ get_hw_ila_data hw_ila_data_2 -of_objects [get_hw_ilas -of_objects [get_hw_devices xc7vx690t_0] -filter {CELL_NAME=~"UU5/LL2"}]]
WARNING: Simulation object TT3/data_buff1/buff_flag was not found in the design.
WARNING: Simulation object TT3/data_buff1/data_in was not found in the design.
WARNING: Simulation object TT3/data_buff1/tmp_out was not found in the design.
WARNING: Simulation object TT3/data_buff1/cnt was not found in the design.
INFO: [Labtools 27-3304] ILA Waveform data saved to file C:/Users/loser/Desktop/gth_phase_2G_DDR_youhua/GTH_ex.hw/backup/hw_ila_data_2.ila. Use Tcl command 'import_hw_ila_data' or Vivado File->Import->Import ILA Data menu item to import the previously saved data.
run_hw_ila [get_hw_ilas -of_objects [get_hw_devices xc7vx690t_0] -filter {CELL_NAME=~"ILA0"}]
INFO: [Labtools 27-1964] The ILA core 'hw_ila_1' trigger was armed at 2022-Aug-16 14:22:54
wait_on_hw_ila [get_hw_ilas -of_objects [get_hw_devices xc7vx690t_0] -filter {CELL_NAME=~"ILA0"}]
display_hw_ila_data [upload_hw_ila_data [get_hw_ilas -of_objects [get_hw_devices xc7vx690t_0] -filter {CELL_NAME=~"ILA0"}]]
INFO: [Labtools 27-1966] The ILA core 'hw_ila_1' triggered at 2022-Aug-16 14:22:54
INFO: [Labtools 27-3304] ILA Waveform data saved to file C:/Users/loser/Desktop/gth_phase_2G_DDR_youhua/GTH_ex.hw/backup/hw_ila_data_1.ila. Use Tcl command 'import_hw_ila_data' or Vivado File->Import->Import ILA Data menu item to import the previously saved data.
run_hw_ila [get_hw_ilas -of_objects [get_hw_devices xc7vx690t_0] -filter {CELL_NAME=~"UU5/LL2"}]
INFO: [Labtools 27-1964] The ILA core 'hw_ila_2' trigger was armed at 2022-Aug-16 14:23:02
wait_on_hw_ila [get_hw_ilas -of_objects [get_hw_devices xc7vx690t_0] -filter {CELL_NAME=~"UU5/LL2"}]
display_hw_ila_data [upload_hw_ila_data [get_hw_ilas -of_objects [get_hw_devices xc7vx690t_0] -filter {CELL_NAME=~"UU5/LL2"}]]
INFO: [Labtools 27-1966] The ILA core 'hw_ila_2' triggered at 2022-Aug-16 14:23:02
INFO: [Labtools 27-3304] ILA Waveform data saved to file C:/Users/loser/Desktop/gth_phase_2G_DDR_youhua/GTH_ex.hw/backup/hw_ila_data_2.ila. Use Tcl command 'import_hw_ila_data' or Vivado File->Import->Import ILA Data menu item to import the previously saved data.
add_wave -into {hw_ila_data_2.wcfg} -radix hex { {UU5/agin_flag} {UU5/cnt_num} {UU5/Number} {UU5/S1_data} {UU5/S2_data} {UU5/start_send} {UU5/vaild} }
run_hw_ila [get_hw_ilas -of_objects [get_hw_devices xc7vx690t_0] -filter {CELL_NAME=~"ILA0"}]
INFO: [Labtools 27-1964] The ILA core 'hw_ila_1' trigger was armed at 2022-Aug-16 14:24:11
wait_on_hw_ila [get_hw_ilas -of_objects [get_hw_devices xc7vx690t_0] -filter {CELL_NAME=~"ILA0"}]
display_hw_ila_data [upload_hw_ila_data [get_hw_ilas -of_objects [get_hw_devices xc7vx690t_0] -filter {CELL_NAME=~"ILA0"}]]
INFO: [Labtools 27-1966] The ILA core 'hw_ila_1' triggered at 2022-Aug-16 14:24:11
INFO: [Labtools 27-3304] ILA Waveform data saved to file C:/Users/loser/Desktop/gth_phase_2G_DDR_youhua/GTH_ex.hw/backup/hw_ila_data_1.ila. Use Tcl command 'import_hw_ila_data' or Vivado File->Import->Import ILA Data menu item to import the previously saved data.
run_hw_ila [get_hw_ilas -of_objects [get_hw_devices xc7vx690t_0] -filter {CELL_NAME=~"ILA0"}]
INFO: [Labtools 27-1964] The ILA core 'hw_ila_1' trigger was armed at 2022-Aug-16 14:24:16
wait_on_hw_ila [get_hw_ilas -of_objects [get_hw_devices xc7vx690t_0] -filter {CELL_NAME=~"ILA0"}]
display_hw_ila_data [upload_hw_ila_data [get_hw_ilas -of_objects [get_hw_devices xc7vx690t_0] -filter {CELL_NAME=~"ILA0"}]]
INFO: [Labtools 27-1966] The ILA core 'hw_ila_1' triggered at 2022-Aug-16 14:24:16
INFO: [Labtools 27-3304] ILA Waveform data saved to file C:/Users/loser/Desktop/gth_phase_2G_DDR_youhua/GTH_ex.hw/backup/hw_ila_data_1.ila. Use Tcl command 'import_hw_ila_data' or Vivado File->Import->Import ILA Data menu item to import the previously saved data.
run_hw_ila [get_hw_ilas -of_objects [get_hw_devices xc7vx690t_0] -filter {CELL_NAME=~"ILA0"}]
INFO: [Labtools 27-1964] The ILA core 'hw_ila_1' trigger was armed at 2022-Aug-16 14:24:20
wait_on_hw_ila [get_hw_ilas -of_objects [get_hw_devices xc7vx690t_0] -filter {CELL_NAME=~"ILA0"}]
display_hw_ila_data [upload_hw_ila_data [get_hw_ilas -of_objects [get_hw_devices xc7vx690t_0] -filter {CELL_NAME=~"ILA0"}]]
INFO: [Labtools 27-1966] The ILA core 'hw_ila_1' triggered at 2022-Aug-16 14:24:20
INFO: [Labtools 27-3304] ILA Waveform data saved to file C:/Users/loser/Desktop/gth_phase_2G_DDR_youhua/GTH_ex.hw/backup/hw_ila_data_1.ila. Use Tcl command 'import_hw_ila_data' or Vivado File->Import->Import ILA Data menu item to import the previously saved data.
run_hw_ila [get_hw_ilas -of_objects [get_hw_devices xc7vx690t_0] -filter {CELL_NAME=~"ILA0"}]
INFO: [Labtools 27-1964] The ILA core 'hw_ila_1' trigger was armed at 2022-Aug-16 14:24:25
wait_on_hw_ila [get_hw_ilas -of_objects [get_hw_devices xc7vx690t_0] -filter {CELL_NAME=~"ILA0"}]
display_hw_ila_data [upload_hw_ila_data [get_hw_ilas -of_objects [get_hw_devices xc7vx690t_0] -filter {CELL_NAME=~"ILA0"}]]
INFO: [Labtools 27-1966] The ILA core 'hw_ila_1' triggered at 2022-Aug-16 14:24:25
INFO: [Labtools 27-3304] ILA Waveform data saved to file C:/Users/loser/Desktop/gth_phase_2G_DDR_youhua/GTH_ex.hw/backup/hw_ila_data_1.ila. Use Tcl command 'import_hw_ila_data' or Vivado File->Import->Import ILA Data menu item to import the previously saved data.
run_hw_ila [get_hw_ilas -of_objects [get_hw_devices xc7vx690t_0] -filter {CELL_NAME=~"ILA0"}]
INFO: [Labtools 27-1964] The ILA core 'hw_ila_1' trigger was armed at 2022-Aug-16 14:24:28
wait_on_hw_ila [get_hw_ilas -of_objects [get_hw_devices xc7vx690t_0] -filter {CELL_NAME=~"ILA0"}]
display_hw_ila_data [upload_hw_ila_data [get_hw_ilas -of_objects [get_hw_devices xc7vx690t_0] -filter {CELL_NAME=~"ILA0"}]]
INFO: [Labtools 27-1966] The ILA core 'hw_ila_1' triggered at 2022-Aug-16 14:24:28
INFO: [Labtools 27-3304] ILA Waveform data saved to file C:/Users/loser/Desktop/gth_phase_2G_DDR_youhua/GTH_ex.hw/backup/hw_ila_data_1.ila. Use Tcl command 'import_hw_ila_data' or Vivado File->Import->Import ILA Data menu item to import the previously saved data.
run_hw_ila [get_hw_ilas -of_objects [get_hw_devices xc7vx690t_0] -filter {CELL_NAME=~"ILA0"}]
INFO: [Labtools 27-1964] The ILA core 'hw_ila_1' trigger was armed at 2022-Aug-16 14:24:34
wait_on_hw_ila [get_hw_ilas -of_objects [get_hw_devices xc7vx690t_0] -filter {CELL_NAME=~"ILA0"}]
display_hw_ila_data [upload_hw_ila_data [get_hw_ilas -of_objects [get_hw_devices xc7vx690t_0] -filter {CELL_NAME=~"ILA0"}]]
INFO: [Labtools 27-1966] The ILA core 'hw_ila_1' triggered at 2022-Aug-16 14:24:34
INFO: [Labtools 27-3304] ILA Waveform data saved to file C:/Users/loser/Desktop/gth_phase_2G_DDR_youhua/GTH_ex.hw/backup/hw_ila_data_1.ila. Use Tcl command 'import_hw_ila_data' or Vivado File->Import->Import ILA Data menu item to import the previously saved data.
run_hw_ila [get_hw_ilas -of_objects [get_hw_devices xc7vx690t_0] -filter {CELL_NAME=~"ILA0"}]
INFO: [Labtools 27-1964] The ILA core 'hw_ila_1' trigger was armed at 2022-Aug-16 14:24:45
wait_on_hw_ila [get_hw_ilas -of_objects [get_hw_devices xc7vx690t_0] -filter {CELL_NAME=~"ILA0"}]
display_hw_ila_data [upload_hw_ila_data [get_hw_ilas -of_objects [get_hw_devices xc7vx690t_0] -filter {CELL_NAME=~"ILA0"}]]
INFO: [Labtools 27-1966] The ILA core 'hw_ila_1' triggered at 2022-Aug-16 14:24:45
INFO: [Labtools 27-3304] ILA Waveform data saved to file C:/Users/loser/Desktop/gth_phase_2G_DDR_youhua/GTH_ex.hw/backup/hw_ila_data_1.ila. Use Tcl command 'import_hw_ila_data' or Vivado File->Import->Import ILA Data menu item to import the previously saved data.
run_hw_ila [get_hw_ilas -of_objects [get_hw_devices xc7vx690t_0] -filter {CELL_NAME=~"UU5/LL2"}]
INFO: [Labtools 27-1964] The ILA core 'hw_ila_2' trigger was armed at 2022-Aug-16 14:24:53
wait_on_hw_ila [get_hw_ilas -of_objects [get_hw_devices xc7vx690t_0] -filter {CELL_NAME=~"UU5/LL2"}]
display_hw_ila_data [upload_hw_ila_data [get_hw_ilas -of_objects [get_hw_devices xc7vx690t_0] -filter {CELL_NAME=~"UU5/LL2"}]]
INFO: [Labtools 27-1966] The ILA core 'hw_ila_2' triggered at 2022-Aug-16 14:24:53
INFO: [Labtools 27-3304] ILA Waveform data saved to file C:/Users/loser/Desktop/gth_phase_2G_DDR_youhua/GTH_ex.hw/backup/hw_ila_data_2.ila. Use Tcl command 'import_hw_ila_data' or Vivado File->Import->Import ILA Data menu item to import the previously saved data.
run_hw_ila [get_hw_ilas -of_objects [get_hw_devices xc7vx690t_0] -filter {CELL_NAME=~"ILA0"}]
INFO: [Labtools 27-1964] The ILA core 'hw_ila_1' trigger was armed at 2022-Aug-16 14:24:57
wait_on_hw_ila [get_hw_ilas -of_objects [get_hw_devices xc7vx690t_0] -filter {CELL_NAME=~"ILA0"}]
display_hw_ila_data [upload_hw_ila_data [get_hw_ilas -of_objects [get_hw_devices xc7vx690t_0] -filter {CELL_NAME=~"ILA0"}]]
INFO: [Labtools 27-1966] The ILA core 'hw_ila_1' triggered at 2022-Aug-16 14:24:57
INFO: [Labtools 27-3304] ILA Waveform data saved to file C:/Users/loser/Desktop/gth_phase_2G_DDR_youhua/GTH_ex.hw/backup/hw_ila_data_1.ila. Use Tcl command 'import_hw_ila_data' or Vivado File->Import->Import ILA Data menu item to import the previously saved data.
run_hw_ila [get_hw_ilas -of_objects [get_hw_devices xc7vx690t_0] -filter {CELL_NAME=~"ILA0"}]
INFO: [Labtools 27-1964] The ILA core 'hw_ila_1' trigger was armed at 2022-Aug-16 14:25:03
wait_on_hw_ila [get_hw_ilas -of_objects [get_hw_devices xc7vx690t_0] -filter {CELL_NAME=~"ILA0"}]
display_hw_ila_data [upload_hw_ila_data [get_hw_ilas -of_objects [get_hw_devices xc7vx690t_0] -filter {CELL_NAME=~"ILA0"}]]
INFO: [Labtools 27-1966] The ILA core 'hw_ila_1' triggered at 2022-Aug-16 14:25:03
INFO: [Labtools 27-3304] ILA Waveform data saved to file C:/Users/loser/Desktop/gth_phase_2G_DDR_youhua/GTH_ex.hw/backup/hw_ila_data_1.ila. Use Tcl command 'import_hw_ila_data' or Vivado File->Import->Import ILA Data menu item to import the previously saved data.
run_hw_ila [get_hw_ilas -of_objects [get_hw_devices xc7vx690t_0] -filter {CELL_NAME=~"ILA0"}]
INFO: [Labtools 27-1964] The ILA core 'hw_ila_1' trigger was armed at 2022-Aug-16 14:25:08
wait_on_hw_ila [get_hw_ilas -of_objects [get_hw_devices xc7vx690t_0] -filter {CELL_NAME=~"ILA0"}]
display_hw_ila_data [upload_hw_ila_data [get_hw_ilas -of_objects [get_hw_devices xc7vx690t_0] -filter {CELL_NAME=~"ILA0"}]]
INFO: [Labtools 27-1966] The ILA core 'hw_ila_1' triggered at 2022-Aug-16 14:25:08
INFO: [Labtools 27-3304] ILA Waveform data saved to file C:/Users/loser/Desktop/gth_phase_2G_DDR_youhua/GTH_ex.hw/backup/hw_ila_data_1.ila. Use Tcl command 'import_hw_ila_data' or Vivado File->Import->Import ILA Data menu item to import the previously saved data.
run_hw_ila [get_hw_ilas -of_objects [get_hw_devices xc7vx690t_0] -filter {CELL_NAME=~"ILA0"}]
INFO: [Labtools 27-1964] The ILA core 'hw_ila_1' trigger was armed at 2022-Aug-16 14:25:13
wait_on_hw_ila [get_hw_ilas -of_objects [get_hw_devices xc7vx690t_0] -filter {CELL_NAME=~"ILA0"}]
display_hw_ila_data [upload_hw_ila_data [get_hw_ilas -of_objects [get_hw_devices xc7vx690t_0] -filter {CELL_NAME=~"ILA0"}]]
INFO: [Labtools 27-1966] The ILA core 'hw_ila_1' triggered at 2022-Aug-16 14:25:13
INFO: [Labtools 27-3304] ILA Waveform data saved to file C:/Users/loser/Desktop/gth_phase_2G_DDR_youhua/GTH_ex.hw/backup/hw_ila_data_1.ila. Use Tcl command 'import_hw_ila_data' or Vivado File->Import->Import ILA Data menu item to import the previously saved data.
run_hw_ila [get_hw_ilas -of_objects [get_hw_devices xc7vx690t_0] -filter {CELL_NAME=~"ILA0"}]
INFO: [Labtools 27-1964] The ILA core 'hw_ila_1' trigger was armed at 2022-Aug-16 14:25:16
wait_on_hw_ila [get_hw_ilas -of_objects [get_hw_devices xc7vx690t_0] -filter {CELL_NAME=~"ILA0"}]
display_hw_ila_data [upload_hw_ila_data [get_hw_ilas -of_objects [get_hw_devices xc7vx690t_0] -filter {CELL_NAME=~"ILA0"}]]
INFO: [Labtools 27-1966] The ILA core 'hw_ila_1' triggered at 2022-Aug-16 14:25:16
INFO: [Labtools 27-3304] ILA Waveform data saved to file C:/Users/loser/Desktop/gth_phase_2G_DDR_youhua/GTH_ex.hw/backup/hw_ila_data_1.ila. Use Tcl command 'import_hw_ila_data' or Vivado File->Import->Import ILA Data menu item to import the previously saved data.
run_hw_ila [get_hw_ilas -of_objects [get_hw_devices xc7vx690t_0] -filter {CELL_NAME=~"ILA0"}]
INFO: [Labtools 27-1964] The ILA core 'hw_ila_1' trigger was armed at 2022-Aug-16 14:25:21
wait_on_hw_ila [get_hw_ilas -of_objects [get_hw_devices xc7vx690t_0] -filter {CELL_NAME=~"ILA0"}]
display_hw_ila_data [upload_hw_ila_data [get_hw_ilas -of_objects [get_hw_devices xc7vx690t_0] -filter {CELL_NAME=~"ILA0"}]]
INFO: [Labtools 27-1966] The ILA core 'hw_ila_1' triggered at 2022-Aug-16 14:25:21
INFO: [Labtools 27-3304] ILA Waveform data saved to file C:/Users/loser/Desktop/gth_phase_2G_DDR_youhua/GTH_ex.hw/backup/hw_ila_data_1.ila. Use Tcl command 'import_hw_ila_data' or Vivado File->Import->Import ILA Data menu item to import the previously saved data.
run_hw_ila [get_hw_ilas -of_objects [get_hw_devices xc7vx690t_0] -filter {CELL_NAME=~"ILA0"}]
INFO: [Labtools 27-1964] The ILA core 'hw_ila_1' trigger was armed at 2022-Aug-16 14:25:44
wait_on_hw_ila [get_hw_ilas -of_objects [get_hw_devices xc7vx690t_0] -filter {CELL_NAME=~"ILA0"}]
display_hw_ila_data [upload_hw_ila_data [get_hw_ilas -of_objects [get_hw_devices xc7vx690t_0] -filter {CELL_NAME=~"ILA0"}]]
INFO: [Labtools 27-1966] The ILA core 'hw_ila_1' triggered at 2022-Aug-16 14:25:44
INFO: [Labtools 27-3304] ILA Waveform data saved to file C:/Users/loser/Desktop/gth_phase_2G_DDR_youhua/GTH_ex.hw/backup/hw_ila_data_1.ila. Use Tcl command 'import_hw_ila_data' or Vivado File->Import->Import ILA Data menu item to import the previously saved data.
run_hw_ila [get_hw_ilas -of_objects [get_hw_devices xc7vx690t_0] -filter {CELL_NAME=~"UU5/LL2"}]
INFO: [Labtools 27-1964] The ILA core 'hw_ila_2' trigger was armed at 2022-Aug-16 14:25:49
wait_on_hw_ila [get_hw_ilas -of_objects [get_hw_devices xc7vx690t_0] -filter {CELL_NAME=~"UU5/LL2"}]
display_hw_ila_data [upload_hw_ila_data [get_hw_ilas -of_objects [get_hw_devices xc7vx690t_0] -filter {CELL_NAME=~"UU5/LL2"}]]
INFO: [Labtools 27-1966] The ILA core 'hw_ila_2' triggered at 2022-Aug-16 14:25:49
INFO: [Labtools 27-3304] ILA Waveform data saved to file C:/Users/loser/Desktop/gth_phase_2G_DDR_youhua/GTH_ex.hw/backup/hw_ila_data_2.ila. Use Tcl command 'import_hw_ila_data' or Vivado File->Import->Import ILA Data menu item to import the previously saved data.
set_property TRIGGER_COMPARE_VALUE eq1'b1 [get_hw_probes UU5/start_send -of_objects [get_hw_ilas -of_objects [get_hw_devices xc7vx690t_0] -filter {CELL_NAME=~"UU5/LL2"}]]
run_hw_ila [get_hw_ilas -of_objects [get_hw_devices xc7vx690t_0] -filter {CELL_NAME=~"UU5/LL2"}]
INFO: [Labtools 27-1964] The ILA core 'hw_ila_2' trigger was armed at 2022-Aug-16 14:26:32
wait_on_hw_ila [get_hw_ilas -of_objects [get_hw_devices xc7vx690t_0] -filter {CELL_NAME=~"UU5/LL2"}]
display_hw_ila_data [upload_hw_ila_data [get_hw_ilas -of_objects [get_hw_devices xc7vx690t_0] -filter {CELL_NAME=~"UU5/LL2"}]]
INFO: [Labtools 27-1966] The ILA core 'hw_ila_2' triggered at 2022-Aug-16 14:26:33
INFO: [Labtools 27-3304] ILA Waveform data saved to file C:/Users/loser/Desktop/gth_phase_2G_DDR_youhua/GTH_ex.hw/backup/hw_ila_data_2.ila. Use Tcl command 'import_hw_ila_data' or Vivado File->Import->Import ILA Data menu item to import the previously saved data.
run_hw_ila [get_hw_ilas -of_objects [get_hw_devices xc7vx690t_0] -filter {CELL_NAME=~"UU5/LL2"}]
INFO: [Labtools 27-1964] The ILA core 'hw_ila_2' trigger was armed at 2022-Aug-16 14:26:47
wait_on_hw_ila [get_hw_ilas -of_objects [get_hw_devices xc7vx690t_0] -filter {CELL_NAME=~"UU5/LL2"}]
display_hw_ila_data [upload_hw_ila_data [get_hw_ilas -of_objects [get_hw_devices xc7vx690t_0] -filter {CELL_NAME=~"UU5/LL2"}]]
INFO: [Labtools 27-1966] The ILA core 'hw_ila_2' triggered at 2022-Aug-16 14:26:47
INFO: [Labtools 27-3304] ILA Waveform data saved to file C:/Users/loser/Desktop/gth_phase_2G_DDR_youhua/GTH_ex.hw/backup/hw_ila_data_2.ila. Use Tcl command 'import_hw_ila_data' or Vivado File->Import->Import ILA Data menu item to import the previously saved data.
run_hw_ila [get_hw_ilas -of_objects [get_hw_devices xc7vx690t_0] -filter {CELL_NAME=~"ILA0"}]
INFO: [Labtools 27-1964] The ILA core 'hw_ila_1' trigger was armed at 2022-Aug-16 14:26:52
wait_on_hw_ila [get_hw_ilas -of_objects [get_hw_devices xc7vx690t_0] -filter {CELL_NAME=~"ILA0"}]
display_hw_ila_data [upload_hw_ila_data [get_hw_ilas -of_objects [get_hw_devices xc7vx690t_0] -filter {CELL_NAME=~"ILA0"}]]
INFO: [Labtools 27-1966] The ILA core 'hw_ila_1' triggered at 2022-Aug-16 14:26:52
INFO: [Labtools 27-3304] ILA Waveform data saved to file C:/Users/loser/Desktop/gth_phase_2G_DDR_youhua/GTH_ex.hw/backup/hw_ila_data_1.ila. Use Tcl command 'import_hw_ila_data' or Vivado File->Import->Import ILA Data menu item to import the previously saved data.
run_hw_ila [get_hw_ilas -of_objects [get_hw_devices xc7vx690t_0] -filter {CELL_NAME=~"ILA0"}]
INFO: [Labtools 27-1964] The ILA core 'hw_ila_1' trigger was armed at 2022-Aug-16 14:27:00
wait_on_hw_ila [get_hw_ilas -of_objects [get_hw_devices xc7vx690t_0] -filter {CELL_NAME=~"ILA0"}]
display_hw_ila_data [upload_hw_ila_data [get_hw_ilas -of_objects [get_hw_devices xc7vx690t_0] -filter {CELL_NAME=~"ILA0"}]]
INFO: [Labtools 27-1966] The ILA core 'hw_ila_1' triggered at 2022-Aug-16 14:27:00
INFO: [Labtools 27-3304] ILA Waveform data saved to file C:/Users/loser/Desktop/gth_phase_2G_DDR_youhua/GTH_ex.hw/backup/hw_ila_data_1.ila. Use Tcl command 'import_hw_ila_data' or Vivado File->Import->Import ILA Data menu item to import the previously saved data.
run_hw_ila [get_hw_ilas -of_objects [get_hw_devices xc7vx690t_0] -filter {CELL_NAME=~"ILA0"}]
INFO: [Labtools 27-1964] The ILA core 'hw_ila_1' trigger was armed at 2022-Aug-16 14:27:06
wait_on_hw_ila [get_hw_ilas -of_objects [get_hw_devices xc7vx690t_0] -filter {CELL_NAME=~"ILA0"}]
display_hw_ila_data [upload_hw_ila_data [get_hw_ilas -of_objects [get_hw_devices xc7vx690t_0] -filter {CELL_NAME=~"ILA0"}]]
INFO: [Labtools 27-1966] The ILA core 'hw_ila_1' triggered at 2022-Aug-16 14:27:06
INFO: [Labtools 27-3304] ILA Waveform data saved to file C:/Users/loser/Desktop/gth_phase_2G_DDR_youhua/GTH_ex.hw/backup/hw_ila_data_1.ila. Use Tcl command 'import_hw_ila_data' or Vivado File->Import->Import ILA Data menu item to import the previously saved data.
run_hw_ila [get_hw_ilas -of_objects [get_hw_devices xc7vx690t_0] -filter {CELL_NAME=~"ILA0"}]
INFO: [Labtools 27-1964] The ILA core 'hw_ila_1' trigger was armed at 2022-Aug-16 14:27:21
wait_on_hw_ila [get_hw_ilas -of_objects [get_hw_devices xc7vx690t_0] -filter {CELL_NAME=~"ILA0"}]
display_hw_ila_data [upload_hw_ila_data [get_hw_ilas -of_objects [get_hw_devices xc7vx690t_0] -filter {CELL_NAME=~"ILA0"}]]
INFO: [Labtools 27-1966] The ILA core 'hw_ila_1' triggered at 2022-Aug-16 14:27:21
INFO: [Labtools 27-3304] ILA Waveform data saved to file C:/Users/loser/Desktop/gth_phase_2G_DDR_youhua/GTH_ex.hw/backup/hw_ila_data_1.ila. Use Tcl command 'import_hw_ila_data' or Vivado File->Import->Import ILA Data menu item to import the previously saved data.
run_hw_ila [get_hw_ilas -of_objects [get_hw_devices xc7vx690t_0] -filter {CELL_NAME=~"ILA0"}]
INFO: [Labtools 27-1964] The ILA core 'hw_ila_1' trigger was armed at 2022-Aug-16 14:27:27
wait_on_hw_ila [get_hw_ilas -of_objects [get_hw_devices xc7vx690t_0] -filter {CELL_NAME=~"ILA0"}]
display_hw_ila_data [upload_hw_ila_data [get_hw_ilas -of_objects [get_hw_devices xc7vx690t_0] -filter {CELL_NAME=~"ILA0"}]]
INFO: [Labtools 27-1966] The ILA core 'hw_ila_1' triggered at 2022-Aug-16 14:27:27
INFO: [Labtools 27-3304] ILA Waveform data saved to file C:/Users/loser/Desktop/gth_phase_2G_DDR_youhua/GTH_ex.hw/backup/hw_ila_data_1.ila. Use Tcl command 'import_hw_ila_data' or Vivado File->Import->Import ILA Data menu item to import the previously saved data.
run_hw_ila [get_hw_ilas -of_objects [get_hw_devices xc7vx690t_0] -filter {CELL_NAME=~"ILA0"}]
INFO: [Labtools 27-1964] The ILA core 'hw_ila_1' trigger was armed at 2022-Aug-16 14:27:33
wait_on_hw_ila [get_hw_ilas -of_objects [get_hw_devices xc7vx690t_0] -filter {CELL_NAME=~"ILA0"}]
display_hw_ila_data [upload_hw_ila_data [get_hw_ilas -of_objects [get_hw_devices xc7vx690t_0] -filter {CELL_NAME=~"ILA0"}]]
INFO: [Labtools 27-1966] The ILA core 'hw_ila_1' triggered at 2022-Aug-16 14:27:33
INFO: [Labtools 27-3304] ILA Waveform data saved to file C:/Users/loser/Desktop/gth_phase_2G_DDR_youhua/GTH_ex.hw/backup/hw_ila_data_1.ila. Use Tcl command 'import_hw_ila_data' or Vivado File->Import->Import ILA Data menu item to import the previously saved data.
run_hw_ila [get_hw_ilas -of_objects [get_hw_devices xc7vx690t_0] -filter {CELL_NAME=~"ILA0"}]
INFO: [Labtools 27-1964] The ILA core 'hw_ila_1' trigger was armed at 2022-Aug-16 14:27:35
wait_on_hw_ila [get_hw_ilas -of_objects [get_hw_devices xc7vx690t_0] -filter {CELL_NAME=~"ILA0"}]
display_hw_ila_data [upload_hw_ila_data [get_hw_ilas -of_objects [get_hw_devices xc7vx690t_0] -filter {CELL_NAME=~"ILA0"}]]
INFO: [Labtools 27-1966] The ILA core 'hw_ila_1' triggered at 2022-Aug-16 14:27:35
INFO: [Labtools 27-3304] ILA Waveform data saved to file C:/Users/loser/Desktop/gth_phase_2G_DDR_youhua/GTH_ex.hw/backup/hw_ila_data_1.ila. Use Tcl command 'import_hw_ila_data' or Vivado File->Import->Import ILA Data menu item to import the previously saved data.
run_hw_ila [get_hw_ilas -of_objects [get_hw_devices xc7vx690t_0] -filter {CELL_NAME=~"ILA0"}]
INFO: [Labtools 27-1964] The ILA core 'hw_ila_1' trigger was armed at 2022-Aug-16 14:27:44
wait_on_hw_ila [get_hw_ilas -of_objects [get_hw_devices xc7vx690t_0] -filter {CELL_NAME=~"ILA0"}]
display_hw_ila_data [upload_hw_ila_data [get_hw_ilas -of_objects [get_hw_devices xc7vx690t_0] -filter {CELL_NAME=~"ILA0"}]]
INFO: [Labtools 27-1966] The ILA core 'hw_ila_1' triggered at 2022-Aug-16 14:27:44
INFO: [Labtools 27-3304] ILA Waveform data saved to file C:/Users/loser/Desktop/gth_phase_2G_DDR_youhua/GTH_ex.hw/backup/hw_ila_data_1.ila. Use Tcl command 'import_hw_ila_data' or Vivado File->Import->Import ILA Data menu item to import the previously saved data.
run_hw_ila [get_hw_ilas -of_objects [get_hw_devices xc7vx690t_0] -filter {CELL_NAME=~"ILA0"}]
INFO: [Labtools 27-1964] The ILA core 'hw_ila_1' trigger was armed at 2022-Aug-16 14:27:49
wait_on_hw_ila [get_hw_ilas -of_objects [get_hw_devices xc7vx690t_0] -filter {CELL_NAME=~"ILA0"}]
display_hw_ila_data [upload_hw_ila_data [get_hw_ilas -of_objects [get_hw_devices xc7vx690t_0] -filter {CELL_NAME=~"ILA0"}]]
INFO: [Labtools 27-1966] The ILA core 'hw_ila_1' triggered at 2022-Aug-16 14:27:49
INFO: [Labtools 27-3304] ILA Waveform data saved to file C:/Users/loser/Desktop/gth_phase_2G_DDR_youhua/GTH_ex.hw/backup/hw_ila_data_1.ila. Use Tcl command 'import_hw_ila_data' or Vivado File->Import->Import ILA Data menu item to import the previously saved data.
run_hw_ila [get_hw_ilas -of_objects [get_hw_devices xc7vx690t_0] -filter {CELL_NAME=~"ILA0"}]
INFO: [Labtools 27-1964] The ILA core 'hw_ila_1' trigger was armed at 2022-Aug-16 14:27:53
wait_on_hw_ila [get_hw_ilas -of_objects [get_hw_devices xc7vx690t_0] -filter {CELL_NAME=~"ILA0"}]
display_hw_ila_data [upload_hw_ila_data [get_hw_ilas -of_objects [get_hw_devices xc7vx690t_0] -filter {CELL_NAME=~"ILA0"}]]
INFO: [Labtools 27-1966] The ILA core 'hw_ila_1' triggered at 2022-Aug-16 14:27:53
INFO: [Labtools 27-3304] ILA Waveform data saved to file C:/Users/loser/Desktop/gth_phase_2G_DDR_youhua/GTH_ex.hw/backup/hw_ila_data_1.ila. Use Tcl command 'import_hw_ila_data' or Vivado File->Import->Import ILA Data menu item to import the previously saved data.
run_hw_ila [get_hw_ilas -of_objects [get_hw_devices xc7vx690t_0] -filter {CELL_NAME=~"ILA0"}]
INFO: [Labtools 27-1964] The ILA core 'hw_ila_1' trigger was armed at 2022-Aug-16 14:27:55
wait_on_hw_ila [get_hw_ilas -of_objects [get_hw_devices xc7vx690t_0] -filter {CELL_NAME=~"ILA0"}]
display_hw_ila_data [upload_hw_ila_data [get_hw_ilas -of_objects [get_hw_devices xc7vx690t_0] -filter {CELL_NAME=~"ILA0"}]]
INFO: [Labtools 27-1966] The ILA core 'hw_ila_1' triggered at 2022-Aug-16 14:27:55
INFO: [Labtools 27-3304] ILA Waveform data saved to file C:/Users/loser/Desktop/gth_phase_2G_DDR_youhua/GTH_ex.hw/backup/hw_ila_data_1.ila. Use Tcl command 'import_hw_ila_data' or Vivado File->Import->Import ILA Data menu item to import the previously saved data.
run_hw_ila [get_hw_ilas -of_objects [get_hw_devices xc7vx690t_0] -filter {CELL_NAME=~"UU5/LL2"}]
INFO: [Labtools 27-1964] The ILA core 'hw_ila_2' trigger was armed at 2022-Aug-16 14:28:07
wait_on_hw_ila [get_hw_ilas -of_objects [get_hw_devices xc7vx690t_0] -filter {CELL_NAME=~"UU5/LL2"}]
display_hw_ila_data [upload_hw_ila_data [get_hw_ilas -of_objects [get_hw_devices xc7vx690t_0] -filter {CELL_NAME=~"UU5/LL2"}]]
INFO: [Labtools 27-1966] The ILA core 'hw_ila_2' triggered at 2022-Aug-16 14:28:07
INFO: [Labtools 27-3304] ILA Waveform data saved to file C:/Users/loser/Desktop/gth_phase_2G_DDR_youhua/GTH_ex.hw/backup/hw_ila_data_2.ila. Use Tcl command 'import_hw_ila_data' or Vivado File->Import->Import ILA Data menu item to import the previously saved data.
run_hw_ila [get_hw_ilas -of_objects [get_hw_devices xc7vx690t_0] -filter {CELL_NAME=~"UU5/LL2"}]
INFO: [Labtools 27-1964] The ILA core 'hw_ila_2' trigger was armed at 2022-Aug-16 14:29:16
wait_on_hw_ila [get_hw_ilas -of_objects [get_hw_devices xc7vx690t_0] -filter {CELL_NAME=~"UU5/LL2"}]
display_hw_ila_data [upload_hw_ila_data [get_hw_ilas -of_objects [get_hw_devices xc7vx690t_0] -filter {CELL_NAME=~"UU5/LL2"}]]
INFO: [Labtools 27-1966] The ILA core 'hw_ila_2' triggered at 2022-Aug-16 14:29:16
INFO: [Labtools 27-3304] ILA Waveform data saved to file C:/Users/loser/Desktop/gth_phase_2G_DDR_youhua/GTH_ex.hw/backup/hw_ila_data_2.ila. Use Tcl command 'import_hw_ila_data' or Vivado File->Import->Import ILA Data menu item to import the previously saved data.
run_hw_ila [get_hw_ilas -of_objects [get_hw_devices xc7vx690t_0] -filter {CELL_NAME=~"ILA0"}]
INFO: [Labtools 27-1964] The ILA core 'hw_ila_1' trigger was armed at 2022-Aug-16 14:29:22
wait_on_hw_ila [get_hw_ilas -of_objects [get_hw_devices xc7vx690t_0] -filter {CELL_NAME=~"ILA0"}]
display_hw_ila_data [upload_hw_ila_data [get_hw_ilas -of_objects [get_hw_devices xc7vx690t_0] -filter {CELL_NAME=~"ILA0"}]]
INFO: [Labtools 27-1966] The ILA core 'hw_ila_1' triggered at 2022-Aug-16 14:29:22
INFO: [Labtools 27-3304] ILA Waveform data saved to file C:/Users/loser/Desktop/gth_phase_2G_DDR_youhua/GTH_ex.hw/backup/hw_ila_data_1.ila. Use Tcl command 'import_hw_ila_data' or Vivado File->Import->Import ILA Data menu item to import the previously saved data.
save_wave_config {C:/Users/loser/Desktop/gth_phase_2G_DDR_youhua/GTH_ex.hw/hw_1/wave/hw_ila_data_1/hw_ila_data_1.wcfg}
save_wave_config {C:/Users/loser/Desktop/gth_phase_2G_DDR_youhua/GTH_ex.hw/hw_1/wave/hw_ila_data_2/hw_ila_data_2.wcfg}
close_hw
open_hw
connect_hw_server
INFO: [Labtools 27-2285] Connecting to hw_server url TCP:localhost:3121
INFO: [Labtools 27-2222] Launching hw_server...
INFO: [Labtools 27-2221] Launch Output:

****** Xilinx hw_server v2017.4
  **** Build date : Dec 15 2017-21:08:27
    ** Copyright 1986-2017 Xilinx, Inc. All Rights Reserved.


open_hw_target
INFO: [Labtoolstcl 44-466] Opening hw_target localhost:3121/xilinx_tcf/Digilent/210512180081
set_property PROGRAM.FILE {C:/Users/loser/Desktop/gth_phase_2G_DDR_youhua/GTH_ex.runs/impl_1/GTH_exdes.bit} [get_hw_devices xc7vx690t_0]
set_property PROBES.FILE {C:/Users/loser/Desktop/gth_phase_2G_DDR_youhua/GTH_ex.runs/impl_1/GTH_exdes.ltx} [get_hw_devices xc7vx690t_0]
set_property FULL_PROBES.FILE {C:/Users/loser/Desktop/gth_phase_2G_DDR_youhua/GTH_ex.runs/impl_1/GTH_exdes.ltx} [get_hw_devices xc7vx690t_0]
current_hw_device [get_hw_devices xc7vx690t_0]
refresh_hw_device [lindex [get_hw_devices xc7vx690t_0] 0]
INFO: [Labtools 27-1435] Device xc7vx690t (JTAG device index = 0) is not programmed (DONE status = 0).
set_property PROBES.FILE {C:/Users/loser/Desktop/gth_phase_2G_DDR_youhua/GTH_ex.runs/impl_1/GTH_exdes.ltx} [get_hw_devices xc7vx690t_0]
set_property FULL_PROBES.FILE {C:/Users/loser/Desktop/gth_phase_2G_DDR_youhua/GTH_ex.runs/impl_1/GTH_exdes.ltx} [get_hw_devices xc7vx690t_0]
set_property PROGRAM.FILE {C:/Users/loser/Desktop/gth_phase_2G_DDR_youhua/GTH_ex.runs/impl_1/GTH_exdes.bit} [get_hw_devices xc7vx690t_0]
program_hw_devices [get_hw_devices xc7vx690t_0]
INFO: [Labtools 27-3164] End of startup status: HIGH
program_hw_devices: Time (s): cpu = 00:00:25 ; elapsed = 00:00:24 . Memory (MB): peak = 1655.586 ; gain = 0.000
refresh_hw_device [lindex [get_hw_devices xc7vx690t_0] 0]
INFO: [Labtools 27-2302] Device xc7vx690t (JTAG device index = 0) is programmed with a design that has 2 ILA core(s).
display_hw_ila_data [ get_hw_ila_data hw_ila_data_1 -of_objects [get_hw_ilas -of_objects [get_hw_devices xc7vx690t_0] -filter {CELL_NAME=~"ILA0"}]]
INFO: [Labtools 27-3304] ILA Waveform data saved to file C:/Users/loser/Desktop/gth_phase_2G_DDR_youhua/GTH_ex.hw/backup/hw_ila_data_1.ila. Use Tcl command 'import_hw_ila_data' or Vivado File->Import->Import ILA Data menu item to import the previously saved data.
display_hw_ila_data [ get_hw_ila_data hw_ila_data_2 -of_objects [get_hw_ilas -of_objects [get_hw_devices xc7vx690t_0] -filter {CELL_NAME=~"UU5/LL2"}]]
INFO: [Labtools 27-3304] ILA Waveform data saved to file C:/Users/loser/Desktop/gth_phase_2G_DDR_youhua/GTH_ex.hw/backup/hw_ila_data_2.ila. Use Tcl command 'import_hw_ila_data' or Vivado File->Import->Import ILA Data menu item to import the previously saved data.
run_hw_ila [get_hw_ilas -of_objects [get_hw_devices xc7vx690t_0] -filter {CELL_NAME=~"ILA0"}]
INFO: [Labtools 27-1964] The ILA core 'hw_ila_1' trigger was armed at 2022-Aug-16 14:41:46
wait_on_hw_ila [get_hw_ilas -of_objects [get_hw_devices xc7vx690t_0] -filter {CELL_NAME=~"ILA0"}]
display_hw_ila_data [upload_hw_ila_data [get_hw_ilas -of_objects [get_hw_devices xc7vx690t_0] -filter {CELL_NAME=~"ILA0"}]]
INFO: [Labtools 27-1966] The ILA core 'hw_ila_1' triggered at 2022-Aug-16 14:41:46
INFO: [Labtools 27-3304] ILA Waveform data saved to file C:/Users/loser/Desktop/gth_phase_2G_DDR_youhua/GTH_ex.hw/backup/hw_ila_data_1.ila. Use Tcl command 'import_hw_ila_data' or Vivado File->Import->Import ILA Data menu item to import the previously saved data.
run_hw_ila [get_hw_ilas -of_objects [get_hw_devices xc7vx690t_0] -filter {CELL_NAME=~"ILA0"}]
INFO: [Labtools 27-1964] The ILA core 'hw_ila_1' trigger was armed at 2022-Aug-16 14:41:54
wait_on_hw_ila [get_hw_ilas -of_objects [get_hw_devices xc7vx690t_0] -filter {CELL_NAME=~"ILA0"}]
display_hw_ila_data [upload_hw_ila_data [get_hw_ilas -of_objects [get_hw_devices xc7vx690t_0] -filter {CELL_NAME=~"ILA0"}]]
INFO: [Labtools 27-1966] The ILA core 'hw_ila_1' triggered at 2022-Aug-16 14:41:54
INFO: [Labtools 27-3304] ILA Waveform data saved to file C:/Users/loser/Desktop/gth_phase_2G_DDR_youhua/GTH_ex.hw/backup/hw_ila_data_1.ila. Use Tcl command 'import_hw_ila_data' or Vivado File->Import->Import ILA Data menu item to import the previously saved data.
run_hw_ila [get_hw_ilas -of_objects [get_hw_devices xc7vx690t_0] -filter {CELL_NAME=~"ILA0"}]
INFO: [Labtools 27-1964] The ILA core 'hw_ila_1' trigger was armed at 2022-Aug-16 14:42:09
wait_on_hw_ila [get_hw_ilas -of_objects [get_hw_devices xc7vx690t_0] -filter {CELL_NAME=~"ILA0"}]
display_hw_ila_data [upload_hw_ila_data [get_hw_ilas -of_objects [get_hw_devices xc7vx690t_0] -filter {CELL_NAME=~"ILA0"}]]
INFO: [Labtools 27-1966] The ILA core 'hw_ila_1' triggered at 2022-Aug-16 14:42:09
INFO: [Labtools 27-3304] ILA Waveform data saved to file C:/Users/loser/Desktop/gth_phase_2G_DDR_youhua/GTH_ex.hw/backup/hw_ila_data_1.ila. Use Tcl command 'import_hw_ila_data' or Vivado File->Import->Import ILA Data menu item to import the previously saved data.
run_hw_ila [get_hw_ilas -of_objects [get_hw_devices xc7vx690t_0] -filter {CELL_NAME=~"ILA0"}]
INFO: [Labtools 27-1964] The ILA core 'hw_ila_1' trigger was armed at 2022-Aug-16 14:42:21
wait_on_hw_ila [get_hw_ilas -of_objects [get_hw_devices xc7vx690t_0] -filter {CELL_NAME=~"ILA0"}]
display_hw_ila_data [upload_hw_ila_data [get_hw_ilas -of_objects [get_hw_devices xc7vx690t_0] -filter {CELL_NAME=~"ILA0"}]]
INFO: [Labtools 27-1966] The ILA core 'hw_ila_1' triggered at 2022-Aug-16 14:42:21
INFO: [Labtools 27-3304] ILA Waveform data saved to file C:/Users/loser/Desktop/gth_phase_2G_DDR_youhua/GTH_ex.hw/backup/hw_ila_data_1.ila. Use Tcl command 'import_hw_ila_data' or Vivado File->Import->Import ILA Data menu item to import the previously saved data.
ERROR: [Labtoolstcl 44-513] HW Target shutdown. Closing target: localhost:3121/xilinx_tcf/Digilent/210512180081
INFO: [Labtoolstcl 44-466] Opening hw_target localhost:3121/xilinx_tcf/Digilent/210512180081
INFO: [Labtools 27-1435] Device xc7vx690t (JTAG device index = 0) is not programmed (DONE status = 0).
WARNING: [Labtoolstcl 44-129] No matching hw_ila_data was found.
set_property PROBES.FILE {C:/Users/loser/Desktop/gth_phase_2G_DDR_youhua/GTH_ex.runs/impl_1/GTH_exdes.ltx} [get_hw_devices xc7vx690t_0]
set_property FULL_PROBES.FILE {C:/Users/loser/Desktop/gth_phase_2G_DDR_youhua/GTH_ex.runs/impl_1/GTH_exdes.ltx} [get_hw_devices xc7vx690t_0]
set_property PROGRAM.FILE {C:/Users/loser/Desktop/gth_phase_2G_DDR_youhua/GTH_ex.runs/impl_1/GTH_exdes.bit} [get_hw_devices xc7vx690t_0]
program_hw_devices [get_hw_devices xc7vx690t_0]
INFO: [Labtools 27-3164] End of startup status: HIGH
program_hw_devices: Time (s): cpu = 00:00:25 ; elapsed = 00:00:24 . Memory (MB): peak = 1657.641 ; gain = 0.379
refresh_hw_device [lindex [get_hw_devices xc7vx690t_0] 0]
INFO: [Labtools 27-2302] Device xc7vx690t (JTAG device index = 0) is programmed with a design that has 2 ILA core(s).
display_hw_ila_data [ get_hw_ila_data hw_ila_data_1 -of_objects [get_hw_ilas -of_objects [get_hw_devices xc7vx690t_0] -filter {CELL_NAME=~"ILA0"}]]
INFO: [Labtools 27-3304] ILA Waveform data saved to file C:/Users/loser/Desktop/gth_phase_2G_DDR_youhua/GTH_ex.hw/backup/hw_ila_data_1.ila. Use Tcl command 'import_hw_ila_data' or Vivado File->Import->Import ILA Data menu item to import the previously saved data.
display_hw_ila_data [ get_hw_ila_data hw_ila_data_2 -of_objects [get_hw_ilas -of_objects [get_hw_devices xc7vx690t_0] -filter {CELL_NAME=~"UU5/LL2"}]]
INFO: [Labtools 27-3304] ILA Waveform data saved to file C:/Users/loser/Desktop/gth_phase_2G_DDR_youhua/GTH_ex.hw/backup/hw_ila_data_2.ila. Use Tcl command 'import_hw_ila_data' or Vivado File->Import->Import ILA Data menu item to import the previously saved data.
run_hw_ila [get_hw_ilas -of_objects [get_hw_devices xc7vx690t_0] -filter {CELL_NAME=~"ILA0"}]
INFO: [Labtools 27-1964] The ILA core 'hw_ila_1' trigger was armed at 2022-Aug-16 14:43:16
wait_on_hw_ila [get_hw_ilas -of_objects [get_hw_devices xc7vx690t_0] -filter {CELL_NAME=~"ILA0"}]
display_hw_ila_data [upload_hw_ila_data [get_hw_ilas -of_objects [get_hw_devices xc7vx690t_0] -filter {CELL_NAME=~"ILA0"}]]
INFO: [Labtools 27-1966] The ILA core 'hw_ila_1' triggered at 2022-Aug-16 14:43:16
INFO: [Labtools 27-3304] ILA Waveform data saved to file C:/Users/loser/Desktop/gth_phase_2G_DDR_youhua/GTH_ex.hw/backup/hw_ila_data_1.ila. Use Tcl command 'import_hw_ila_data' or Vivado File->Import->Import ILA Data menu item to import the previously saved data.
run_hw_ila [get_hw_ilas -of_objects [get_hw_devices xc7vx690t_0] -filter {CELL_NAME=~"ILA0"}]
INFO: [Labtools 27-1964] The ILA core 'hw_ila_1' trigger was armed at 2022-Aug-16 14:43:23
wait_on_hw_ila [get_hw_ilas -of_objects [get_hw_devices xc7vx690t_0] -filter {CELL_NAME=~"ILA0"}]
display_hw_ila_data [upload_hw_ila_data [get_hw_ilas -of_objects [get_hw_devices xc7vx690t_0] -filter {CELL_NAME=~"ILA0"}]]
INFO: [Labtools 27-1966] The ILA core 'hw_ila_1' triggered at 2022-Aug-16 14:43:23
INFO: [Labtools 27-3304] ILA Waveform data saved to file C:/Users/loser/Desktop/gth_phase_2G_DDR_youhua/GTH_ex.hw/backup/hw_ila_data_1.ila. Use Tcl command 'import_hw_ila_data' or Vivado File->Import->Import ILA Data menu item to import the previously saved data.
run_hw_ila [get_hw_ilas -of_objects [get_hw_devices xc7vx690t_0] -filter {CELL_NAME=~"UU5/LL2"}]
INFO: [Labtools 27-1964] The ILA core 'hw_ila_2' trigger was armed at 2022-Aug-16 14:43:37
wait_on_hw_ila [get_hw_ilas -of_objects [get_hw_devices xc7vx690t_0] -filter {CELL_NAME=~"UU5/LL2"}]
display_hw_ila_data [upload_hw_ila_data [get_hw_ilas -of_objects [get_hw_devices xc7vx690t_0] -filter {CELL_NAME=~"UU5/LL2"}]]
INFO: [Labtools 27-1966] The ILA core 'hw_ila_2' triggered at 2022-Aug-16 14:43:37
INFO: [Labtools 27-3304] ILA Waveform data saved to file C:/Users/loser/Desktop/gth_phase_2G_DDR_youhua/GTH_ex.hw/backup/hw_ila_data_2.ila. Use Tcl command 'import_hw_ila_data' or Vivado File->Import->Import ILA Data menu item to import the previously saved data.
run_hw_ila [get_hw_ilas -of_objects [get_hw_devices xc7vx690t_0] -filter {CELL_NAME=~"UU5/LL2"}]
INFO: [Labtools 27-1964] The ILA core 'hw_ila_2' trigger was armed at 2022-Aug-16 14:43:55
wait_on_hw_ila [get_hw_ilas -of_objects [get_hw_devices xc7vx690t_0] -filter {CELL_NAME=~"UU5/LL2"}]
display_hw_ila_data [upload_hw_ila_data [get_hw_ilas -of_objects [get_hw_devices xc7vx690t_0] -filter {CELL_NAME=~"UU5/LL2"}]]
INFO: [Labtools 27-1966] The ILA core 'hw_ila_2' triggered at 2022-Aug-16 14:43:55
INFO: [Labtools 27-3304] ILA Waveform data saved to file C:/Users/loser/Desktop/gth_phase_2G_DDR_youhua/GTH_ex.hw/backup/hw_ila_data_2.ila. Use Tcl command 'import_hw_ila_data' or Vivado File->Import->Import ILA Data menu item to import the previously saved data.
ERROR: [Labtoolstcl 44-513] HW Target shutdown. Closing target: localhost:3121/xilinx_tcf/Digilent/210512180081
close_hw
exit
INFO: [Common 17-206] Exiting Vivado at Tue Aug 16 14:45:19 2022...
