#-----------------------------------------------------------
# Vivado v2017.4 (64-bit)
# SW Build 2086221 on Fri Dec 15 20:55:39 MST 2017
# IP Build 2085800 on Fri Dec 15 22:25:07 MST 2017
# Start of session at: Mon Aug 15 21:07:34 2022
# Process ID: 24732
# Current directory: C:/Users/loser/Desktop/gth_phase_2G_DDR_youhua
# Command line: vivado.exe -gui_launcher_event rodinguilauncherevent4692 C:\Users\loser\Desktop\gth_phase_2G_DDR_youhua\GTH_ex.xpr
# Log file: C:/Users/loser/Desktop/gth_phase_2G_DDR_youhua/vivado.log
# Journal file: C:/Users/loser/Desktop/gth_phase_2G_DDR_youhua\vivado.jou
#-----------------------------------------------------------
start_gui
open_project C:/Users/loser/Desktop/gth_phase_2G_DDR_youhua/GTH_ex.xpr
INFO: [Project 1-313] Project file moved from 'C:/Users/loser/Desktop/gth_phase_2G_DDR_TEST' since last save.
Scanning sources...
Finished scanning sources
INFO: [IP_Flow 19-234] Refreshing IP repositories
INFO: [IP_Flow 19-1704] No user IP repositories specified
INFO: [IP_Flow 19-2313] Loaded Vivado IP repository 'D:/Vivado/Vivado/2017.4/data/ip'.
open_project: Time (s): cpu = 00:00:23 ; elapsed = 00:00:17 . Memory (MB): peak = 1021.199 ; gain = 273.543
update_compile_order -fileset sources_1
add_files -norecurse {C:/Users/loser/Desktop/gth_phase_2G_DDR_youhua/GTH_ex.srcs/sources_1/new/FFT_modul_cal.v C:/Users/loser/Desktop/gth_phase_2G_DDR_youhua/GTH_ex.srcs/sources_1/new/arctan_cal.v C:/Users/loser/Desktop/gth_phase_2G_DDR_youhua/GTH_ex.srcs/sources_1/new/phase_cal.v C:/Users/loser/Desktop/gth_phase_2G_DDR_youhua/GTH_ex.srcs/sources_1/new/FFT_cal.v C:/Users/loser/Desktop/gth_phase_2G_DDR_youhua/GTH_ex.srcs/sources_1/new/compare_cal.v C:/Users/loser/Desktop/gth_phase_2G_DDR_youhua/GTH_ex.srcs/sources_1/new/signal_cor.v}
update_compile_order -fileset sources_1
update_compile_order -fileset sources_1
export_ip_user_files -of_objects  [get_files C:/Users/loser/Desktop/gth_phase_2G_DDR_youhua/GTH_ex.srcs/sources_1/ip/ddr3_out/ddr3_out.xci] -no_script -reset -force -quiet
remove_files  -fileset ddr3_out C:/Users/loser/Desktop/gth_phase_2G_DDR_youhua/GTH_ex.srcs/sources_1/ip/ddr3_out/ddr3_out.xci
INFO: [Project 1-386] Moving file 'C:/Users/loser/Desktop/gth_phase_2G_DDR_youhua/GTH_ex.srcs/sources_1/ip/ddr3_out/ddr3_out.xci' from fileset 'ddr3_out' to fileset 'sources_1'.
file delete -force C:/Users/loser/Desktop/gth_phase_2G_DDR_youhua/GTH_ex.srcs/sources_1/ip/ddr3_out
export_ip_user_files -of_objects  [get_files C:/Users/loser/Desktop/gth_phase_2G_DDR_youhua/GTH_ex.srcs/sources_1/ip/ila_4/ila_4.xci] -no_script -reset -force -quiet
remove_files  -fileset ila_4 C:/Users/loser/Desktop/gth_phase_2G_DDR_youhua/GTH_ex.srcs/sources_1/ip/ila_4/ila_4.xci
INFO: [Project 1-386] Moving file 'C:/Users/loser/Desktop/gth_phase_2G_DDR_youhua/GTH_ex.srcs/sources_1/ip/ila_4/ila_4.xci' from fileset 'ila_4' to fileset 'sources_1'.
file delete -force C:/Users/loser/Desktop/gth_phase_2G_DDR_youhua/GTH_ex.srcs/sources_1/ip/ila_4
export_ip_user_files -of_objects  [get_files C:/Users/loser/Desktop/gth_phase_2G_DDR_youhua/GTH_ex.srcs/sources_1/ip/wave_data/wave_data.xci] -no_script -reset -force -quiet
remove_files  -fileset wave_data C:/Users/loser/Desktop/gth_phase_2G_DDR_youhua/GTH_ex.srcs/sources_1/ip/wave_data/wave_data.xci
INFO: [Project 1-386] Moving file 'C:/Users/loser/Desktop/gth_phase_2G_DDR_youhua/GTH_ex.srcs/sources_1/ip/wave_data/wave_data.xci' from fileset 'wave_data' to fileset 'sources_1'.
file delete -force C:/Users/loser/Desktop/gth_phase_2G_DDR_youhua/GTH_ex.srcs/sources_1/ip/wave_data
export_ip_user_files -of_objects  [get_files C:/Users/loser/Desktop/gth_phase_2G_DDR_youhua/GTH_ex.srcs/sources_1/ip/ila_3/ila_3.xci] -no_script -reset -force -quiet
remove_files  -fileset ila_3 C:/Users/loser/Desktop/gth_phase_2G_DDR_youhua/GTH_ex.srcs/sources_1/ip/ila_3/ila_3.xci
INFO: [Project 1-386] Moving file 'C:/Users/loser/Desktop/gth_phase_2G_DDR_youhua/GTH_ex.srcs/sources_1/ip/ila_3/ila_3.xci' from fileset 'ila_3' to fileset 'sources_1'.
file delete -force C:/Users/loser/Desktop/gth_phase_2G_DDR_youhua/GTH_ex.srcs/sources_1/ip/ila_3
reset_run synth_1
launch_runs impl_1 -to_step write_bitstream -jobs 8
INFO: [Vivado 12-4149] The synthesis checkpoint for IP 'C:/Users/loser/Desktop/gth_phase_2G_DDR_youhua/GTH_ex.srcs/sources_1/ip/phase_number/phase_number.xci' is already up-to-date
INFO: [Vivado 12-4149] The synthesis checkpoint for IP 'C:/Users/loser/Desktop/gth_phase_2G_DDR_youhua/GTH_ex.srcs/sources_1/ip/multiplier/multiplier.xci' is already up-to-date
INFO: [Vivado 12-4149] The synthesis checkpoint for IP 'C:/Users/loser/Desktop/gth_phase_2G_DDR_youhua/GTH_ex.srcs/sources_1/ip/GTH/GTH.xci' is already up-to-date
[Mon Aug 15 21:17:04 2022] Launched synth_1...
Run output will be captured here: C:/Users/loser/Desktop/gth_phase_2G_DDR_youhua/GTH_ex.runs/synth_1/runme.log
[Mon Aug 15 21:17:04 2022] Launched impl_1...
Run output will be captured here: C:/Users/loser/Desktop/gth_phase_2G_DDR_youhua/GTH_ex.runs/impl_1/runme.log
reset_run synth_1
launch_runs impl_1 -to_step write_bitstream -jobs 8
INFO: [Vivado 12-4149] The synthesis checkpoint for IP 'C:/Users/loser/Desktop/gth_phase_2G_DDR_youhua/GTH_ex.srcs/sources_1/ip/phase_number/phase_number.xci' is already up-to-date
INFO: [Vivado 12-4149] The synthesis checkpoint for IP 'C:/Users/loser/Desktop/gth_phase_2G_DDR_youhua/GTH_ex.srcs/sources_1/ip/multiplier/multiplier.xci' is already up-to-date
INFO: [Vivado 12-4149] The synthesis checkpoint for IP 'C:/Users/loser/Desktop/gth_phase_2G_DDR_youhua/GTH_ex.srcs/sources_1/ip/GTH/GTH.xci' is already up-to-date
[Mon Aug 15 21:27:10 2022] Launched synth_1...
Run output will be captured here: C:/Users/loser/Desktop/gth_phase_2G_DDR_youhua/GTH_ex.runs/synth_1/runme.log
[Mon Aug 15 21:27:11 2022] Launched impl_1...
Run output will be captured here: C:/Users/loser/Desktop/gth_phase_2G_DDR_youhua/GTH_ex.runs/impl_1/runme.log
open_hw
connect_hw_server
INFO: [Labtools 27-2285] Connecting to hw_server url TCP:localhost:3121
INFO: [Labtools 27-2222] Launching hw_server...
INFO: [Labtools 27-2221] Launch Output:

****** Xilinx hw_server v2017.4
  **** Build date : Dec 15 2017-21:08:27
    ** Copyright 1986-2017 Xilinx, Inc. All Rights Reserved.


open_hw_target
INFO: [Labtoolstcl 44-466] Opening hw_target localhost:3121/xilinx_tcf/Digilent/210512180081
set_property PROGRAM.FILE {C:/Users/loser/Desktop/gth_phase_2G_DDR_youhua/GTH_ex.runs/impl_1/GTH_exdes.bit} [get_hw_devices xc7vx690t_0]
set_property PROBES.FILE {C:/Users/loser/Desktop/gth_phase_2G_DDR_youhua/GTH_ex.runs/impl_1/GTH_exdes.ltx} [get_hw_devices xc7vx690t_0]
set_property FULL_PROBES.FILE {C:/Users/loser/Desktop/gth_phase_2G_DDR_youhua/GTH_ex.runs/impl_1/GTH_exdes.ltx} [get_hw_devices xc7vx690t_0]
current_hw_device [get_hw_devices xc7vx690t_0]
refresh_hw_device [lindex [get_hw_devices xc7vx690t_0] 0]
INFO: [Labtools 27-1435] Device xc7vx690t (JTAG device index = 0) is not programmed (DONE status = 0).
set_property PROBES.FILE {C:/Users/loser/Desktop/gth_phase_2G_DDR_youhua/GTH_ex.runs/impl_1/GTH_exdes.ltx} [get_hw_devices xc7vx690t_0]
set_property FULL_PROBES.FILE {C:/Users/loser/Desktop/gth_phase_2G_DDR_youhua/GTH_ex.runs/impl_1/GTH_exdes.ltx} [get_hw_devices xc7vx690t_0]
set_property PROGRAM.FILE {C:/Users/loser/Desktop/gth_phase_2G_DDR_youhua/GTH_ex.runs/impl_1/GTH_exdes.bit} [get_hw_devices xc7vx690t_0]
program_hw_devices [get_hw_devices xc7vx690t_0]
INFO: [Labtools 27-3164] End of startup status: HIGH
program_hw_devices: Time (s): cpu = 00:00:24 ; elapsed = 00:00:24 . Memory (MB): peak = 1768.859 ; gain = 1.141
refresh_hw_device [lindex [get_hw_devices xc7vx690t_0] 0]
INFO: [Labtools 27-2302] Device xc7vx690t (JTAG device index = 0) is programmed with a design that has 1 ILA core(s).
display_hw_ila_data [ get_hw_ila_data hw_ila_data_1 -of_objects [get_hw_ilas -of_objects [get_hw_devices xc7vx690t_0] -filter {CELL_NAME=~"ILA0"}]]
INFO: [Labtools 27-3304] ILA Waveform data saved to file C:/Users/loser/Desktop/gth_phase_2G_DDR_youhua/GTH_ex.hw/backup/hw_ila_data_1.ila. Use Tcl command 'import_hw_ila_data' or Vivado File->Import->Import ILA Data menu item to import the previously saved data.
run_hw_ila [get_hw_ilas -of_objects [get_hw_devices xc7vx690t_0] -filter {CELL_NAME=~"ILA0"}]
INFO: [Labtools 27-1964] The ILA core 'hw_ila_1' trigger was armed at 2022-Aug-15 22:07:17
wait_on_hw_ila [get_hw_ilas -of_objects [get_hw_devices xc7vx690t_0] -filter {CELL_NAME=~"ILA0"}]
display_hw_ila_data [upload_hw_ila_data [get_hw_ilas -of_objects [get_hw_devices xc7vx690t_0] -filter {CELL_NAME=~"ILA0"}]]
INFO: [Labtools 27-1966] The ILA core 'hw_ila_1' triggered at 2022-Aug-15 22:07:17
INFO: [Labtools 27-3304] ILA Waveform data saved to file C:/Users/loser/Desktop/gth_phase_2G_DDR_youhua/GTH_ex.hw/backup/hw_ila_data_1.ila. Use Tcl command 'import_hw_ila_data' or Vivado File->Import->Import ILA Data menu item to import the previously saved data.
run_hw_ila [get_hw_ilas -of_objects [get_hw_devices xc7vx690t_0] -filter {CELL_NAME=~"ILA0"}]
INFO: [Labtools 27-1964] The ILA core 'hw_ila_1' trigger was armed at 2022-Aug-15 22:07:30
wait_on_hw_ila [get_hw_ilas -of_objects [get_hw_devices xc7vx690t_0] -filter {CELL_NAME=~"ILA0"}]
display_hw_ila_data [upload_hw_ila_data [get_hw_ilas -of_objects [get_hw_devices xc7vx690t_0] -filter {CELL_NAME=~"ILA0"}]]
INFO: [Labtools 27-1966] The ILA core 'hw_ila_1' triggered at 2022-Aug-15 22:07:30
INFO: [Labtools 27-3304] ILA Waveform data saved to file C:/Users/loser/Desktop/gth_phase_2G_DDR_youhua/GTH_ex.hw/backup/hw_ila_data_1.ila. Use Tcl command 'import_hw_ila_data' or Vivado File->Import->Import ILA Data menu item to import the previously saved data.
run_hw_ila [get_hw_ilas -of_objects [get_hw_devices xc7vx690t_0] -filter {CELL_NAME=~"ILA0"}]
INFO: [Labtools 27-1964] The ILA core 'hw_ila_1' trigger was armed at 2022-Aug-15 22:07:50
wait_on_hw_ila [get_hw_ilas -of_objects [get_hw_devices xc7vx690t_0] -filter {CELL_NAME=~"ILA0"}]
display_hw_ila_data [upload_hw_ila_data [get_hw_ilas -of_objects [get_hw_devices xc7vx690t_0] -filter {CELL_NAME=~"ILA0"}]]
INFO: [Labtools 27-1966] The ILA core 'hw_ila_1' triggered at 2022-Aug-15 22:07:50
INFO: [Labtools 27-3304] ILA Waveform data saved to file C:/Users/loser/Desktop/gth_phase_2G_DDR_youhua/GTH_ex.hw/backup/hw_ila_data_1.ila. Use Tcl command 'import_hw_ila_data' or Vivado File->Import->Import ILA Data menu item to import the previously saved data.
run_hw_ila [get_hw_ilas -of_objects [get_hw_devices xc7vx690t_0] -filter {CELL_NAME=~"ILA0"}]
INFO: [Labtools 27-1964] The ILA core 'hw_ila_1' trigger was armed at 2022-Aug-15 22:07:52
wait_on_hw_ila [get_hw_ilas -of_objects [get_hw_devices xc7vx690t_0] -filter {CELL_NAME=~"ILA0"}]
display_hw_ila_data [upload_hw_ila_data [get_hw_ilas -of_objects [get_hw_devices xc7vx690t_0] -filter {CELL_NAME=~"ILA0"}]]
INFO: [Labtools 27-1966] The ILA core 'hw_ila_1' triggered at 2022-Aug-15 22:07:52
INFO: [Labtools 27-3304] ILA Waveform data saved to file C:/Users/loser/Desktop/gth_phase_2G_DDR_youhua/GTH_ex.hw/backup/hw_ila_data_1.ila. Use Tcl command 'import_hw_ila_data' or Vivado File->Import->Import ILA Data menu item to import the previously saved data.
run_hw_ila [get_hw_ilas -of_objects [get_hw_devices xc7vx690t_0] -filter {CELL_NAME=~"ILA0"}]
INFO: [Labtools 27-1964] The ILA core 'hw_ila_1' trigger was armed at 2022-Aug-15 22:07:57
wait_on_hw_ila [get_hw_ilas -of_objects [get_hw_devices xc7vx690t_0] -filter {CELL_NAME=~"ILA0"}]
display_hw_ila_data [upload_hw_ila_data [get_hw_ilas -of_objects [get_hw_devices xc7vx690t_0] -filter {CELL_NAME=~"ILA0"}]]
INFO: [Labtools 27-1966] The ILA core 'hw_ila_1' triggered at 2022-Aug-15 22:07:57
INFO: [Labtools 27-3304] ILA Waveform data saved to file C:/Users/loser/Desktop/gth_phase_2G_DDR_youhua/GTH_ex.hw/backup/hw_ila_data_1.ila. Use Tcl command 'import_hw_ila_data' or Vivado File->Import->Import ILA Data menu item to import the previously saved data.
run_hw_ila [get_hw_ilas -of_objects [get_hw_devices xc7vx690t_0] -filter {CELL_NAME=~"ILA0"}]
INFO: [Labtools 27-1964] The ILA core 'hw_ila_1' trigger was armed at 2022-Aug-15 22:08:00
wait_on_hw_ila [get_hw_ilas -of_objects [get_hw_devices xc7vx690t_0] -filter {CELL_NAME=~"ILA0"}]
display_hw_ila_data [upload_hw_ila_data [get_hw_ilas -of_objects [get_hw_devices xc7vx690t_0] -filter {CELL_NAME=~"ILA0"}]]
INFO: [Labtools 27-1966] The ILA core 'hw_ila_1' triggered at 2022-Aug-15 22:08:00
INFO: [Labtools 27-3304] ILA Waveform data saved to file C:/Users/loser/Desktop/gth_phase_2G_DDR_youhua/GTH_ex.hw/backup/hw_ila_data_1.ila. Use Tcl command 'import_hw_ila_data' or Vivado File->Import->Import ILA Data menu item to import the previously saved data.
save_wave_config {C:/Users/loser/Desktop/gth_phase_2G_DDR_youhua/GTH_ex.hw/hw_1/wave/hw_ila_data_1/hw_ila_data_1.wcfg}
close_hw
exit
INFO: [Common 17-206] Exiting Vivado at Mon Aug 15 22:08:11 2022...
