
*** Running vivado
    with args -log FFT.vds -m64 -product Vivado -mode batch -messageDb vivado.pb -notrace -source FFT.tcl


****** Vivado v2017.4 (64-bit)
  **** SW Build 2086221 on Fri Dec 15 20:55:39 MST 2017
  **** IP Build 2085800 on Fri Dec 15 22:25:07 MST 2017
    ** Copyright 1986-2017 Xilinx, Inc. All Rights Reserved.

source FFT.tcl -notrace
Command: synth_design -top FFT -part xc7vx690tffg1761-1 -mode out_of_context
Starting synth_design
Attempting to get a license for feature 'Synthesis' and/or device 'xc7vx690t'
INFO: [Common 17-349] Got license for feature 'Synthesis' and/or device 'xc7vx690t'
INFO: Launching helper process for spawning children vivado processes
INFO: Helper process launched with PID 8480 
---------------------------------------------------------------------------------
Starting RTL Elaboration : Time (s): cpu = 00:00:08 ; elapsed = 00:00:08 . Memory (MB): peak = 405.254 ; gain = 99.520
---------------------------------------------------------------------------------
INFO: [Synth 8-638] synthesizing module 'FFT' [c:/Users/loser/Desktop/gth_phase_ex/GTH_ex.srcs/sources_1/ip/FFT/synth/FFT.vhd:87]
	Parameter C_XDEVICEFAMILY bound to: virtex7 - type: string 
	Parameter C_S_AXIS_CONFIG_TDATA_WIDTH bound to: 8 - type: integer 
	Parameter C_S_AXIS_DATA_TDATA_WIDTH bound to: 32 - type: integer 
	Parameter C_M_AXIS_DATA_TDATA_WIDTH bound to: 32 - type: integer 
	Parameter C_M_AXIS_DATA_TUSER_WIDTH bound to: 24 - type: integer 
	Parameter C_M_AXIS_STATUS_TDATA_WIDTH bound to: 8 - type: integer 
	Parameter C_THROTTLE_SCHEME bound to: 1 - type: integer 
	Parameter C_CHANNELS bound to: 1 - type: integer 
	Parameter C_NFFT_MAX bound to: 9 - type: integer 
	Parameter C_ARCH bound to: 3 - type: integer 
	Parameter C_HAS_NFFT bound to: 0 - type: integer 
	Parameter C_USE_FLT_PT bound to: 0 - type: integer 
	Parameter C_INPUT_WIDTH bound to: 16 - type: integer 
	Parameter C_TWIDDLE_WIDTH bound to: 9 - type: integer 
	Parameter C_OUTPUT_WIDTH bound to: 16 - type: integer 
	Parameter C_HAS_SCALING bound to: 1 - type: integer 
	Parameter C_HAS_BFP bound to: 1 - type: integer 
	Parameter C_HAS_ROUNDING bound to: 0 - type: integer 
	Parameter C_HAS_ACLKEN bound to: 0 - type: integer 
	Parameter C_HAS_ARESETN bound to: 1 - type: integer 
	Parameter C_HAS_OVFLO bound to: 0 - type: integer 
	Parameter C_HAS_NATURAL_INPUT bound to: 1 - type: integer 
	Parameter C_HAS_NATURAL_OUTPUT bound to: 1 - type: integer 
	Parameter C_HAS_CYCLIC_PREFIX bound to: 0 - type: integer 
	Parameter C_HAS_XK_INDEX bound to: 1 - type: integer 
	Parameter C_DATA_MEM_TYPE bound to: 1 - type: integer 
	Parameter C_TWIDDLE_MEM_TYPE bound to: 1 - type: integer 
	Parameter C_BRAM_STAGES bound to: 2 - type: integer 
	Parameter C_REORDER_MEM_TYPE bound to: 1 - type: integer 
	Parameter C_USE_HYBRID_RAM bound to: 0 - type: integer 
	Parameter C_OPTIMIZE_GOAL bound to: 0 - type: integer 
	Parameter C_CMPY_TYPE bound to: 2 - type: integer 
	Parameter C_BFLY_TYPE bound to: 0 - type: integer 
INFO: [Synth 8-3491] module 'xfft_v9_0_14' declared at 'c:/Users/loser/Desktop/gth_phase_ex/GTH_ex.srcs/sources_1/ip/FFT/hdl/xfft_v9_0_vh_rfs.vhd:102352' bound to instance 'U0' of component 'xfft_v9_0_14' [c:/Users/loser/Desktop/gth_phase_ex/GTH_ex.srcs/sources_1/ip/FFT/synth/FFT.vhd:199]
INFO: [Synth 8-256] done synthesizing module 'FFT' (53#1) [c:/Users/loser/Desktop/gth_phase_ex/GTH_ex.srcs/sources_1/ip/FFT/synth/FFT.vhd:87]
WARNING: [Synth 8-3331] design shift_ram__parameterized72 has unconnected port D1
WARNING: [Synth 8-3331] design shift_ram__parameterized72 has unconnected port DEPTHx2
WARNING: [Synth 8-3331] design shift_ram__parameterized71 has unconnected port D1
WARNING: [Synth 8-3331] design shift_ram__parameterized71 has unconnected port COMBI_SCLR
WARNING: [Synth 8-3331] design shift_ram__parameterized71 has unconnected port DEPTHx2
WARNING: [Synth 8-3331] design shift_ram__parameterized70 has unconnected port D1
WARNING: [Synth 8-3331] design shift_ram__parameterized70 has unconnected port CLK
WARNING: [Synth 8-3331] design shift_ram__parameterized70 has unconnected port CE
WARNING: [Synth 8-3331] design shift_ram__parameterized70 has unconnected port SCLR
WARNING: [Synth 8-3331] design shift_ram__parameterized70 has unconnected port COMBI_SCLR
WARNING: [Synth 8-3331] design shift_ram__parameterized70 has unconnected port DEPTHx2
WARNING: [Synth 8-3331] design shift_ram__parameterized69 has unconnected port D1
WARNING: [Synth 8-3331] design shift_ram__parameterized69 has unconnected port CLK
WARNING: [Synth 8-3331] design shift_ram__parameterized69 has unconnected port CE
WARNING: [Synth 8-3331] design shift_ram__parameterized69 has unconnected port SCLR
WARNING: [Synth 8-3331] design shift_ram__parameterized69 has unconnected port COMBI_SCLR
WARNING: [Synth 8-3331] design shift_ram__parameterized69 has unconnected port DEPTHx2
WARNING: [Synth 8-3331] design shift_ram__parameterized65 has unconnected port D1
WARNING: [Synth 8-3331] design shift_ram__parameterized65 has unconnected port DEPTHx2
WARNING: [Synth 8-3331] design equ_rtl has unconnected port MUXCY_IN
WARNING: [Synth 8-3331] design c_reg_fd_v12_0_4_viv has unconnected port AINIT
WARNING: [Synth 8-3331] design c_reg_fd_v12_0_4_viv has unconnected port ACLR
WARNING: [Synth 8-3331] design c_reg_fd_v12_0_4_viv has unconnected port ASET
WARNING: [Synth 8-3331] design c_reg_fd_v12_0_4_viv has unconnected port SINIT
WARNING: [Synth 8-3331] design c_reg_fd_v12_0_4_viv has unconnected port SSET
WARNING: [Synth 8-3331] design c_addsub_v12_0_11_lut6_legacy__parameterized9 has unconnected port add
WARNING: [Synth 8-3331] design c_addsub_v12_0_11_lut6_legacy__parameterized9 has unconnected port bypass
WARNING: [Synth 8-3331] design c_addsub_v12_0_11_lut6_legacy__parameterized9 has unconnected port sset
WARNING: [Synth 8-3331] design c_addsub_v12_0_11_lut6_legacy__parameterized9 has unconnected port sinit
WARNING: [Synth 8-3331] design c_addsub_v12_0_11_legacy__parameterized9 has unconnected port b_in
WARNING: [Synth 8-3331] design c_addsub_v12_0_11_legacy__parameterized9 has unconnected port a_signed
WARNING: [Synth 8-3331] design c_addsub_v12_0_11_legacy__parameterized9 has unconnected port b_signed
WARNING: [Synth 8-3331] design cnt_tc_rtl_a__parameterized0 has unconnected port MAX[8]
WARNING: [Synth 8-3331] design cnt_tc_rtl_a__parameterized0 has unconnected port MAX[7]
WARNING: [Synth 8-3331] design cnt_tc_rtl_a__parameterized0 has unconnected port MAX[6]
WARNING: [Synth 8-3331] design cnt_tc_rtl_a__parameterized0 has unconnected port MAX[5]
WARNING: [Synth 8-3331] design cnt_tc_rtl_a__parameterized0 has unconnected port MAX[4]
WARNING: [Synth 8-3331] design cnt_tc_rtl_a__parameterized0 has unconnected port MAX[3]
WARNING: [Synth 8-3331] design cnt_tc_rtl_a__parameterized0 has unconnected port MAX[2]
WARNING: [Synth 8-3331] design cnt_tc_rtl_a__parameterized0 has unconnected port MAX[1]
WARNING: [Synth 8-3331] design cnt_tc_rtl_a__parameterized0 has unconnected port MAX[0]
WARNING: [Synth 8-3331] design cnt_tc_rtl_a__parameterized0 has unconnected port LOAD[8]
WARNING: [Synth 8-3331] design cnt_tc_rtl_a__parameterized0 has unconnected port LOAD[7]
WARNING: [Synth 8-3331] design cnt_tc_rtl_a__parameterized0 has unconnected port LOAD[6]
WARNING: [Synth 8-3331] design cnt_tc_rtl_a__parameterized0 has unconnected port LOAD[5]
WARNING: [Synth 8-3331] design cnt_tc_rtl_a__parameterized0 has unconnected port LOAD[4]
WARNING: [Synth 8-3331] design cnt_tc_rtl_a__parameterized0 has unconnected port LOAD[3]
WARNING: [Synth 8-3331] design cnt_tc_rtl_a__parameterized0 has unconnected port LOAD[2]
WARNING: [Synth 8-3331] design cnt_tc_rtl_a__parameterized0 has unconnected port LOAD[1]
WARNING: [Synth 8-3331] design cnt_tc_rtl_a__parameterized0 has unconnected port LOAD[0]
WARNING: [Synth 8-3331] design cnt_tc_rtl_a__parameterized0 has unconnected port LOAD_EN
WARNING: [Synth 8-3331] design r22_cnt_ctrl__parameterized8 has unconnected port NFFT[4]
WARNING: [Synth 8-3331] design r22_cnt_ctrl__parameterized8 has unconnected port NFFT[3]
WARNING: [Synth 8-3331] design r22_cnt_ctrl__parameterized8 has unconnected port NFFT[2]
WARNING: [Synth 8-3331] design r22_cnt_ctrl__parameterized8 has unconnected port NFFT[1]
WARNING: [Synth 8-3331] design r22_cnt_ctrl__parameterized8 has unconnected port NFFT[0]
WARNING: [Synth 8-3331] design shift_ram__parameterized19 has unconnected port D[0]
WARNING: [Synth 8-3331] design shift_ram__parameterized19 has unconnected port SCLR
WARNING: [Synth 8-3331] design shift_ram__parameterized19 has unconnected port COMBI_SCLR
WARNING: [Synth 8-3331] design shift_ram__parameterized19 has unconnected port DEPTHx2
WARNING: [Synth 8-3331] design c_reg_fd_v12_0_4_viv__parameterized31 has unconnected port AINIT
WARNING: [Synth 8-3331] design c_reg_fd_v12_0_4_viv__parameterized31 has unconnected port ACLR
WARNING: [Synth 8-3331] design c_reg_fd_v12_0_4_viv__parameterized31 has unconnected port ASET
WARNING: [Synth 8-3331] design c_reg_fd_v12_0_4_viv__parameterized31 has unconnected port SINIT
WARNING: [Synth 8-3331] design c_reg_fd_v12_0_4_viv__parameterized31 has unconnected port SCLR
WARNING: [Synth 8-3331] design c_reg_fd_v12_0_4_viv__parameterized31 has unconnected port SSET
WARNING: [Synth 8-3331] design c_addsub_v12_0_11_lut6_legacy__parameterized43 has unconnected port c_in
WARNING: [Synth 8-3331] design c_addsub_v12_0_11_lut6_legacy__parameterized43 has unconnected port bypass
WARNING: [Synth 8-3331] design c_addsub_v12_0_11_lut6_legacy__parameterized43 has unconnected port sclr
WARNING: [Synth 8-3331] design c_addsub_v12_0_11_lut6_legacy__parameterized43 has unconnected port sset
WARNING: [Synth 8-3331] design c_addsub_v12_0_11_lut6_legacy__parameterized43 has unconnected port sinit
WARNING: [Synth 8-3331] design c_addsub_v12_0_11_legacy__parameterized43 has unconnected port c_in
WARNING: [Synth 8-3331] design c_addsub_v12_0_11_legacy__parameterized43 has unconnected port b_in
WARNING: [Synth 8-3331] design c_addsub_v12_0_11_legacy__parameterized43 has unconnected port a_signed
WARNING: [Synth 8-3331] design c_addsub_v12_0_11_legacy__parameterized43 has unconnected port b_signed
WARNING: [Synth 8-3331] design c_addsub_v12_0_11_viv__parameterized21 has unconnected port C_IN
WARNING: [Synth 8-3331] design shift_ram__parameterized64 has unconnected port D1
WARNING: [Synth 8-3331] design shift_ram__parameterized64 has unconnected port SCLR
WARNING: [Synth 8-3331] design shift_ram__parameterized64 has unconnected port COMBI_SCLR
WARNING: [Synth 8-3331] design shift_ram__parameterized64 has unconnected port DEPTHx2
WARNING: [Synth 8-3331] design shift_ram__parameterized63 has unconnected port D1
WARNING: [Synth 8-3331] design shift_ram__parameterized63 has unconnected port SCLR
WARNING: [Synth 8-3331] design shift_ram__parameterized63 has unconnected port COMBI_SCLR
WARNING: [Synth 8-3331] design shift_ram__parameterized63 has unconnected port DEPTHx2
WARNING: [Synth 8-3331] design shift_ram__parameterized62 has unconnected port D[0]
WARNING: [Synth 8-3331] design shift_ram__parameterized62 has unconnected port SCLR
WARNING: [Synth 8-3331] design shift_ram__parameterized62 has unconnected port COMBI_SCLR
WARNING: [Synth 8-3331] design shift_ram__parameterized62 has unconnected port DEPTHx2
WARNING: [Synth 8-3331] design shift_ram__parameterized18 has unconnected port D[0]
WARNING: [Synth 8-3331] design shift_ram__parameterized18 has unconnected port CLK
WARNING: [Synth 8-3331] design shift_ram__parameterized18 has unconnected port CE
WARNING: [Synth 8-3331] design shift_ram__parameterized18 has unconnected port SCLR
WARNING: [Synth 8-3331] design shift_ram__parameterized18 has unconnected port COMBI_SCLR
WARNING: [Synth 8-3331] design shift_ram__parameterized18 has unconnected port DEPTHx2
WARNING: [Synth 8-3331] design r22_bf_sp__parameterized3 has unconnected port FWD_INV
WARNING: [Synth 8-3331] design r22_bf_sp__parameterized3 has unconnected port POWER2
WARNING: [Synth 8-3331] design shift_ram__parameterized1 has unconnected port D[0]
WARNING: [Synth 8-3331] design shift_ram__parameterized1 has unconnected port DEPTHx2
WARNING: [Synth 8-3331] design shift_ram__parameterized61 has unconnected port D1
WARNING: [Synth 8-3331] design shift_ram__parameterized61 has unconnected port CLK
INFO: [Common 17-14] Message 'Synth 8-3331' appears 100 times and further instances of the messages will be disabled. Use the Tcl command set_msg_config to change the current settings.
---------------------------------------------------------------------------------
Finished RTL Elaboration : Time (s): cpu = 00:01:38 ; elapsed = 00:01:38 . Memory (MB): peak = 1200.492 ; gain = 894.758
---------------------------------------------------------------------------------

Report Check Netlist: 
+------+------------------+-------+---------+-------+------------------+
|      |Item              |Errors |Warnings |Status |Description       |
+------+------------------+-------+---------+-------+------------------+
|1     |multi_driven_nets |      0|        0|Passed |Multi driven nets |
+------+------------------+-------+---------+-------+------------------+
---------------------------------------------------------------------------------
Finished RTL Optimization Phase 1 : Time (s): cpu = 00:01:38 ; elapsed = 00:01:39 . Memory (MB): peak = 1200.492 ; gain = 894.758
---------------------------------------------------------------------------------
INFO: [Netlist 29-17] Analyzing 2280 Unisim elements for replacement
INFO: [Netlist 29-28] Unisim Transformation completed in 0 CPU seconds
INFO: [Device 21-403] Loading part xc7vx690tffg1761-1
INFO: [Project 1-570] Preparing netlist for logic optimization

Processing XDC Constraints
Initializing timing engine
Parsing XDC File [c:/Users/loser/Desktop/gth_phase_ex/GTH_ex.srcs/sources_1/ip/FFT/FFT_ooc.xdc] for cell 'U0'
Finished Parsing XDC File [c:/Users/loser/Desktop/gth_phase_ex/GTH_ex.srcs/sources_1/ip/FFT/FFT_ooc.xdc] for cell 'U0'
Parsing XDC File [C:/Users/loser/Desktop/gth_phase_ex/GTH_ex.runs/FFT_synth_1/dont_touch.xdc]
Finished Parsing XDC File [C:/Users/loser/Desktop/gth_phase_ex/GTH_ex.runs/FFT_synth_1/dont_touch.xdc]
Completed Processing XDC Constraints

INFO: [Project 1-111] Unisim Transformation Summary:
  A total of 241 instances were transformed.
  FD => FDRE: 4 instances
  FDE => FDRE: 194 instances
  FDR => FDRE: 43 instances

Constraint Validation Runtime : Time (s): cpu = 00:00:00 ; elapsed = 00:00:00.174 . Memory (MB): peak = 1200.492 ; gain = 0.000
---------------------------------------------------------------------------------
Finished Constraint Validation : Time (s): cpu = 00:01:59 ; elapsed = 00:01:59 . Memory (MB): peak = 1200.492 ; gain = 894.758
---------------------------------------------------------------------------------
---------------------------------------------------------------------------------
Start Loading Part and Timing Information
---------------------------------------------------------------------------------
Loading part: xc7vx690tffg1761-1
---------------------------------------------------------------------------------
Finished Loading Part and Timing Information : Time (s): cpu = 00:01:59 ; elapsed = 00:01:59 . Memory (MB): peak = 1200.492 ; gain = 894.758
---------------------------------------------------------------------------------
---------------------------------------------------------------------------------
Start Applying 'set_property' XDC Constraints
---------------------------------------------------------------------------------
Applied set_property DONT_TOUCH = true for U0. (constraint file  C:/Users/loser/Desktop/gth_phase_ex/GTH_ex.runs/FFT_synth_1/dont_touch.xdc, line 9).
---------------------------------------------------------------------------------
Finished applying 'set_property' XDC Constraints : Time (s): cpu = 00:01:59 ; elapsed = 00:01:59 . Memory (MB): peak = 1200.492 ; gain = 894.758
---------------------------------------------------------------------------------
INFO: [Synth 8-5546] ROM "reading_last_symbol" won't be mapped to RAM because it is too sparse
INFO: [Synth 8-5544] ROM "event_tlast_unexpected" won't be mapped to Block RAM because address size (2) smaller than threshold (5)
INFO: [Synth 8-5547] Trying to map ROM "half_sincos_table" into Block RAM due to explicit "ram_style" or "rom_style" specification
INFO: [Synth 8-5547] Trying to map ROM "half_sincos_table" into Block RAM due to explicit "ram_style" or "rom_style" specification
INFO: [Synth 8-5544] ROM "empty_i" won't be mapped to Block RAM because address size (4) smaller than threshold (5)
INFO: [Synth 8-5542] Attribute ram_style/rom_style = distributed specified for ROM  "first_quarter_table". This will be implemented in logic
INFO: [Synth 8-5542] Attribute ram_style/rom_style = distributed specified for ROM  "second_quarter_table". This will be implemented in logic
INFO: [Synth 8-5542] Attribute ram_style/rom_style = distributed specified for ROM  "first_quarter_table". This will be implemented in logic
INFO: [Synth 8-5542] Attribute ram_style/rom_style = distributed specified for ROM  "second_quarter_table". This will be implemented in logic
INFO: [Synth 8-5542] Attribute ram_style/rom_style = distributed specified for ROM  "first_quarter_table". This will be implemented in logic
INFO: [Synth 8-5542] Attribute ram_style/rom_style = distributed specified for ROM  "second_quarter_table". This will be implemented in logic
---------------------------------------------------------------------------------
Finished RTL Optimization Phase 2 : Time (s): cpu = 00:02:04 ; elapsed = 00:02:06 . Memory (MB): peak = 1200.492 ; gain = 894.758
---------------------------------------------------------------------------------
INFO: [Synth 8-223] decloning instance 'U0/i_synth/xfft_inst/non_floating_point.arch_d.xfft_inst/FLOW/reset_sustain.delay_reset_3/tc_compare' (logic_gate__parameterized3) to 'U0/i_synth/xfft_inst/non_floating_point.arch_d.xfft_inst/FLOW/reset_sustain.delay_reset_3/tc_compare1'
INFO: [Synth 8-223] decloning instance 'cnt_sat:/tc_compare' (logic_gate) to 'cnt_sat:/tc_compare1'
INFO: [Synth 8-223] decloning instance 'U0/i_synth/xfft_inst/non_floating_point.arch_d.xfft_inst/FLOW/reset_sustain.resets_4_pes[3].delay_reset_pe/tc_compare' (logic_gate__parameterized0) to 'U0/i_synth/xfft_inst/non_floating_point.arch_d.xfft_inst/FLOW/reset_sustain.resets_4_pes[3].delay_reset_pe/tc_compare1'
INFO: [Synth 8-223] decloning instance 'U0/i_synth/xfft_inst/non_floating_point.arch_d.xfft_inst/FLOW/reset_sustain.resets_4_pes[2].delay_reset_pe/tc_compare' (logic_gate__parameterized1) to 'U0/i_synth/xfft_inst/non_floating_point.arch_d.xfft_inst/FLOW/reset_sustain.resets_4_pes[2].delay_reset_pe/tc_compare1'
INFO: [Synth 8-223] decloning instance 'cnt_sat__parameterized2:/tc_compare' (logic_gate__parameterized2) to 'cnt_sat__parameterized2:/tc_compare1'
INFO: [Synth 8-223] decloning instance 'U0/i_synth/xfft_inst/non_floating_point.arch_d.xfft_inst/pe_gen[4].natural_order_input.PE/SR2' (shift_ram__parameterized61) to 'U0/i_synth/xfft_inst/non_floating_point.arch_d.xfft_inst/pe_gen[4].natural_order_input.PE/SR3'

Report RTL Partitions: 
+-+--------------+------------+----------+
| |RTL Partition |Replication |Instances |
+-+--------------+------------+----------+
+-+--------------+------------+----------+
---------------------------------------------------------------------------------
Start RTL Component Statistics 
---------------------------------------------------------------------------------
---------------------------------------------------------------------------------
Finished RTL Component Statistics 
---------------------------------------------------------------------------------
---------------------------------------------------------------------------------
Start RTL Hierarchical Component Statistics 
---------------------------------------------------------------------------------
---------------------------------------------------------------------------------
Finished RTL Hierarchical Component Statistics
---------------------------------------------------------------------------------
---------------------------------------------------------------------------------
Start Part Resource Summary
---------------------------------------------------------------------------------
Part Resources:
DSPs: 3600 (col length:200)
BRAMs: 2940 (col length: RAMB18 200 RAMB36 100)
---------------------------------------------------------------------------------
Finished Part Resource Summary
---------------------------------------------------------------------------------
---------------------------------------------------------------------------------
Start Cross Boundary and Area Optimization
---------------------------------------------------------------------------------
WARNING: [Synth 8-115] binding instance 'i_40' in module 'partition' to reference 'logic__1516' which has no pins
INFO: [Synth 8-5542] Attribute ram_style/rom_style = distributed specified for ROM  "p_0_out". This will be implemented in logic
INFO: [Synth 8-5542] Attribute ram_style/rom_style = distributed specified for ROM  "p_0_out". This will be implemented in logic
INFO: [Synth 8-5542] Attribute ram_style/rom_style = distributed specified for ROM  "p_0_out". This will be implemented in logic
INFO: [Synth 8-5587] ROM size for "p_0_out" is below threshold of ROM address width. It will be mapped to LUTs
INFO: [Synth 8-5542] Attribute ram_style/rom_style = distributed specified for ROM  "p_0_out". This will be implemented in logic
INFO: [Synth 8-5587] ROM size for "p_0_out" is below threshold of ROM address width. It will be mapped to LUTs
INFO: [Synth 8-5542] Attribute ram_style/rom_style = distributed specified for ROM  "p_0_out". This will be implemented in logic
INFO: [Synth 8-5587] ROM size for "p_0_out" is below threshold of ROM address width. It will be mapped to LUTs
INFO: [Synth 8-5542] Attribute ram_style/rom_style = distributed specified for ROM  "p_0_out". This will be implemented in logic
INFO: [Synth 8-5587] ROM size for "p_0_out" is below threshold of ROM address width. It will be mapped to LUTs
INFO: [Synth 8-5546] ROM "axi_wrapper/reading_last_symbol" won't be mapped to RAM because it is too sparse
WARNING: [Synth 8-115] binding instance 'i_218' in module 'partition' to reference 'logic__1800' which has no pins
INFO: [Synth 8-3886] merging instance 'U0/i_synth/xfft_inst/non_floating_point.arch_d.xfft_inst/pe_gen[0].natural_order_input.PE/has_TW_mult.MULT/i_cmpy/four_mult_structure.use_dsp.i_dsp/re_im/use_DSP48.qDSP[0].appDSP[0].bppDSP[0].u_l[0].dynamic_sub.subtract_delay_re0/d1.dout_i_reg[0]' (FDE) to 'U0/i_synth/xfft_inst/non_floating_point.arch_d.xfft_inst/pe_gen[0].natural_order_input.PE/has_TW_mult.MULT/i_cmpy/four_mult_structure.use_dsp.i_dsp/re_im/use_DSP48.qDSP[1].appDSP[0].bppDSP[0].u_l[0].dynamic_sub.subtract_delay_re0/d1.dout_i_reg[0]'
INFO: [Synth 8-3886] merging instance 'U0/i_synth/xfft_inst/non_floating_point.arch_d.xfft_inst/pe_gen[0].natural_order_input.PE/has_TW_mult.MULT/i_cmpy/four_mult_structure.use_dsp.i_dsp/re_im/use_DSP48.qDSP[0].appDSP[0].bppDSP[0].u_l[0].dynamic_sub.subtract_delay_im0/d1.dout_i_reg[0]' (FDE) to 'U0/i_synth/xfft_inst/non_floating_point.arch_d.xfft_inst/pe_gen[0].natural_order_input.PE/has_TW_mult.MULT/i_cmpy/four_mult_structure.use_dsp.i_dsp/re_im/use_DSP48.qDSP[1].appDSP[0].bppDSP[0].u_l[0].dynamic_sub.subtract_delay_im0/d1.dout_i_reg[0]'
INFO: [Synth 8-3886] merging instance 'U0/i_synth/xfft_inst/non_floating_point.arch_d.xfft_inst/pe_gen[0].natural_order_input.PE/has_TW_mult.MULT/i_cmpy/four_mult_structure.use_dsp.i_dsp/re_im/use_DSP48.qDSP[0].appDSP[0].bppDSP[0].u_l[0].dynamic_sub.subtract_delay_im1/d1.dout_i_reg[0]' (FDE) to 'U0/i_synth/xfft_inst/non_floating_point.arch_d.xfft_inst/pe_gen[0].natural_order_input.PE/has_TW_mult.MULT/i_cmpy/four_mult_structure.use_dsp.i_dsp/re_im/use_DSP48.qDSP[1].appDSP[0].bppDSP[0].u_l[0].dynamic_sub.subtract_delay_im1/d1.dout_i_reg[0]'
INFO: [Synth 8-3886] merging instance 'U0/i_synth/xfft_inst/non_floating_point.arch_d.xfft_inst/pe_gen[1].natural_order_input.PE/has_TW_mult.MULT/i_cmpy/four_mult_structure.use_dsp.i_dsp/re_im/use_DSP48.qDSP[1].appDSP[0].bppDSP[0].u_l[0].dynamic_sub.subtract_delay_re0/d1.dout_i_reg[0]' (FDE) to 'U0/i_synth/xfft_inst/non_floating_point.arch_d.xfft_inst/pe_gen[1].natural_order_input.PE/has_TW_mult.MULT/i_cmpy/four_mult_structure.use_dsp.i_dsp/re_im/use_DSP48.qDSP[0].appDSP[0].bppDSP[0].u_l[0].dynamic_sub.subtract_delay_re0/d1.dout_i_reg[0]'
INFO: [Synth 8-3886] merging instance 'U0/i_synth/xfft_inst/non_floating_point.arch_d.xfft_inst/pe_gen[1].natural_order_input.PE/has_TW_mult.MULT/i_cmpy/four_mult_structure.use_dsp.i_dsp/re_im/use_DSP48.qDSP[1].appDSP[0].bppDSP[0].u_l[0].dynamic_sub.subtract_delay_im0/d1.dout_i_reg[0]' (FDE) to 'U0/i_synth/xfft_inst/non_floating_point.arch_d.xfft_inst/pe_gen[1].natural_order_input.PE/has_TW_mult.MULT/i_cmpy/four_mult_structure.use_dsp.i_dsp/re_im/use_DSP48.qDSP[0].appDSP[0].bppDSP[0].u_l[0].dynamic_sub.subtract_delay_im0/d1.dout_i_reg[0]'
INFO: [Synth 8-3886] merging instance 'U0/i_synth/xfft_inst/non_floating_point.arch_d.xfft_inst/pe_gen[1].natural_order_input.PE/has_TW_mult.MULT/i_cmpy/four_mult_structure.use_dsp.i_dsp/re_im/use_DSP48.qDSP[1].appDSP[0].bppDSP[0].u_l[0].dynamic_sub.subtract_delay_im1/d1.dout_i_reg[0]' (FDE) to 'U0/i_synth/xfft_inst/non_floating_point.arch_d.xfft_inst/pe_gen[1].natural_order_input.PE/has_TW_mult.MULT/i_cmpy/four_mult_structure.use_dsp.i_dsp/re_im/use_DSP48.qDSP[0].appDSP[0].bppDSP[0].u_l[0].dynamic_sub.subtract_delay_im1/d1.dout_i_reg[0]'
INFO: [Synth 8-3886] merging instance 'U0/i_synth/xfft_inst/non_floating_point.arch_d.xfft_inst/pe_gen[1].natural_order_input.PE/has_TW_mult.TW/twiddle_generator/tw2.twgen2/COSINE_reg[9]' (FDRE) to 'U0/i_synth/xfft_inst/non_floating_point.arch_d.xfft_inst/pe_gen[1].natural_order_input.PE/has_TW_mult.TW/twiddle_generator/tw2.twgen2/SINE_reg[9]'
INFO: [Synth 8-3333] propagating constant 0 across sequential element (U0/i_synth/\xfft_inst/non_floating_point.arch_d.xfft_inst/pe_gen[1].natural_order_input.PE/has_TW_mult.TW/twiddle_generator/tw2.twgen2 /\SINE_reg[9] )
INFO: [Synth 8-3886] merging instance 'U0/i_synth/xfft_inst/non_floating_point.arch_d.xfft_inst/pe_gen[2].natural_order_input.PE/has_TW_mult.MULT/i_cmpy/four_mult_structure.use_dsp.i_dsp/re_im/use_DSP48.qDSP[1].appDSP[0].bppDSP[0].u_l[0].dynamic_sub.subtract_delay_re0/d1.dout_i_reg[0]' (FDE) to 'U0/i_synth/xfft_inst/non_floating_point.arch_d.xfft_inst/pe_gen[2].natural_order_input.PE/has_TW_mult.MULT/i_cmpy/four_mult_structure.use_dsp.i_dsp/re_im/use_DSP48.qDSP[0].appDSP[0].bppDSP[0].u_l[0].dynamic_sub.subtract_delay_re0/d1.dout_i_reg[0]'
INFO: [Synth 8-3886] merging instance 'U0/i_synth/xfft_inst/non_floating_point.arch_d.xfft_inst/pe_gen[2].natural_order_input.PE/has_TW_mult.MULT/i_cmpy/four_mult_structure.use_dsp.i_dsp/re_im/use_DSP48.qDSP[1].appDSP[0].bppDSP[0].u_l[0].dynamic_sub.subtract_delay_im0/d1.dout_i_reg[0]' (FDE) to 'U0/i_synth/xfft_inst/non_floating_point.arch_d.xfft_inst/pe_gen[2].natural_order_input.PE/has_TW_mult.MULT/i_cmpy/four_mult_structure.use_dsp.i_dsp/re_im/use_DSP48.qDSP[0].appDSP[0].bppDSP[0].u_l[0].dynamic_sub.subtract_delay_im0/d1.dout_i_reg[0]'
INFO: [Synth 8-3886] merging instance 'U0/i_synth/xfft_inst/non_floating_point.arch_d.xfft_inst/pe_gen[2].natural_order_input.PE/has_TW_mult.MULT/i_cmpy/four_mult_structure.use_dsp.i_dsp/re_im/use_DSP48.qDSP[1].appDSP[0].bppDSP[0].u_l[0].dynamic_sub.subtract_delay_im1/d1.dout_i_reg[0]' (FDE) to 'U0/i_synth/xfft_inst/non_floating_point.arch_d.xfft_inst/pe_gen[2].natural_order_input.PE/has_TW_mult.MULT/i_cmpy/four_mult_structure.use_dsp.i_dsp/re_im/use_DSP48.qDSP[0].appDSP[0].bppDSP[0].u_l[0].dynamic_sub.subtract_delay_im1/d1.dout_i_reg[0]'
INFO: [Synth 8-3886] merging instance 'U0/i_synth/xfft_inst/non_floating_point.arch_d.xfft_inst/pe_gen[2].natural_order_input.PE/has_TW_mult.TW/twiddle_generator/tw2.twgen2/COSINE_reg[9]' (FDRE) to 'U0/i_synth/xfft_inst/non_floating_point.arch_d.xfft_inst/pe_gen[2].natural_order_input.PE/has_TW_mult.TW/twiddle_generator/tw2.twgen2/SINE_reg[9]'
INFO: [Synth 8-3333] propagating constant 0 across sequential element (U0/i_synth/\xfft_inst/non_floating_point.arch_d.xfft_inst/pe_gen[2].natural_order_input.PE/has_TW_mult.TW/twiddle_generator/tw2.twgen2 /\lut_rom.q1_read_reg[8] )
INFO: [Synth 8-3333] propagating constant 0 across sequential element (U0/i_synth/\xfft_inst/non_floating_point.arch_d.xfft_inst/pe_gen[2].natural_order_input.PE/has_TW_mult.TW/twiddle_generator/tw2.twgen2 /\SINE_reg[9] )
INFO: [Synth 8-3886] merging instance 'U0/i_synth/xfft_inst/non_floating_point.arch_d.xfft_inst/pe_gen[3].natural_order_input.PE/has_TW_mult.MULT/i_cmpy/four_mult_structure.use_dsp.i_dsp/re_im/use_DSP48.qDSP[1].appDSP[0].bppDSP[0].u_l[0].dynamic_sub.subtract_delay_re0/d1.dout_i_reg[0]' (FDE) to 'U0/i_synth/xfft_inst/non_floating_point.arch_d.xfft_inst/pe_gen[3].natural_order_input.PE/has_TW_mult.MULT/i_cmpy/four_mult_structure.use_dsp.i_dsp/re_im/use_DSP48.qDSP[0].appDSP[0].bppDSP[0].u_l[0].dynamic_sub.subtract_delay_re0/d1.dout_i_reg[0]'
INFO: [Synth 8-3886] merging instance 'U0/i_synth/xfft_inst/non_floating_point.arch_d.xfft_inst/pe_gen[3].natural_order_input.PE/has_TW_mult.MULT/i_cmpy/four_mult_structure.use_dsp.i_dsp/re_im/use_DSP48.qDSP[1].appDSP[0].bppDSP[0].u_l[0].dynamic_sub.subtract_delay_im0/d1.dout_i_reg[0]' (FDE) to 'U0/i_synth/xfft_inst/non_floating_point.arch_d.xfft_inst/pe_gen[3].natural_order_input.PE/has_TW_mult.MULT/i_cmpy/four_mult_structure.use_dsp.i_dsp/re_im/use_DSP48.qDSP[0].appDSP[0].bppDSP[0].u_l[0].dynamic_sub.subtract_delay_im0/d1.dout_i_reg[0]'
INFO: [Synth 8-3886] merging instance 'U0/i_synth/xfft_inst/non_floating_point.arch_d.xfft_inst/pe_gen[3].natural_order_input.PE/has_TW_mult.TW/twiddle_generator/tw2.twgen2/COSINE_reg[9]' (FDRE) to 'U0/i_synth/xfft_inst/non_floating_point.arch_d.xfft_inst/pe_gen[3].natural_order_input.PE/has_TW_mult.TW/twiddle_generator/tw2.twgen2/SINE_reg[9]'
INFO: [Synth 8-3886] merging instance 'U0/i_synth/xfft_inst/non_floating_point.arch_d.xfft_inst/pe_gen[3].natural_order_input.PE/has_TW_mult.TW/twiddle_generator/tw2.twgen2/lut_rom.q2_read_reg[0]' (FDE) to 'U0/i_synth/xfft_inst/non_floating_point.arch_d.xfft_inst/pe_gen[3].natural_order_input.PE/has_TW_mult.TW/twiddle_generator/tw2.twgen2/lut_rom.q1_read_reg[0]'
INFO: [Synth 8-3886] merging instance 'U0/i_synth/xfft_inst/non_floating_point.arch_d.xfft_inst/pe_gen[3].natural_order_input.PE/has_TW_mult.TW/twiddle_generator/tw2.twgen2/lut_rom.q1_read_reg[0]' (FDE) to 'U0/i_synth/xfft_inst/non_floating_point.arch_d.xfft_inst/pe_gen[3].natural_order_input.PE/has_TW_mult.TW/twiddle_generator/tw2.twgen2/lut_rom.q1_read_reg[2]'
INFO: [Synth 8-3886] merging instance 'U0/i_synth/xfft_inst/non_floating_point.arch_d.xfft_inst/pe_gen[3].natural_order_input.PE/has_TW_mult.TW/twiddle_generator/tw2.twgen2/lut_rom.q2_read_reg[1]' (FDE) to 'U0/i_synth/xfft_inst/non_floating_point.arch_d.xfft_inst/pe_gen[3].natural_order_input.PE/has_TW_mult.TW/twiddle_generator/tw2.twgen2/lut_rom.q1_read_reg[1]'
INFO: [Synth 8-3886] merging instance 'U0/i_synth/xfft_inst/non_floating_point.arch_d.xfft_inst/pe_gen[3].natural_order_input.PE/has_TW_mult.TW/twiddle_generator/tw2.twgen2/lut_rom.q1_read_reg[1]' (FDE) to 'U0/i_synth/xfft_inst/non_floating_point.arch_d.xfft_inst/pe_gen[3].natural_order_input.PE/has_TW_mult.TW/twiddle_generator/tw2.twgen2/lut_rom.q1_read_reg[3]'
INFO: [Synth 8-3886] merging instance 'U0/i_synth/xfft_inst/non_floating_point.arch_d.xfft_inst/pe_gen[3].natural_order_input.PE/has_TW_mult.TW/twiddle_generator/tw2.twgen2/lut_rom.q2_read_reg[2]' (FDE) to 'U0/i_synth/xfft_inst/non_floating_point.arch_d.xfft_inst/pe_gen[3].natural_order_input.PE/has_TW_mult.TW/twiddle_generator/tw2.twgen2/lut_rom.q1_read_reg[2]'
INFO: [Synth 8-3886] merging instance 'U0/i_synth/xfft_inst/non_floating_point.arch_d.xfft_inst/pe_gen[3].natural_order_input.PE/has_TW_mult.TW/twiddle_generator/tw2.twgen2/lut_rom.q1_read_reg[2]' (FDE) to 'U0/i_synth/xfft_inst/non_floating_point.arch_d.xfft_inst/pe_gen[3].natural_order_input.PE/has_TW_mult.TW/twiddle_generator/tw2.twgen2/lut_rom.q1_read_reg[4]'
INFO: [Synth 8-3886] merging instance 'U0/i_synth/xfft_inst/non_floating_point.arch_d.xfft_inst/pe_gen[3].natural_order_input.PE/has_TW_mult.TW/twiddle_generator/tw2.twgen2/lut_rom.q2_read_reg[3]' (FDE) to 'U0/i_synth/xfft_inst/non_floating_point.arch_d.xfft_inst/pe_gen[3].natural_order_input.PE/has_TW_mult.TW/twiddle_generator/tw2.twgen2/lut_rom.q1_read_reg[3]'
INFO: [Synth 8-3886] merging instance 'U0/i_synth/xfft_inst/non_floating_point.arch_d.xfft_inst/pe_gen[3].natural_order_input.PE/has_TW_mult.TW/twiddle_generator/tw2.twgen2/lut_rom.q1_read_reg[3]' (FDE) to 'U0/i_synth/xfft_inst/non_floating_point.arch_d.xfft_inst/pe_gen[3].natural_order_input.PE/has_TW_mult.TW/twiddle_generator/tw2.twgen2/lut_rom.q1_read_reg[6]'
INFO: [Synth 8-3886] merging instance 'U0/i_synth/xfft_inst/non_floating_point.arch_d.xfft_inst/pe_gen[3].natural_order_input.PE/has_TW_mult.TW/twiddle_generator/tw2.twgen2/lut_rom.q2_read_reg[4]' (FDE) to 'U0/i_synth/xfft_inst/non_floating_point.arch_d.xfft_inst/pe_gen[3].natural_order_input.PE/has_TW_mult.TW/twiddle_generator/tw2.twgen2/lut_rom.q1_read_reg[4]'
INFO: [Synth 8-3886] merging instance 'U0/i_synth/xfft_inst/non_floating_point.arch_d.xfft_inst/pe_gen[3].natural_order_input.PE/has_TW_mult.TW/twiddle_generator/tw2.twgen2/lut_rom.q1_read_reg[4]' (FDE) to 'U0/i_synth/xfft_inst/non_floating_point.arch_d.xfft_inst/pe_gen[3].natural_order_input.PE/has_TW_mult.TW/twiddle_generator/tw2.twgen2/lut_rom.q1_read_reg[5]'
INFO: [Synth 8-3886] merging instance 'U0/i_synth/xfft_inst/non_floating_point.arch_d.xfft_inst/pe_gen[3].natural_order_input.PE/has_TW_mult.TW/twiddle_generator/tw2.twgen2/lut_rom.q2_read_reg[5]' (FDE) to 'U0/i_synth/xfft_inst/non_floating_point.arch_d.xfft_inst/pe_gen[3].natural_order_input.PE/has_TW_mult.TW/twiddle_generator/tw2.twgen2/lut_rom.q1_read_reg[5]'
INFO: [Synth 8-3886] merging instance 'U0/i_synth/xfft_inst/non_floating_point.arch_d.xfft_inst/pe_gen[3].natural_order_input.PE/has_TW_mult.TW/twiddle_generator/tw2.twgen2/lut_rom.q1_read_reg[5]' (FDE) to 'U0/i_synth/xfft_inst/non_floating_point.arch_d.xfft_inst/pe_gen[3].natural_order_input.PE/has_TW_mult.TW/twiddle_generator/tw2.twgen2/lut_rom.q1_read_reg[7]'
INFO: [Synth 8-3886] merging instance 'U0/i_synth/xfft_inst/non_floating_point.arch_d.xfft_inst/pe_gen[3].natural_order_input.PE/has_TW_mult.TW/twiddle_generator/tw2.twgen2/lut_rom.q2_read_reg[6]' (FDE) to 'U0/i_synth/xfft_inst/non_floating_point.arch_d.xfft_inst/pe_gen[3].natural_order_input.PE/has_TW_mult.TW/twiddle_generator/tw2.twgen2/lut_rom.q1_read_reg[6]'
INFO: [Synth 8-3886] merging instance 'U0/i_synth/xfft_inst/non_floating_point.arch_d.xfft_inst/pe_gen[3].natural_order_input.PE/has_TW_mult.TW/twiddle_generator/tw2.twgen2/lut_rom.q1_read_reg[6]' (FDE) to 'U0/i_synth/xfft_inst/non_floating_point.arch_d.xfft_inst/pe_gen[3].natural_order_input.PE/has_TW_mult.TW/twiddle_generator/tw2.twgen2/lut_rom.q1_read_reg[8]'
INFO: [Synth 8-3886] merging instance 'U0/i_synth/xfft_inst/non_floating_point.arch_d.xfft_inst/pe_gen[3].natural_order_input.PE/has_TW_mult.TW/twiddle_generator/tw2.twgen2/lut_rom.q2_read_reg[7]' (FDE) to 'U0/i_synth/xfft_inst/non_floating_point.arch_d.xfft_inst/pe_gen[3].natural_order_input.PE/has_TW_mult.TW/twiddle_generator/tw2.twgen2/lut_rom.q1_read_reg[7]'
INFO: [Synth 8-3333] propagating constant 0 across sequential element (U0/i_synth/\xfft_inst/non_floating_point.arch_d.xfft_inst/pe_gen[3].natural_order_input.PE/has_TW_mult.TW/twiddle_generator/tw2.twgen2 /\lut_rom.q1_read_reg[8] )
INFO: [Synth 8-3886] merging instance 'U0/i_synth/xfft_inst/non_floating_point.arch_d.xfft_inst/pe_gen[3].natural_order_input.PE/has_TW_mult.MULT/i_cmpy/four_mult_structure.use_dsp.i_dsp/re_im/use_DSP48.qDSP[1].appDSP[0].bppDSP[0].u_l[0].dynamic_sub.subtract_delay_im1/d1.dout_i_reg[0]' (FDE) to 'U0/i_synth/xfft_inst/non_floating_point.arch_d.xfft_inst/pe_gen[3].natural_order_input.PE/has_TW_mult.MULT/i_cmpy/four_mult_structure.use_dsp.i_dsp/re_im/use_DSP48.qDSP[0].appDSP[0].bppDSP[0].u_l[0].dynamic_sub.subtract_delay_im1/d1.dout_i_reg[0]'
INFO: [Synth 8-3333] propagating constant 0 across sequential element (U0/i_synth/\xfft_inst/non_floating_point.arch_d.xfft_inst/pe_gen[3].natural_order_input.PE/has_TW_mult.TW/twiddle_generator/tw2.twgen2 /\SINE_reg[9] )
INFO: [Synth 8-3333] propagating constant 0 across sequential element (U0/i_synth/\xfft_inst/non_floating_point.arch_d.xfft_inst/has_bit_reverse.use_bfp.blk_exp_d_reg[4] )
INFO: [Synth 8-3886] merging instance 'U0/i_synth/xfft_inst/non_floating_point.arch_d.xfft_inst/pe_gen[3].natural_order_input.PE/has_TW_mult.TW/twiddle_generator/tw2.twgen2/COSINE_reg[0]' (FDE) to 'U0/i_synth/xfft_inst/non_floating_point.arch_d.xfft_inst/pe_gen[3].natural_order_input.PE/has_TW_mult.TW/twiddle_generator/tw2.twgen2/COSINE_reg[2]'
INFO: [Synth 8-3886] merging instance 'U0/i_synth/xfft_inst/non_floating_point.arch_d.xfft_inst/pe_gen[3].natural_order_input.PE/has_TW_mult.TW/twiddle_generator/tw2.twgen2/COSINE_reg[1]' (FDE) to 'U0/i_synth/xfft_inst/non_floating_point.arch_d.xfft_inst/pe_gen[3].natural_order_input.PE/has_TW_mult.TW/twiddle_generator/tw2.twgen2/COSINE_reg[3]'
INFO: [Synth 8-3886] merging instance 'U0/i_synth/xfft_inst/non_floating_point.arch_d.xfft_inst/pe_gen[3].natural_order_input.PE/has_TW_mult.TW/twiddle_generator/tw2.twgen2/lut_rom.q1_read_reg[8]' (FDE) to 'U0/i_synth/xfft_inst/non_floating_point.arch_d.xfft_inst/pe_gen[3].natural_order_input.PE/has_TW_mult.TW/twiddle_generator/tw2.twgen2/COSINE_reg[3]'
INFO: [Synth 8-3886] merging instance 'U0/i_synth/xfft_inst/non_floating_point.arch_d.xfft_inst/pe_gen[3].natural_order_input.PE/has_TW_mult.TW/twiddle_generator/tw2.twgen2/COSINE_reg[2]' (FDE) to 'U0/i_synth/xfft_inst/non_floating_point.arch_d.xfft_inst/pe_gen[3].natural_order_input.PE/has_TW_mult.TW/twiddle_generator/tw2.twgen2/COSINE_reg[4]'
INFO: [Synth 8-3886] merging instance 'U0/i_synth/xfft_inst/non_floating_point.arch_d.xfft_inst/pe_gen[3].natural_order_input.PE/has_TW_mult.TW/twiddle_generator/tw2.twgen2/COSINE_reg[3]' (FDE) to 'U0/i_synth/xfft_inst/non_floating_point.arch_d.xfft_inst/pe_gen[3].natural_order_input.PE/has_TW_mult.TW/twiddle_generator/tw2.twgen2/COSINE_reg[6]'
INFO: [Synth 8-3886] merging instance 'U0/i_synth/xfft_inst/non_floating_point.arch_d.xfft_inst/pe_gen[3].natural_order_input.PE/has_TW_mult.TW/twiddle_generator/tw2.twgen2/COSINE_reg[4]' (FDE) to 'U0/i_synth/xfft_inst/non_floating_point.arch_d.xfft_inst/pe_gen[3].natural_order_input.PE/has_TW_mult.TW/twiddle_generator/tw2.twgen2/COSINE_reg[5]'
INFO: [Synth 8-3886] merging instance 'U0/i_synth/xfft_inst/non_floating_point.arch_d.xfft_inst/pe_gen[3].natural_order_input.PE/has_TW_mult.TW/twiddle_generator/tw2.twgen2/COSINE_reg[5]' (FDE) to 'U0/i_synth/xfft_inst/non_floating_point.arch_d.xfft_inst/pe_gen[3].natural_order_input.PE/has_TW_mult.TW/twiddle_generator/tw2.twgen2/COSINE_reg[7]'
INFO: [Synth 8-3886] merging instance 'U0/i_synth/xfft_inst/non_floating_point.arch_d.xfft_inst/pe_gen[3].natural_order_input.PE/has_TW_mult.TW/twiddle_generator/tw2.twgen2/COSINE_reg[6]' (FDE) to 'U0/i_synth/xfft_inst/non_floating_point.arch_d.xfft_inst/pe_gen[3].natural_order_input.PE/has_TW_mult.TW/twiddle_generator/tw2.twgen2/SINE_reg[6]'
INFO: [Synth 8-3886] merging instance 'U0/i_synth/xfft_inst/non_floating_point.arch_d.xfft_inst/pe_gen[3].natural_order_input.PE/has_TW_mult.TW/twiddle_generator/tw2.twgen2/SINE_reg[0]' (FDE) to 'U0/i_synth/xfft_inst/non_floating_point.arch_d.xfft_inst/pe_gen[3].natural_order_input.PE/has_TW_mult.TW/twiddle_generator/tw2.twgen2/SINE_reg[7]'
INFO: [Synth 8-3886] merging instance 'U0/i_synth/xfft_inst/non_floating_point.arch_d.xfft_inst/pe_gen[3].natural_order_input.PE/has_TW_mult.TW/twiddle_generator/tw2.twgen2/SINE_reg[1]' (FDE) to 'U0/i_synth/xfft_inst/non_floating_point.arch_d.xfft_inst/pe_gen[3].natural_order_input.PE/has_TW_mult.TW/twiddle_generator/tw2.twgen2/SINE_reg[6]'
INFO: [Synth 8-3886] merging instance 'U0/i_synth/xfft_inst/non_floating_point.arch_d.xfft_inst/pe_gen[3].natural_order_input.PE/has_TW_mult.TW/twiddle_generator/tw2.twgen2/SINE_reg[2]' (FDE) to 'U0/i_synth/xfft_inst/non_floating_point.arch_d.xfft_inst/pe_gen[3].natural_order_input.PE/has_TW_mult.TW/twiddle_generator/tw2.twgen2/SINE_reg[7]'
INFO: [Synth 8-3886] merging instance 'U0/i_synth/xfft_inst/non_floating_point.arch_d.xfft_inst/pe_gen[3].natural_order_input.PE/has_TW_mult.TW/twiddle_generator/tw2.twgen2/SINE_reg[3]' (FDE) to 'U0/i_synth/xfft_inst/non_floating_point.arch_d.xfft_inst/pe_gen[3].natural_order_input.PE/has_TW_mult.TW/twiddle_generator/tw2.twgen2/SINE_reg[6]'
INFO: [Synth 8-3886] merging instance 'U0/i_synth/xfft_inst/non_floating_point.arch_d.xfft_inst/pe_gen[3].natural_order_input.PE/has_TW_mult.TW/twiddle_generator/tw2.twgen2/SINE_reg[4]' (FDE) to 'U0/i_synth/xfft_inst/non_floating_point.arch_d.xfft_inst/pe_gen[3].natural_order_input.PE/has_TW_mult.TW/twiddle_generator/tw2.twgen2/SINE_reg[7]'
INFO: [Synth 8-3886] merging instance 'U0/i_synth/xfft_inst/non_floating_point.arch_d.xfft_inst/pe_gen[3].natural_order_input.PE/has_TW_mult.TW/twiddle_generator/tw2.twgen2/SINE_reg[5]' (FDE) to 'U0/i_synth/xfft_inst/non_floating_point.arch_d.xfft_inst/pe_gen[3].natural_order_input.PE/has_TW_mult.TW/twiddle_generator/tw2.twgen2/SINE_reg[7]'
INFO: [Synth 8-3333] propagating constant 0 across sequential element (U0/i_synth/\xfft_inst/non_floating_point.arch_d.xfft_inst/pe_gen[3].natural_order_input.PE/has_TW_mult.TW/twiddle_generator/tw2.twgen2 /\SINE_reg[6] )
INFO: [Synth 8-3886] merging instance 'U0/i_synth/axi_wrapper/current_state_reg[3]' (FDRE) to 'U0/i_synth/axi_wrapper/current_state_reg[8]'
INFO: [Synth 8-3886] merging instance 'U0/i_synth/axi_wrapper/current_state_reg[6]' (FDRE) to 'U0/i_synth/axi_wrapper/current_state_reg[8]'
INFO: [Synth 8-3886] merging instance 'U0/i_synth/axi_wrapper/current_state_reg[7]' (FDRE) to 'U0/i_synth/axi_wrapper/current_state_reg[8]'
INFO: [Synth 8-3333] propagating constant 0 across sequential element (U0/i_synth/\axi_wrapper/current_state_reg[8] )
INFO: [Synth 8-3886] merging instance 'U0/i_synth/axi_wrapper/current_state_reg[9]' (FDRE) to 'U0/i_synth/axi_wrapper/current_state_reg[8]'
INFO: [Synth 8-3333] propagating constant 0 across sequential element (U0/i_synth/\xfft_inst/non_floating_point.arch_d.xfft_inst/has_bit_reverse.use_bfp.blk_exp_delay/need_sclr_lut.real_shift_ram.d2.Qsr_shift_ram_reg[4] )
INFO: [Synth 8-3886] merging instance 'U0/i_synth/axi_wrapper/current_state_reg[4]' (FDRE) to 'U0/i_synth/axi_wrapper/current_state_reg[8]'
INFO: [Synth 8-3886] merging instance 'U0/i_synth/axi_wrapper/current_state_reg[5]' (FDRE) to 'U0/i_synth/axi_wrapper/current_state_reg[8]'
INFO: [Synth 8-3333] propagating constant 0 across sequential element (U0/i_synth/\axi_wrapper/current_state_reg[8] )
INFO: [Synth 8-3332] Sequential element (rd_valid_2_reg) is unused and will be removed from module glb_srl_fifo.
INFO: [Synth 8-3332] Sequential element (full_1_reg) is unused and will be removed from module glb_srl_fifo.
INFO: [Synth 8-3332] Sequential element (not_full_1_reg) is unused and will be removed from module glb_srl_fifo.
INFO: [Synth 8-3332] Sequential element (not_empty_1_reg) is unused and will be removed from module glb_srl_fifo.
INFO: [Synth 8-3332] Sequential element (afull_1_reg) is unused and will be removed from module glb_srl_fifo.
INFO: [Synth 8-3332] Sequential element (aempty_1_reg) is unused and will be removed from module glb_srl_fifo.
INFO: [Synth 8-3332] Sequential element (not_aempty_1_reg) is unused and will be removed from module glb_srl_fifo.
INFO: [Synth 8-3332] Sequential element (full_1_reg) is unused and will be removed from module glb_srl_fifo__parameterized1.
INFO: [Synth 8-3332] Sequential element (not_full_1_reg) is unused and will be removed from module glb_srl_fifo__parameterized1.
INFO: [Synth 8-3332] Sequential element (not_empty_1_reg) is unused and will be removed from module glb_srl_fifo__parameterized1.
INFO: [Synth 8-3332] Sequential element (afull_1_reg) is unused and will be removed from module glb_srl_fifo__parameterized1.
INFO: [Synth 8-3332] Sequential element (aempty_1_reg) is unused and will be removed from module glb_srl_fifo__parameterized1.
INFO: [Synth 8-3332] Sequential element (not_aempty_1_reg) is unused and will be removed from module glb_srl_fifo__parameterized1.
INFO: [Synth 8-3332] Sequential element (fifo0/not_full_1_reg) is unused and will be removed from module glb_ifx_master__parameterized0.
INFO: [Synth 8-3332] Sequential element (fifo0/not_afull_1_reg) is unused and will be removed from module glb_ifx_master__parameterized0.
INFO: [Synth 8-3332] Sequential element (fifo0/not_full_1_reg) is unused and will be removed from module glb_ifx_master.
INFO: [Synth 8-3332] Sequential element (fifo0/afull_1_reg) is unused and will be removed from module glb_ifx_master.
INFO: [Synth 8-3332] Sequential element (fifo0/not_afull_1_reg) is unused and will be removed from module glb_ifx_master.
INFO: [Synth 8-3332] Sequential element (xfft_inst/non_floating_point.arch_d.xfft_inst/FLOW/reset_sustain.delay_reset_3/tc_reg1) is unused and will be removed from module xfft_v9_0_14_viv.
INFO: [Synth 8-3332] Sequential element (xfft_inst/non_floating_point.arch_d.xfft_inst/FLOW/reset_sustain.delay_reset_7/tc_reg1) is unused and will be removed from module xfft_v9_0_14_viv.
INFO: [Synth 8-3332] Sequential element (xfft_inst/non_floating_point.arch_d.xfft_inst/FLOW/reset_sustain.resets_4_pes[4].delay_reset_pe/tc_reg1) is unused and will be removed from module xfft_v9_0_14_viv.
INFO: [Synth 8-3332] Sequential element (xfft_inst/non_floating_point.arch_d.xfft_inst/FLOW/reset_sustain.resets_4_pes[3].delay_reset_pe/tc_reg1) is unused and will be removed from module xfft_v9_0_14_viv.
INFO: [Synth 8-3332] Sequential element (xfft_inst/non_floating_point.arch_d.xfft_inst/FLOW/reset_sustain.resets_4_pes[2].delay_reset_pe/tc_reg1) is unused and will be removed from module xfft_v9_0_14_viv.
INFO: [Synth 8-3332] Sequential element (xfft_inst/non_floating_point.arch_d.xfft_inst/FLOW/reset_sustain.resets_4_pes[1].delay_reset_pe/tc_reg1) is unused and will be removed from module xfft_v9_0_14_viv.
INFO: [Synth 8-3332] Sequential element (xfft_inst/non_floating_point.arch_d.xfft_inst/FLOW/reset_sustain.resets_4_pes[0].delay_reset_pe/tc_reg1) is unused and will be removed from module xfft_v9_0_14_viv.
INFO: [Synth 8-3332] Sequential element (xfft_inst/non_floating_point.arch_d.xfft_inst/has_bit_reverse.busy_gen/proc_start_delay/need_sclr_lut.real_shift_ram.FF_gen[0].reg) is unused and will be removed from module xfft_v9_0_14_viv.
INFO: [Synth 8-3332] Sequential element (xfft_inst/non_floating_point.arch_d.xfft_inst/pe_gen[0].natural_order_input.PE/delay_addr_tw/no_sclr_lut.real_shift_ram.use_baseblock.use_hlutnm_srls.srl_loop[3].i_fdre1) is unused and will be removed from module xfft_v9_0_14_viv.
INFO: [Synth 8-3332] Sequential element (xfft_inst/non_floating_point.arch_d.xfft_inst/pe_gen[0].natural_order_input.PE/delay_addr_tw/no_sclr_lut.real_shift_ram.use_baseblock.use_hlutnm_srls.runt_srl_loop.i_fdre) is unused and will be removed from module xfft_v9_0_14_viv.
INFO: [Synth 8-3332] Sequential element (xfft_inst/non_floating_point.arch_d.xfft_inst/pe_gen[0].natural_order_input.PE/has_addr_gen.next_bf1_addr_delay/no_sclr_lut.real_shift_ram.use_baseblock.use_hlutnm_srls.srl_loop[0].i_fdre0) is unused and will be removed from module xfft_v9_0_14_viv.
INFO: [Synth 8-3332] Sequential element (xfft_inst/non_floating_point.arch_d.xfft_inst/pe_gen[0].natural_order_input.PE/has_addr_gen.next_bf1_addr_delay/no_sclr_lut.real_shift_ram.use_baseblock.use_hlutnm_srls.srl_loop[0].i_fdre1) is unused and will be removed from module xfft_v9_0_14_viv.
INFO: [Synth 8-3332] Sequential element (xfft_inst/non_floating_point.arch_d.xfft_inst/pe_gen[0].natural_order_input.PE/has_addr_gen.next_bf1_addr_delay/no_sclr_lut.real_shift_ram.use_baseblock.use_hlutnm_srls.srl_loop[1].i_fdre0) is unused and will be removed from module xfft_v9_0_14_viv.
INFO: [Synth 8-3332] Sequential element (xfft_inst/non_floating_point.arch_d.xfft_inst/pe_gen[0].natural_order_input.PE/has_addr_gen.next_bf1_addr_delay/no_sclr_lut.real_shift_ram.use_baseblock.use_hlutnm_srls.srl_loop[1].i_fdre1) is unused and will be removed from module xfft_v9_0_14_viv.
INFO: [Synth 8-3332] Sequential element (xfft_inst/non_floating_point.arch_d.xfft_inst/pe_gen[0].natural_order_input.PE/has_addr_gen.next_bf1_addr_delay/no_sclr_lut.real_shift_ram.use_baseblock.use_hlutnm_srls.srl_loop[2].i_fdre0) is unused and will be removed from module xfft_v9_0_14_viv.
INFO: [Synth 8-3332] Sequential element (xfft_inst/non_floating_point.arch_d.xfft_inst/pe_gen[0].natural_order_input.PE/has_addr_gen.next_bf1_addr_delay/no_sclr_lut.real_shift_ram.use_baseblock.use_hlutnm_srls.srl_loop[2].i_fdre1) is unused and will be removed from module xfft_v9_0_14_viv.
INFO: [Synth 8-3332] Sequential element (xfft_inst/non_floating_point.arch_d.xfft_inst/pe_gen[0].natural_order_input.PE/has_addr_gen.next_bf1_addr_delay/no_sclr_lut.real_shift_ram.use_baseblock.use_hlutnm_srls.srl_loop[3].i_fdre1) is unused and will be removed from module xfft_v9_0_14_viv.
INFO: [Synth 8-3332] Sequential element (xfft_inst/non_floating_point.arch_d.xfft_inst/pe_gen[0].natural_order_input.PE/has_addr_gen.next_bf1_addr_delay/no_sclr_lut.real_shift_ram.use_baseblock.use_hlutnm_srls.runt_srl_loop.i_fdre) is unused and will be removed from module xfft_v9_0_14_viv.
INFO: [Synth 8-3332] Sequential element (xfft_inst/non_floating_point.arch_d.xfft_inst/pe_gen[1].natural_order_input.PE/delay_addr_bf2/no_sclr_lut.real_shift_ram.use_baseblock.use_hlutnm_srls.srl_loop[0].i_fdre0) is unused and will be removed from module xfft_v9_0_14_viv.
INFO: [Synth 8-3332] Sequential element (xfft_inst/non_floating_point.arch_d.xfft_inst/pe_gen[1].natural_order_input.PE/delay_addr_bf2/no_sclr_lut.real_shift_ram.use_baseblock.use_hlutnm_srls.srl_loop[0].i_fdre1) is unused and will be removed from module xfft_v9_0_14_viv.
INFO: [Synth 8-3332] Sequential element (xfft_inst/non_floating_point.arch_d.xfft_inst/pe_gen[1].natural_order_input.PE/delay_addr_bf2/no_sclr_lut.real_shift_ram.use_baseblock.use_hlutnm_srls.srl_loop[1].i_fdre0) is unused and will be removed from module xfft_v9_0_14_viv.
INFO: [Synth 8-3332] Sequential element (xfft_inst/non_floating_point.arch_d.xfft_inst/pe_gen[1].natural_order_input.PE/delay_addr_bf2/no_sclr_lut.real_shift_ram.use_baseblock.use_hlutnm_srls.srl_loop[1].i_fdre1) is unused and will be removed from module xfft_v9_0_14_viv.
INFO: [Synth 8-3332] Sequential element (xfft_inst/non_floating_point.arch_d.xfft_inst/pe_gen[1].natural_order_input.PE/delay_addr_bf2/no_sclr_lut.real_shift_ram.use_baseblock.use_hlutnm_srls.srl_loop[2].i_fdre0) is unused and will be removed from module xfft_v9_0_14_viv.
INFO: [Synth 8-3332] Sequential element (xfft_inst/non_floating_point.arch_d.xfft_inst/pe_gen[1].natural_order_input.PE/delay_addr_tw/no_sclr_lut.real_shift_ram.use_baseblock.use_hlutnm_srls.srl_loop[0].i_fdre0) is unused and will be removed from module xfft_v9_0_14_viv.
INFO: [Synth 8-3332] Sequential element (xfft_inst/non_floating_point.arch_d.xfft_inst/pe_gen[1].natural_order_input.PE/delay_addr_tw/no_sclr_lut.real_shift_ram.use_baseblock.use_hlutnm_srls.srl_loop[0].i_fdre1) is unused and will be removed from module xfft_v9_0_14_viv.
INFO: [Synth 8-3332] Sequential element (xfft_inst/non_floating_point.arch_d.xfft_inst/pe_gen[1].natural_order_input.PE/delay_addr_tw/no_sclr_lut.real_shift_ram.use_baseblock.use_hlutnm_srls.srl_loop[1].i_fdre0) is unused and will be removed from module xfft_v9_0_14_viv.
INFO: [Synth 8-3332] Sequential element (xfft_inst/non_floating_point.arch_d.xfft_inst/pe_gen[1].natural_order_input.PE/delay_addr_tw/no_sclr_lut.real_shift_ram.use_baseblock.use_hlutnm_srls.srl_loop[1].i_fdre1) is unused and will be removed from module xfft_v9_0_14_viv.
INFO: [Synth 8-3332] Sequential element (xfft_inst/non_floating_point.arch_d.xfft_inst/pe_gen[1].natural_order_input.PE/delay_addr_tw/no_sclr_lut.real_shift_ram.use_baseblock.use_hlutnm_srls.srl_loop[2].i_fdre0) is unused and will be removed from module xfft_v9_0_14_viv.
INFO: [Synth 8-3332] Sequential element (xfft_inst/non_floating_point.arch_d.xfft_inst/pe_gen[1].natural_order_input.PE/delay_addr_tw/no_sclr_lut.real_shift_ram.use_baseblock.use_hlutnm_srls.srl_loop[2].i_fdre1) is unused and will be removed from module xfft_v9_0_14_viv.
INFO: [Synth 8-3332] Sequential element (xfft_inst/non_floating_point.arch_d.xfft_inst/pe_gen[1].natural_order_input.PE/delay_addr_tw/no_sclr_lut.real_shift_ram.use_baseblock.use_hlutnm_srls.runt_srl_loop.i_fdre) is unused and will be removed from module xfft_v9_0_14_viv.
INFO: [Synth 8-3332] Sequential element (xfft_inst/non_floating_point.arch_d.xfft_inst/pe_gen[1].natural_order_input.PE/has_addr_gen.next_bf1_addr_delay/no_sclr_lut.real_shift_ram.use_baseblock.use_hlutnm_srls.srl_loop[0].i_fdre0) is unused and will be removed from module xfft_v9_0_14_viv.
INFO: [Synth 8-3332] Sequential element (xfft_inst/non_floating_point.arch_d.xfft_inst/pe_gen[1].natural_order_input.PE/has_addr_gen.next_bf1_addr_delay/no_sclr_lut.real_shift_ram.use_baseblock.use_hlutnm_srls.srl_loop[0].i_fdre1) is unused and will be removed from module xfft_v9_0_14_viv.
INFO: [Synth 8-3332] Sequential element (xfft_inst/non_floating_point.arch_d.xfft_inst/pe_gen[1].natural_order_input.PE/has_addr_gen.next_bf1_addr_delay/no_sclr_lut.real_shift_ram.use_baseblock.use_hlutnm_srls.srl_loop[1].i_fdre0) is unused and will be removed from module xfft_v9_0_14_viv.
INFO: [Synth 8-3332] Sequential element (xfft_inst/non_floating_point.arch_d.xfft_inst/pe_gen[1].natural_order_input.PE/has_addr_gen.next_bf1_addr_delay/no_sclr_lut.real_shift_ram.use_baseblock.use_hlutnm_srls.srl_loop[1].i_fdre1) is unused and will be removed from module xfft_v9_0_14_viv.
INFO: [Synth 8-3332] Sequential element (xfft_inst/non_floating_point.arch_d.xfft_inst/pe_gen[1].natural_order_input.PE/has_addr_gen.next_bf1_addr_delay/no_sclr_lut.real_shift_ram.use_baseblock.use_hlutnm_srls.srl_loop[2].i_fdre1) is unused and will be removed from module xfft_v9_0_14_viv.
INFO: [Synth 8-3332] Sequential element (xfft_inst/non_floating_point.arch_d.xfft_inst/pe_gen[1].natural_order_input.PE/has_addr_gen.next_bf1_addr_delay/no_sclr_lut.real_shift_ram.use_baseblock.use_hlutnm_srls.runt_srl_loop.i_fdre) is unused and will be removed from module xfft_v9_0_14_viv.
INFO: [Synth 8-3332] Sequential element (xfft_inst/non_floating_point.arch_d.xfft_inst/pe_gen[1].natural_order_input.PE/FB_1.BF_1/wr_addr_del/no_sclr_lut.real_shift_ram.use_baseblock.use_hlutnm_srls.srl_loop[0].i_fdre0) is unused and will be removed from module xfft_v9_0_14_viv.
INFO: [Synth 8-3332] Sequential element (xfft_inst/non_floating_point.arch_d.xfft_inst/pe_gen[1].natural_order_input.PE/FB_1.BF_1/wr_addr_del/no_sclr_lut.real_shift_ram.use_baseblock.use_hlutnm_srls.srl_loop[0].i_fdre1) is unused and will be removed from module xfft_v9_0_14_viv.
INFO: [Synth 8-3332] Sequential element (xfft_inst/non_floating_point.arch_d.xfft_inst/pe_gen[1].natural_order_input.PE/FB_1.BF_1/wr_addr_del/no_sclr_lut.real_shift_ram.use_baseblock.use_hlutnm_srls.srl_loop[1].i_fdre0) is unused and will be removed from module xfft_v9_0_14_viv.
INFO: [Synth 8-3332] Sequential element (xfft_inst/non_floating_point.arch_d.xfft_inst/pe_gen[1].natural_order_input.PE/FB_1.BF_1/wr_addr_del/no_sclr_lut.real_shift_ram.use_baseblock.use_hlutnm_srls.srl_loop[1].i_fdre1) is unused and will be removed from module xfft_v9_0_14_viv.
INFO: [Synth 8-3332] Sequential element (xfft_inst/non_floating_point.arch_d.xfft_inst/pe_gen[1].natural_order_input.PE/FB_1.BF_1/wr_addr_del/no_sclr_lut.real_shift_ram.use_baseblock.use_hlutnm_srls.srl_loop[2].i_fdre0) is unused and will be removed from module xfft_v9_0_14_viv.
INFO: [Synth 8-3332] Sequential element (xfft_inst/non_floating_point.arch_d.xfft_inst/pe_gen[1].natural_order_input.PE/FB_1.BF_1/wr_addr_del/no_sclr_lut.real_shift_ram.use_baseblock.use_hlutnm_srls.srl_loop[2].i_fdre1) is unused and will be removed from module xfft_v9_0_14_viv.
INFO: [Synth 8-3332] Sequential element (SINE_reg[9]) is unused and will be removed from module twgen_distmem.
INFO: [Synth 8-3332] Sequential element (xfft_inst/non_floating_point.arch_d.xfft_inst/pe_gen[1].natural_order_input.PE/hasbf2.FB_2.BF_2/wr_addr_del/no_sclr_lut.real_shift_ram.use_baseblock.use_hlutnm_srls.srl_loop[0].i_fdre0) is unused and will be removed from module xfft_v9_0_14_viv.
INFO: [Synth 8-3332] Sequential element (xfft_inst/non_floating_point.arch_d.xfft_inst/pe_gen[1].natural_order_input.PE/hasbf2.FB_2.BF_2/wr_addr_del/no_sclr_lut.real_shift_ram.use_baseblock.use_hlutnm_srls.srl_loop[0].i_fdre1) is unused and will be removed from module xfft_v9_0_14_viv.
INFO: [Synth 8-3332] Sequential element (xfft_inst/non_floating_point.arch_d.xfft_inst/pe_gen[1].natural_order_input.PE/hasbf2.FB_2.BF_2/wr_addr_del/no_sclr_lut.real_shift_ram.use_baseblock.use_hlutnm_srls.srl_loop[1].i_fdre0) is unused and will be removed from module xfft_v9_0_14_viv.
INFO: [Synth 8-3332] Sequential element (xfft_inst/non_floating_point.arch_d.xfft_inst/pe_gen[1].natural_order_input.PE/hasbf2.FB_2.BF_2/wr_addr_del/no_sclr_lut.real_shift_ram.use_baseblock.use_hlutnm_srls.srl_loop[1].i_fdre1) is unused and will be removed from module xfft_v9_0_14_viv.
INFO: [Synth 8-3332] Sequential element (xfft_inst/non_floating_point.arch_d.xfft_inst/pe_gen[1].natural_order_input.PE/hasbf2.FB_2.BF_2/wr_addr_del/no_sclr_lut.real_shift_ram.use_baseblock.use_hlutnm_srls.runt_srl_loop.i_fdre) is unused and will be removed from module xfft_v9_0_14_viv.
INFO: [Synth 8-3332] Sequential element (f0.srl_sig_reg[0][2]) is unused and will be removed from module c_shift_ram_v12_0_11_legacy__parameterized10__1.
INFO: [Synth 8-3332] Sequential element (f0.srl_sig_reg[0][1]) is unused and will be removed from module c_shift_ram_v12_0_11_legacy__parameterized10__1.
INFO: [Synth 8-3332] Sequential element (f0.srl_sig_reg[0][0]) is unused and will be removed from module c_shift_ram_v12_0_11_legacy__parameterized10__1.
INFO: [Synth 8-3332] Sequential element (f0.srl_sig_reg[1][2]) is unused and will be removed from module c_shift_ram_v12_0_11_legacy__parameterized10__1.
INFO: [Synth 8-3332] Sequential element (f0.srl_sig_reg[1][1]) is unused and will be removed from module c_shift_ram_v12_0_11_legacy__parameterized10__1.
INFO: [Synth 8-3332] Sequential element (f0.srl_sig_reg[1][0]) is unused and will be removed from module c_shift_ram_v12_0_11_legacy__parameterized10__1.
INFO: [Synth 8-3332] Sequential element (f0.srl_sig_reg[2][2]) is unused and will be removed from module c_shift_ram_v12_0_11_legacy__parameterized10__1.
INFO: [Synth 8-3332] Sequential element (f0.srl_sig_reg[2][1]) is unused and will be removed from module c_shift_ram_v12_0_11_legacy__parameterized10__1.
INFO: [Synth 8-3332] Sequential element (f0.srl_sig_reg[2][0]) is unused and will be removed from module c_shift_ram_v12_0_11_legacy__parameterized10__1.
INFO: [Synth 8-3332] Sequential element (f0.srl_sig_reg[3][2]) is unused and will be removed from module c_shift_ram_v12_0_11_legacy__parameterized10__1.
INFO: [Synth 8-3332] Sequential element (f0.srl_sig_reg[3][1]) is unused and will be removed from module c_shift_ram_v12_0_11_legacy__parameterized10__1.
INFO: [Synth 8-3332] Sequential element (f0.srl_sig_reg[3][0]) is unused and will be removed from module c_shift_ram_v12_0_11_legacy__parameterized10__1.
INFO: [Synth 8-3332] Sequential element (f0.srl_sig_reg[4][2]) is unused and will be removed from module c_shift_ram_v12_0_11_legacy__parameterized10__1.
INFO: [Synth 8-3332] Sequential element (f0.srl_sig_reg[4][1]) is unused and will be removed from module c_shift_ram_v12_0_11_legacy__parameterized10__1.
INFO: [Synth 8-3332] Sequential element (f0.srl_sig_reg[4][0]) is unused and will be removed from module c_shift_ram_v12_0_11_legacy__parameterized10__1.
INFO: [Synth 8-3332] Sequential element (f0.srl_sig_reg[5][2]) is unused and will be removed from module c_shift_ram_v12_0_11_legacy__parameterized10__1.
INFO: [Synth 8-3332] Sequential element (f0.srl_sig_reg[5][1]) is unused and will be removed from module c_shift_ram_v12_0_11_legacy__parameterized10__1.
INFO: [Synth 8-3332] Sequential element (f0.srl_sig_reg[5][0]) is unused and will be removed from module c_shift_ram_v12_0_11_legacy__parameterized10__1.
INFO: [Synth 8-3332] Sequential element (f0.srl_sig_reg[6][2]) is unused and will be removed from module c_shift_ram_v12_0_11_legacy__parameterized10__1.
INFO: [Synth 8-3332] Sequential element (f0.srl_sig_reg[6][1]) is unused and will be removed from module c_shift_ram_v12_0_11_legacy__parameterized10__1.
INFO: [Synth 8-3332] Sequential element (f0.srl_sig_reg[6][0]) is unused and will be removed from module c_shift_ram_v12_0_11_legacy__parameterized10__1.
INFO: [Synth 8-3332] Sequential element (f0.srl_sig_reg[7][2]) is unused and will be removed from module c_shift_ram_v12_0_11_legacy__parameterized10__1.
INFO: [Synth 8-3332] Sequential element (f0.srl_sig_reg[7][1]) is unused and will be removed from module c_shift_ram_v12_0_11_legacy__parameterized10__1.
INFO: [Synth 8-3332] Sequential element (f0.srl_sig_reg[7][0]) is unused and will be removed from module c_shift_ram_v12_0_11_legacy__parameterized10__1.
INFO: [Synth 8-3332] Sequential element (f0.srl_sig_reg[8][2]) is unused and will be removed from module c_shift_ram_v12_0_11_legacy__parameterized10__1.
INFO: [Synth 8-3332] Sequential element (f0.srl_sig_reg[8][1]) is unused and will be removed from module c_shift_ram_v12_0_11_legacy__parameterized10__1.
INFO: [Synth 8-3332] Sequential element (f0.srl_sig_reg[8][0]) is unused and will be removed from module c_shift_ram_v12_0_11_legacy__parameterized10__1.
INFO: [Synth 8-3332] Sequential element (f0.srl_sig_reg[9][2]) is unused and will be removed from module c_shift_ram_v12_0_11_legacy__parameterized10__1.
INFO: [Synth 8-3332] Sequential element (f0.srl_sig_reg[9][1]) is unused and will be removed from module c_shift_ram_v12_0_11_legacy__parameterized10__1.
INFO: [Synth 8-3332] Sequential element (f0.srl_sig_reg[9][0]) is unused and will be removed from module c_shift_ram_v12_0_11_legacy__parameterized10__1.
INFO: [Synth 8-3332] Sequential element (f0.srl_sig_reg[10][2]) is unused and will be removed from module c_shift_ram_v12_0_11_legacy__parameterized10__1.
INFO: [Synth 8-3332] Sequential element (f0.srl_sig_reg[10][1]) is unused and will be removed from module c_shift_ram_v12_0_11_legacy__parameterized10__1.
INFO: [Synth 8-3332] Sequential element (f0.srl_sig_reg[10][0]) is unused and will be removed from module c_shift_ram_v12_0_11_legacy__parameterized10__1.
INFO: [Synth 8-3332] Sequential element (f0.srl_sig_reg[11][2]) is unused and will be removed from module c_shift_ram_v12_0_11_legacy__parameterized10__1.
INFO: [Common 17-14] Message 'Synth 8-3332' appears 100 times and further instances of the messages will be disabled. Use the Tcl command set_msg_config to change the current settings.
INFO: [Synth 8-3886] merging instance 'U0/i_synth/xfft_inst/non_floating_point.arch_d.xfft_inst/pe_gen[2].natural_order_input.PE/has_TW_mult.TW/twiddle_generator/tw2.twgen2/lut_rom.q2_read_reg[5]' (FDE) to 'U0/i_synth/xfft_inst/non_floating_point.arch_d.xfft_inst/pe_gen[2].natural_order_input.PE/has_TW_mult.TW/twiddle_generator/tw2.twgen2/lut_rom.q1_read_reg[5]'
INFO: [Synth 8-3886] merging instance 'U0/i_synth/xfft_inst/non_floating_point.arch_d.xfft_inst/pe_gen[3].natural_order_input.PE/has_TW_mult.TW/twiddle_generator/tw2.twgen2/COSINE_reg[7]' (FDE) to 'U0/i_synth/xfft_inst/non_floating_point.arch_d.xfft_inst/pe_gen[3].natural_order_input.PE/has_TW_mult.TW/twiddle_generator/tw2.twgen2/SINE_reg[7]'
INFO: [Synth 8-3333] propagating constant 0 across sequential element (U0/i_synth/\axi_wrapper/gen_status_channel.status_fifo/gen_non_real_time.fifo /\fifo0/fifo_2_reg[4] )
INFO: [Synth 8-3333] propagating constant 0 across sequential element (U0/i_synth/\axi_wrapper/data_out_channel/gen_non_real_time.fifo /\fifo0/fifo_2_reg[46] )
INFO: [Synth 8-3886] merging instance 'U0/i_synth/xfft_inst/non_floating_point.arch_d.xfft_inst/pe_gen[2].natural_order_input.PE/has_TW_mult.TW/twiddle_generator/tw2.twgen2/COSINE_reg[5]' (FDE) to 'U0/i_synth/xfft_inst/non_floating_point.arch_d.xfft_inst/pe_gen[2].natural_order_input.PE/has_TW_mult.TW/twiddle_generator/tw2.twgen2/SINE_reg[5]'
---------------------------------------------------------------------------------
Finished Cross Boundary and Area Optimization : Time (s): cpu = 00:02:11 ; elapsed = 00:02:12 . Memory (MB): peak = 1200.492 ; gain = 894.758
---------------------------------------------------------------------------------

Report RTL Partitions: 
+-+--------------+------------+----------+
| |RTL Partition |Replication |Instances |
+-+--------------+------------+----------+
+-+--------------+------------+----------+
---------------------------------------------------------------------------------
Start Applying XDC Timing Constraints
---------------------------------------------------------------------------------
---------------------------------------------------------------------------------
Finished Applying XDC Timing Constraints : Time (s): cpu = 00:02:22 ; elapsed = 00:02:24 . Memory (MB): peak = 1200.492 ; gain = 894.758
---------------------------------------------------------------------------------
---------------------------------------------------------------------------------
Start Timing Optimization
---------------------------------------------------------------------------------
---------------------------------------------------------------------------------
Finished Timing Optimization : Time (s): cpu = 00:02:24 ; elapsed = 00:02:26 . Memory (MB): peak = 1200.492 ; gain = 894.758
---------------------------------------------------------------------------------

Report RTL Partitions: 
+-+--------------+------------+----------+
| |RTL Partition |Replication |Instances |
+-+--------------+------------+----------+
+-+--------------+------------+----------+
---------------------------------------------------------------------------------
Start Technology Mapping
---------------------------------------------------------------------------------
---------------------------------------------------------------------------------
Finished Technology Mapping : Time (s): cpu = 00:02:27 ; elapsed = 00:02:29 . Memory (MB): peak = 1200.492 ; gain = 894.758
---------------------------------------------------------------------------------

Report RTL Partitions: 
+-+--------------+------------+----------+
| |RTL Partition |Replication |Instances |
+-+--------------+------------+----------+
+-+--------------+------------+----------+
---------------------------------------------------------------------------------
Start IO Insertion
---------------------------------------------------------------------------------
---------------------------------------------------------------------------------
Start Flattening Before IO Insertion
---------------------------------------------------------------------------------
---------------------------------------------------------------------------------
Finished Flattening Before IO Insertion
---------------------------------------------------------------------------------
---------------------------------------------------------------------------------
Start Final Netlist Cleanup
---------------------------------------------------------------------------------
INFO: [Synth 8-5778] max_fanout handling on net ce_w2c is sub-optimal because some of its loads are not in same hierarchy as its driver   
---------------------------------------------------------------------------------
Finished Final Netlist Cleanup
---------------------------------------------------------------------------------
---------------------------------------------------------------------------------
Finished IO Insertion : Time (s): cpu = 00:02:28 ; elapsed = 00:02:30 . Memory (MB): peak = 1200.492 ; gain = 894.758
---------------------------------------------------------------------------------

Report Check Netlist: 
+------+------------------+-------+---------+-------+------------------+
|      |Item              |Errors |Warnings |Status |Description       |
+------+------------------+-------+---------+-------+------------------+
|1     |multi_driven_nets |      0|        0|Passed |Multi driven nets |
+------+------------------+-------+---------+-------+------------------+
---------------------------------------------------------------------------------
Start Renaming Generated Instances
---------------------------------------------------------------------------------
---------------------------------------------------------------------------------
Finished Renaming Generated Instances : Time (s): cpu = 00:02:28 ; elapsed = 00:02:30 . Memory (MB): peak = 1200.492 ; gain = 894.758
---------------------------------------------------------------------------------

Report RTL Partitions: 
+-+--------------+------------+----------+
| |RTL Partition |Replication |Instances |
+-+--------------+------------+----------+
+-+--------------+------------+----------+
---------------------------------------------------------------------------------
Start Rebuilding User Hierarchy
---------------------------------------------------------------------------------
---------------------------------------------------------------------------------
Finished Rebuilding User Hierarchy : Time (s): cpu = 00:02:29 ; elapsed = 00:02:31 . Memory (MB): peak = 1200.492 ; gain = 894.758
---------------------------------------------------------------------------------
---------------------------------------------------------------------------------
Start Renaming Generated Ports
---------------------------------------------------------------------------------
---------------------------------------------------------------------------------
Finished Renaming Generated Ports : Time (s): cpu = 00:02:29 ; elapsed = 00:02:31 . Memory (MB): peak = 1200.492 ; gain = 894.758
---------------------------------------------------------------------------------
---------------------------------------------------------------------------------
Start Handling Custom Attributes
---------------------------------------------------------------------------------
---------------------------------------------------------------------------------
Finished Handling Custom Attributes : Time (s): cpu = 00:02:29 ; elapsed = 00:02:32 . Memory (MB): peak = 1200.492 ; gain = 894.758
---------------------------------------------------------------------------------
---------------------------------------------------------------------------------
Start Renaming Generated Nets
---------------------------------------------------------------------------------
---------------------------------------------------------------------------------
Finished Renaming Generated Nets : Time (s): cpu = 00:02:29 ; elapsed = 00:02:32 . Memory (MB): peak = 1200.492 ; gain = 894.758
---------------------------------------------------------------------------------
---------------------------------------------------------------------------------
Start Writing Synthesis Report
---------------------------------------------------------------------------------

Report BlackBoxes: 
+-+--------------+----------+
| |BlackBox name |Instances |
+-+--------------+----------+
+-+--------------+----------+

Report Cell Usage: 
+------+-----------+------+
|      |Cell       |Count |
+------+-----------+------+
|1     |DSP48E1    |     8|
|2     |DSP48E1_1  |     8|
|3     |LUT1       |    31|
|4     |LUT2       |   608|
|5     |LUT3       |  1087|
|6     |LUT4       |   275|
|7     |LUT5       |    43|
|8     |LUT6       |   239|
|9     |MUXCY      |   951|
|10    |MUXF7      |    64|
|11    |MUXF8      |    32|
|12    |RAMB18E1   |     4|
|13    |RAMB18E1_2 |     1|
|14    |SRL16E     |   888|
|15    |SRLC32E    |   138|
|16    |XORCY      |   904|
|17    |FD         |     4|
|18    |FDE        |   194|
|19    |FDR        |    41|
|20    |FDRE       |  3306|
|21    |FDSE       |    33|
+------+-----------+------+
---------------------------------------------------------------------------------
Finished Writing Synthesis Report : Time (s): cpu = 00:02:29 ; elapsed = 00:02:32 . Memory (MB): peak = 1200.492 ; gain = 894.758
---------------------------------------------------------------------------------
Synthesis finished with 0 errors, 0 critical warnings and 706 warnings.
Synthesis Optimization Runtime : Time (s): cpu = 00:00:36 ; elapsed = 00:02:16 . Memory (MB): peak = 1200.492 ; gain = 894.758
Synthesis Optimization Complete : Time (s): cpu = 00:02:30 ; elapsed = 00:02:32 . Memory (MB): peak = 1200.492 ; gain = 894.758
INFO: [Project 1-571] Translating synthesized netlist
INFO: [Netlist 29-17] Analyzing 2211 Unisim elements for replacement
INFO: [Netlist 29-28] Unisim Transformation completed in 0 CPU seconds
INFO: [Project 1-570] Preparing netlist for logic optimization
INFO: [Opt 31-138] Pushed 0 inverter(s) to 0 load pin(s).
INFO: [Project 1-111] Unisim Transformation Summary:
  A total of 556 instances were transformed.
  (MUXCY,XORCY) => CARRY4: 317 instances
  FD => FDRE: 4 instances
  FDE => FDRE: 194 instances
  FDR => FDRE: 41 instances

INFO: [Common 17-83] Releasing license: Synthesis
212 Infos, 102 Warnings, 0 Critical Warnings and 0 Errors encountered.
synth_design completed successfully
synth_design: Time (s): cpu = 00:02:35 ; elapsed = 00:02:39 . Memory (MB): peak = 1200.492 ; gain = 906.293
INFO: [Common 17-1381] The checkpoint 'C:/Users/loser/Desktop/gth_phase_ex/GTH_ex.runs/FFT_synth_1/FFT.dcp' has been generated.
