
*** Running vivado
    with args -log arctan.vds -m64 -product Vivado -mode batch -messageDb vivado.pb -notrace -source arctan.tcl


****** Vivado v2017.4 (64-bit)
  **** SW Build 2086221 on Fri Dec 15 20:55:39 MST 2017
  **** IP Build 2085800 on Fri Dec 15 22:25:07 MST 2017
    ** Copyright 1986-2017 Xilinx, Inc. All Rights Reserved.

source arctan.tcl -notrace
Command: synth_design -top arctan -part xc7vx690tffg1761-1 -mode out_of_context
Starting synth_design
Attempting to get a license for feature 'Synthesis' and/or device 'xc7vx690t'
INFO: [Common 17-349] Got license for feature 'Synthesis' and/or device 'xc7vx690t'
INFO: Launching helper process for spawning children vivado processes
INFO: Helper process launched with PID 1500 
---------------------------------------------------------------------------------
Starting RTL Elaboration : Time (s): cpu = 00:00:06 ; elapsed = 00:00:07 . Memory (MB): peak = 403.770 ; gain = 98.055
---------------------------------------------------------------------------------
INFO: [Synth 8-638] synthesizing module 'arctan' [c:/Users/loser/Desktop/gth_phase_ex/GTH_ex.srcs/sources_1/ip/arctan/synth/arctan.vhd:69]
	Parameter C_ARCHITECTURE bound to: 2 - type: integer 
	Parameter C_CORDIC_FUNCTION bound to: 3 - type: integer 
	Parameter C_COARSE_ROTATE bound to: 1 - type: integer 
	Parameter C_DATA_FORMAT bound to: 0 - type: integer 
	Parameter C_XDEVICEFAMILY bound to: virtex7 - type: string 
	Parameter C_HAS_ACLKEN bound to: 0 - type: integer 
	Parameter C_HAS_ACLK bound to: 1 - type: integer 
	Parameter C_HAS_S_AXIS_CARTESIAN bound to: 1 - type: integer 
	Parameter C_HAS_S_AXIS_PHASE bound to: 0 - type: integer 
	Parameter C_HAS_ARESETN bound to: 0 - type: integer 
	Parameter C_INPUT_WIDTH bound to: 17 - type: integer 
	Parameter C_ITERATIONS bound to: 0 - type: integer 
	Parameter C_OUTPUT_WIDTH bound to: 18 - type: integer 
	Parameter C_PHASE_FORMAT bound to: 0 - type: integer 
	Parameter C_PIPELINE_MODE bound to: -2 - type: integer 
	Parameter C_PRECISION bound to: 0 - type: integer 
	Parameter C_ROUND_MODE bound to: 0 - type: integer 
	Parameter C_SCALE_COMP bound to: 0 - type: integer 
	Parameter C_THROTTLE_SCHEME bound to: 3 - type: integer 
	Parameter C_TLAST_RESOLUTION bound to: 0 - type: integer 
	Parameter C_HAS_S_AXIS_PHASE_TUSER bound to: 0 - type: integer 
	Parameter C_HAS_S_AXIS_PHASE_TLAST bound to: 0 - type: integer 
	Parameter C_S_AXIS_PHASE_TDATA_WIDTH bound to: 24 - type: integer 
	Parameter C_S_AXIS_PHASE_TUSER_WIDTH bound to: 1 - type: integer 
	Parameter C_HAS_S_AXIS_CARTESIAN_TUSER bound to: 0 - type: integer 
	Parameter C_HAS_S_AXIS_CARTESIAN_TLAST bound to: 0 - type: integer 
	Parameter C_S_AXIS_CARTESIAN_TDATA_WIDTH bound to: 48 - type: integer 
	Parameter C_S_AXIS_CARTESIAN_TUSER_WIDTH bound to: 1 - type: integer 
	Parameter C_M_AXIS_DOUT_TDATA_WIDTH bound to: 24 - type: integer 
	Parameter C_M_AXIS_DOUT_TUSER_WIDTH bound to: 1 - type: integer 
INFO: [Synth 8-3491] module 'cordic_v6_0_13' declared at 'c:/Users/loser/Desktop/gth_phase_ex/GTH_ex.srcs/sources_1/ip/arctan/hdl/cordic_v6_0_vh_rfs.vhd:10135' bound to instance 'U0' of component 'cordic_v6_0_13' [c:/Users/loser/Desktop/gth_phase_ex/GTH_ex.srcs/sources_1/ip/arctan/synth/arctan.vhd:144]
INFO: [Synth 8-256] done synthesizing module 'arctan' (21#1) [c:/Users/loser/Desktop/gth_phase_ex/GTH_ex.srcs/sources_1/ip/arctan/synth/arctan.vhd:69]
WARNING: [Synth 8-3331] design c_reg_fd_v12_0_4_viv__parameterized2 has unconnected port CE
WARNING: [Synth 8-3331] design c_reg_fd_v12_0_4_viv__parameterized2 has unconnected port AINIT
WARNING: [Synth 8-3331] design c_reg_fd_v12_0_4_viv__parameterized2 has unconnected port ACLR
WARNING: [Synth 8-3331] design c_reg_fd_v12_0_4_viv__parameterized2 has unconnected port ASET
WARNING: [Synth 8-3331] design c_reg_fd_v12_0_4_viv__parameterized2 has unconnected port SINIT
WARNING: [Synth 8-3331] design c_reg_fd_v12_0_4_viv__parameterized2 has unconnected port SCLR
WARNING: [Synth 8-3331] design c_reg_fd_v12_0_4_viv__parameterized2 has unconnected port SSET
WARNING: [Synth 8-3331] design c_addsub_v12_0_11_lut6_legacy__parameterized3 has unconnected port c_in
WARNING: [Synth 8-3331] design c_addsub_v12_0_11_lut6_legacy__parameterized3 has unconnected port ce
WARNING: [Synth 8-3331] design c_addsub_v12_0_11_lut6_legacy__parameterized3 has unconnected port bypass
WARNING: [Synth 8-3331] design c_addsub_v12_0_11_lut6_legacy__parameterized3 has unconnected port sclr
WARNING: [Synth 8-3331] design c_addsub_v12_0_11_lut6_legacy__parameterized3 has unconnected port sset
WARNING: [Synth 8-3331] design c_addsub_v12_0_11_lut6_legacy__parameterized3 has unconnected port sinit
WARNING: [Synth 8-3331] design c_addsub_v12_0_11_legacy__parameterized3 has unconnected port c_in
WARNING: [Synth 8-3331] design c_addsub_v12_0_11_legacy__parameterized3 has unconnected port b_in
WARNING: [Synth 8-3331] design c_addsub_v12_0_11_legacy__parameterized3 has unconnected port a_signed
WARNING: [Synth 8-3331] design c_addsub_v12_0_11_legacy__parameterized3 has unconnected port b_signed
WARNING: [Synth 8-3331] design c_addsub_v12_0_11_viv__parameterized3 has unconnected port C_IN
WARNING: [Synth 8-3331] design cordic_round has unconnected port round_in[3]
WARNING: [Synth 8-3331] design cordic_round has unconnected port round_in[2]
WARNING: [Synth 8-3331] design cordic_round has unconnected port round_in[1]
WARNING: [Synth 8-3331] design cordic_round has unconnected port round_in[0]
WARNING: [Synth 8-3331] design delay_bit has unconnected port SCLR
WARNING: [Synth 8-3331] design delay_bit__parameterized3 has unconnected port WE
WARNING: [Synth 8-3331] design delay_bit__parameterized3 has unconnected port CE
WARNING: [Synth 8-3331] design delay_bit__parameterized3 has unconnected port SCLR
WARNING: [Synth 8-3331] design delay_bit__parameterized3 has unconnected port CLK
WARNING: [Synth 8-3331] design cordic_out_config has unconnected port data_x_in[21]
WARNING: [Synth 8-3331] design cordic_out_config has unconnected port data_x_in[20]
WARNING: [Synth 8-3331] design cordic_out_config has unconnected port data_x_in[19]
WARNING: [Synth 8-3331] design cordic_out_config has unconnected port data_x_in[18]
WARNING: [Synth 8-3331] design cordic_out_config has unconnected port data_x_in[17]
WARNING: [Synth 8-3331] design cordic_out_config has unconnected port data_x_in[16]
WARNING: [Synth 8-3331] design cordic_out_config has unconnected port data_x_in[15]
WARNING: [Synth 8-3331] design cordic_out_config has unconnected port data_x_in[14]
WARNING: [Synth 8-3331] design cordic_out_config has unconnected port data_x_in[13]
WARNING: [Synth 8-3331] design cordic_out_config has unconnected port data_x_in[12]
WARNING: [Synth 8-3331] design cordic_out_config has unconnected port data_x_in[11]
WARNING: [Synth 8-3331] design cordic_out_config has unconnected port data_x_in[10]
WARNING: [Synth 8-3331] design cordic_out_config has unconnected port data_x_in[9]
WARNING: [Synth 8-3331] design cordic_out_config has unconnected port data_x_in[8]
WARNING: [Synth 8-3331] design cordic_out_config has unconnected port data_x_in[7]
WARNING: [Synth 8-3331] design cordic_out_config has unconnected port data_x_in[6]
WARNING: [Synth 8-3331] design cordic_out_config has unconnected port data_x_in[5]
WARNING: [Synth 8-3331] design cordic_out_config has unconnected port data_x_in[4]
WARNING: [Synth 8-3331] design cordic_out_config has unconnected port data_x_in[3]
WARNING: [Synth 8-3331] design cordic_out_config has unconnected port data_x_in[2]
WARNING: [Synth 8-3331] design cordic_out_config has unconnected port data_x_in[1]
WARNING: [Synth 8-3331] design cordic_out_config has unconnected port data_x_in[0]
WARNING: [Synth 8-3331] design cordic_out_config has unconnected port data_y_in[21]
WARNING: [Synth 8-3331] design cordic_out_config has unconnected port data_y_in[20]
WARNING: [Synth 8-3331] design cordic_out_config has unconnected port data_y_in[19]
WARNING: [Synth 8-3331] design cordic_out_config has unconnected port data_y_in[18]
WARNING: [Synth 8-3331] design cordic_out_config has unconnected port data_y_in[17]
WARNING: [Synth 8-3331] design cordic_out_config has unconnected port data_y_in[16]
WARNING: [Synth 8-3331] design cordic_out_config has unconnected port data_y_in[15]
WARNING: [Synth 8-3331] design cordic_out_config has unconnected port data_y_in[14]
WARNING: [Synth 8-3331] design cordic_out_config has unconnected port data_y_in[13]
WARNING: [Synth 8-3331] design cordic_out_config has unconnected port data_y_in[12]
WARNING: [Synth 8-3331] design cordic_out_config has unconnected port data_y_in[11]
WARNING: [Synth 8-3331] design cordic_out_config has unconnected port data_y_in[10]
WARNING: [Synth 8-3331] design cordic_out_config has unconnected port data_y_in[9]
WARNING: [Synth 8-3331] design cordic_out_config has unconnected port data_y_in[8]
WARNING: [Synth 8-3331] design cordic_out_config has unconnected port data_y_in[7]
WARNING: [Synth 8-3331] design cordic_out_config has unconnected port data_y_in[6]
WARNING: [Synth 8-3331] design cordic_out_config has unconnected port data_y_in[5]
WARNING: [Synth 8-3331] design cordic_out_config has unconnected port data_y_in[4]
WARNING: [Synth 8-3331] design cordic_out_config has unconnected port data_y_in[3]
WARNING: [Synth 8-3331] design cordic_out_config has unconnected port data_y_in[2]
WARNING: [Synth 8-3331] design cordic_out_config has unconnected port data_y_in[1]
WARNING: [Synth 8-3331] design cordic_out_config has unconnected port data_y_in[0]
WARNING: [Synth 8-3331] design cordic_out_config has unconnected port aclr
WARNING: [Synth 8-3331] design cordic_ctrl_slice_par has unconnected port aclr
WARNING: [Synth 8-3331] design cordic_eng has unconnected port nd_in
WARNING: [Synth 8-3331] design c_reg_fd_v12_0_4_viv has unconnected port CE
WARNING: [Synth 8-3331] design c_reg_fd_v12_0_4_viv has unconnected port AINIT
WARNING: [Synth 8-3331] design c_reg_fd_v12_0_4_viv has unconnected port ACLR
WARNING: [Synth 8-3331] design c_reg_fd_v12_0_4_viv has unconnected port ASET
WARNING: [Synth 8-3331] design c_reg_fd_v12_0_4_viv has unconnected port SINIT
WARNING: [Synth 8-3331] design c_reg_fd_v12_0_4_viv has unconnected port SCLR
WARNING: [Synth 8-3331] design c_reg_fd_v12_0_4_viv has unconnected port SSET
WARNING: [Synth 8-3331] design c_addsub_v12_0_11_lut6_legacy__parameterized1 has unconnected port add
WARNING: [Synth 8-3331] design c_addsub_v12_0_11_lut6_legacy__parameterized1 has unconnected port c_in
WARNING: [Synth 8-3331] design c_addsub_v12_0_11_lut6_legacy__parameterized1 has unconnected port ce
WARNING: [Synth 8-3331] design c_addsub_v12_0_11_lut6_legacy__parameterized1 has unconnected port bypass
WARNING: [Synth 8-3331] design c_addsub_v12_0_11_lut6_legacy__parameterized1 has unconnected port sclr
WARNING: [Synth 8-3331] design c_addsub_v12_0_11_lut6_legacy__parameterized1 has unconnected port sset
WARNING: [Synth 8-3331] design c_addsub_v12_0_11_lut6_legacy__parameterized1 has unconnected port sinit
WARNING: [Synth 8-3331] design c_addsub_v12_0_11_legacy__parameterized1 has unconnected port c_in
WARNING: [Synth 8-3331] design c_addsub_v12_0_11_legacy__parameterized1 has unconnected port b_in
WARNING: [Synth 8-3331] design c_addsub_v12_0_11_legacy__parameterized1 has unconnected port a_signed
WARNING: [Synth 8-3331] design c_addsub_v12_0_11_legacy__parameterized1 has unconnected port b_signed
WARNING: [Synth 8-3331] design c_addsub_v12_0_11_viv__parameterized1 has unconnected port C_IN
WARNING: [Synth 8-3331] design c_addsub_v12_0_11_lut6_legacy has unconnected port add
WARNING: [Synth 8-3331] design c_addsub_v12_0_11_lut6_legacy has unconnected port c_in
WARNING: [Synth 8-3331] design c_addsub_v12_0_11_lut6_legacy has unconnected port ce
WARNING: [Synth 8-3331] design c_addsub_v12_0_11_lut6_legacy has unconnected port bypass
WARNING: [Synth 8-3331] design c_addsub_v12_0_11_lut6_legacy has unconnected port sclr
WARNING: [Synth 8-3331] design c_addsub_v12_0_11_lut6_legacy has unconnected port sset
WARNING: [Synth 8-3331] design c_addsub_v12_0_11_lut6_legacy has unconnected port sinit
INFO: [Common 17-14] Message 'Synth 8-3331' appears 100 times and further instances of the messages will be disabled. Use the Tcl command set_msg_config to change the current settings.
---------------------------------------------------------------------------------
Finished RTL Elaboration : Time (s): cpu = 00:00:31 ; elapsed = 00:00:32 . Memory (MB): peak = 498.957 ; gain = 193.242
---------------------------------------------------------------------------------

Report Check Netlist: 
+------+------------------+-------+---------+-------+------------------+
|      |Item              |Errors |Warnings |Status |Description       |
+------+------------------+-------+---------+-------+------------------+
|1     |multi_driven_nets |      0|        0|Passed |Multi driven nets |
+------+------------------+-------+---------+-------+------------------+
---------------------------------------------------------------------------------
Finished RTL Optimization Phase 1 : Time (s): cpu = 00:00:32 ; elapsed = 00:00:32 . Memory (MB): peak = 498.957 ; gain = 193.242
---------------------------------------------------------------------------------
INFO: [Netlist 29-17] Analyzing 2389 Unisim elements for replacement
INFO: [Netlist 29-28] Unisim Transformation completed in 0 CPU seconds
INFO: [Device 21-403] Loading part xc7vx690tffg1761-1
INFO: [Project 1-570] Preparing netlist for logic optimization

Processing XDC Constraints
Initializing timing engine
Parsing XDC File [c:/Users/loser/Desktop/gth_phase_ex/GTH_ex.srcs/sources_1/ip/arctan/arctan_ooc.xdc] for cell 'U0'
Finished Parsing XDC File [c:/Users/loser/Desktop/gth_phase_ex/GTH_ex.srcs/sources_1/ip/arctan/arctan_ooc.xdc] for cell 'U0'
Parsing XDC File [C:/Users/loser/Desktop/gth_phase_ex/GTH_ex.runs/arctan_synth_1/dont_touch.xdc]
Finished Parsing XDC File [C:/Users/loser/Desktop/gth_phase_ex/GTH_ex.runs/arctan_synth_1/dont_touch.xdc]
Completed Processing XDC Constraints

INFO: [Project 1-111] Unisim Transformation Summary:
No Unisim elements were transformed.

Constraint Validation Runtime : Time (s): cpu = 00:00:00 ; elapsed = 00:00:00.051 . Memory (MB): peak = 1033.922 ; gain = 0.406
---------------------------------------------------------------------------------
Finished Constraint Validation : Time (s): cpu = 00:00:49 ; elapsed = 00:00:50 . Memory (MB): peak = 1033.922 ; gain = 728.207
---------------------------------------------------------------------------------
---------------------------------------------------------------------------------
Start Loading Part and Timing Information
---------------------------------------------------------------------------------
Loading part: xc7vx690tffg1761-1
---------------------------------------------------------------------------------
Finished Loading Part and Timing Information : Time (s): cpu = 00:00:49 ; elapsed = 00:00:50 . Memory (MB): peak = 1033.922 ; gain = 728.207
---------------------------------------------------------------------------------
---------------------------------------------------------------------------------
Start Applying 'set_property' XDC Constraints
---------------------------------------------------------------------------------
Applied set_property DONT_TOUCH = true for U0. (constraint file  C:/Users/loser/Desktop/gth_phase_ex/GTH_ex.runs/arctan_synth_1/dont_touch.xdc, line 9).
---------------------------------------------------------------------------------
Finished applying 'set_property' XDC Constraints : Time (s): cpu = 00:00:49 ; elapsed = 00:00:50 . Memory (MB): peak = 1033.922 ; gain = 728.207
---------------------------------------------------------------------------------
---------------------------------------------------------------------------------
Finished RTL Optimization Phase 2 : Time (s): cpu = 00:00:49 ; elapsed = 00:00:51 . Memory (MB): peak = 1033.922 ; gain = 728.207
---------------------------------------------------------------------------------

Report RTL Partitions: 
+-+--------------+------------+----------+
| |RTL Partition |Replication |Instances |
+-+--------------+------------+----------+
+-+--------------+------------+----------+
---------------------------------------------------------------------------------
Start RTL Component Statistics 
---------------------------------------------------------------------------------
---------------------------------------------------------------------------------
Finished RTL Component Statistics 
---------------------------------------------------------------------------------
---------------------------------------------------------------------------------
Start RTL Hierarchical Component Statistics 
---------------------------------------------------------------------------------
---------------------------------------------------------------------------------
Finished RTL Hierarchical Component Statistics
---------------------------------------------------------------------------------
---------------------------------------------------------------------------------
Start Part Resource Summary
---------------------------------------------------------------------------------
Part Resources:
DSPs: 3600 (col length:200)
BRAMs: 2940 (col length: RAMB18 200 RAMB36 100)
---------------------------------------------------------------------------------
Finished Part Resource Summary
---------------------------------------------------------------------------------
---------------------------------------------------------------------------------
Start Cross Boundary and Area Optimization
---------------------------------------------------------------------------------
INFO: [Synth 8-3886] merging instance 'U0/i_synth/i_synth/gen_cordic.input_stage/gen_input_regs.data_x_int_reg[0]' (FDR) to 'U0/i_synth/i_synth/gen_cordic.input_stage/gen_input_regs.phase_int_reg[21]'
INFO: [Synth 8-3886] merging instance 'U0/i_synth/i_synth/gen_cordic.input_stage/gen_input_regs.data_y_int_reg[0]' (FDR) to 'U0/i_synth/i_synth/gen_cordic.input_stage/gen_input_regs.phase_int_reg[21]'
INFO: [Synth 8-3886] merging instance 'U0/i_synth/i_synth/gen_cordic.input_stage/gen_input_regs.data_x_int_reg[1]' (FDR) to 'U0/i_synth/i_synth/gen_cordic.input_stage/gen_input_regs.phase_int_reg[21]'
INFO: [Synth 8-3886] merging instance 'U0/i_synth/i_synth/gen_cordic.input_stage/gen_input_regs.data_y_int_reg[1]' (FDR) to 'U0/i_synth/i_synth/gen_cordic.input_stage/gen_input_regs.phase_int_reg[21]'
INFO: [Synth 8-3886] merging instance 'U0/i_synth/i_synth/gen_cordic.input_stage/gen_input_regs.data_x_int_reg[2]' (FDR) to 'U0/i_synth/i_synth/gen_cordic.input_stage/gen_input_regs.phase_int_reg[21]'
INFO: [Synth 8-3886] merging instance 'U0/i_synth/i_synth/gen_cordic.input_stage/gen_input_regs.data_y_int_reg[2]' (FDR) to 'U0/i_synth/i_synth/gen_cordic.input_stage/gen_input_regs.phase_int_reg[21]'
INFO: [Synth 8-3886] merging instance 'U0/i_synth/i_synth/gen_cordic.input_stage/gen_input_regs.data_x_int_reg[3]' (FDR) to 'U0/i_synth/i_synth/gen_cordic.input_stage/gen_input_regs.phase_int_reg[21]'
INFO: [Synth 8-3886] merging instance 'U0/i_synth/i_synth/gen_cordic.input_stage/gen_input_regs.data_y_int_reg[3]' (FDR) to 'U0/i_synth/i_synth/gen_cordic.input_stage/gen_input_regs.phase_int_reg[21]'
INFO: [Synth 8-3886] merging instance 'U0/i_synth/i_synth/gen_cordic.input_stage/gen_input_regs.data_x_int_reg[4]' (FDR) to 'U0/i_synth/i_synth/gen_cordic.input_stage/gen_input_regs.phase_int_reg[21]'
INFO: [Synth 8-3886] merging instance 'U0/i_synth/i_synth/gen_cordic.input_stage/gen_input_regs.data_y_int_reg[4]' (FDR) to 'U0/i_synth/i_synth/gen_cordic.input_stage/gen_input_regs.phase_int_reg[21]'
INFO: [Synth 8-3886] merging instance 'U0/i_synth/i_synth/gen_cordic.input_stage/gen_rotation.gen_rot_xy.gen_data_x_int_dly/gen_rtl.gen_reg.d_reg_reg[0]' (FDRE) to 'U0/i_synth/i_synth/gen_cordic.input_stage/gen_rotation.gen_rot_xy.gen_data_y_int_dly/gen_rtl.gen_reg.d_reg_reg[4]'
INFO: [Synth 8-3886] merging instance 'U0/i_synth/i_synth/gen_cordic.input_stage/gen_rotation.gen_rot_xy.gen_data_y_int_dly/gen_rtl.gen_reg.d_reg_reg[0]' (FDRE) to 'U0/i_synth/i_synth/gen_cordic.input_stage/gen_rotation.gen_rot_xy.gen_data_y_int_dly/gen_rtl.gen_reg.d_reg_reg[4]'
INFO: [Synth 8-3886] merging instance 'U0/i_synth/i_synth/gen_cordic.input_stage/gen_rotation.gen_rot_xy.gen_data_x_int_dly/gen_rtl.gen_reg.d_reg_reg[1]' (FDRE) to 'U0/i_synth/i_synth/gen_cordic.input_stage/gen_rotation.gen_rot_xy.gen_data_y_int_dly/gen_rtl.gen_reg.d_reg_reg[4]'
INFO: [Synth 8-3886] merging instance 'U0/i_synth/i_synth/gen_cordic.input_stage/gen_rotation.gen_rot_xy.gen_data_y_int_dly/gen_rtl.gen_reg.d_reg_reg[1]' (FDRE) to 'U0/i_synth/i_synth/gen_cordic.input_stage/gen_rotation.gen_rot_xy.gen_data_y_int_dly/gen_rtl.gen_reg.d_reg_reg[4]'
INFO: [Synth 8-3886] merging instance 'U0/i_synth/i_synth/gen_cordic.input_stage/gen_rotation.gen_rot_xy.gen_data_x_int_dly/gen_rtl.gen_reg.d_reg_reg[2]' (FDRE) to 'U0/i_synth/i_synth/gen_cordic.input_stage/gen_rotation.gen_rot_xy.gen_data_y_int_dly/gen_rtl.gen_reg.d_reg_reg[4]'
INFO: [Synth 8-3886] merging instance 'U0/i_synth/i_synth/gen_cordic.input_stage/gen_rotation.gen_rot_xy.gen_data_y_int_dly/gen_rtl.gen_reg.d_reg_reg[2]' (FDRE) to 'U0/i_synth/i_synth/gen_cordic.input_stage/gen_rotation.gen_rot_xy.gen_data_y_int_dly/gen_rtl.gen_reg.d_reg_reg[4]'
INFO: [Synth 8-3886] merging instance 'U0/i_synth/i_synth/gen_cordic.input_stage/gen_rotation.gen_rot_xy.gen_data_x_int_dly/gen_rtl.gen_reg.d_reg_reg[3]' (FDRE) to 'U0/i_synth/i_synth/gen_cordic.input_stage/gen_rotation.gen_rot_xy.gen_data_y_int_dly/gen_rtl.gen_reg.d_reg_reg[4]'
INFO: [Synth 8-3886] merging instance 'U0/i_synth/i_synth/gen_cordic.input_stage/gen_rotation.gen_rot_xy.gen_data_y_int_dly/gen_rtl.gen_reg.d_reg_reg[3]' (FDRE) to 'U0/i_synth/i_synth/gen_cordic.input_stage/gen_rotation.gen_rot_xy.gen_data_y_int_dly/gen_rtl.gen_reg.d_reg_reg[4]'
INFO: [Synth 8-3886] merging instance 'U0/i_synth/i_synth/gen_cordic.input_stage/gen_rotation.gen_rot_xy.gen_data_x_int_dly/gen_rtl.gen_reg.d_reg_reg[4]' (FDRE) to 'U0/i_synth/i_synth/gen_cordic.input_stage/gen_rotation.gen_rot_xy.gen_data_y_int_dly/gen_rtl.gen_reg.d_reg_reg[4]'
INFO: [Synth 8-3886] merging instance 'U0/i_synth/i_synth/gen_cordic.input_stage/gen_input_regs.phase_int_reg[0]' (FDR) to 'U0/i_synth/i_synth/gen_cordic.input_stage/gen_input_regs.phase_int_reg[21]'
INFO: [Synth 8-3886] merging instance 'U0/i_synth/i_synth/gen_cordic.input_stage/gen_input_regs.phase_int_reg[1]' (FDR) to 'U0/i_synth/i_synth/gen_cordic.input_stage/gen_input_regs.phase_int_reg[21]'
INFO: [Synth 8-3886] merging instance 'U0/i_synth/i_synth/gen_cordic.input_stage/gen_input_regs.phase_int_reg[2]' (FDR) to 'U0/i_synth/i_synth/gen_cordic.input_stage/gen_input_regs.phase_int_reg[21]'
INFO: [Synth 8-3886] merging instance 'U0/i_synth/i_synth/gen_cordic.input_stage/gen_input_regs.phase_int_reg[3]' (FDR) to 'U0/i_synth/i_synth/gen_cordic.input_stage/gen_input_regs.phase_int_reg[21]'
INFO: [Synth 8-3886] merging instance 'U0/i_synth/i_synth/gen_cordic.input_stage/gen_input_regs.phase_int_reg[4]' (FDR) to 'U0/i_synth/i_synth/gen_cordic.input_stage/gen_input_regs.phase_int_reg[21]'
INFO: [Synth 8-3886] merging instance 'U0/i_synth/i_synth/gen_cordic.input_stage/gen_input_regs.phase_int_reg[5]' (FDR) to 'U0/i_synth/i_synth/gen_cordic.input_stage/gen_input_regs.phase_int_reg[21]'
INFO: [Synth 8-3886] merging instance 'U0/i_synth/i_synth/gen_cordic.input_stage/gen_input_regs.phase_int_reg[6]' (FDR) to 'U0/i_synth/i_synth/gen_cordic.input_stage/gen_input_regs.phase_int_reg[21]'
INFO: [Synth 8-3886] merging instance 'U0/i_synth/i_synth/gen_cordic.input_stage/gen_input_regs.phase_int_reg[7]' (FDR) to 'U0/i_synth/i_synth/gen_cordic.input_stage/gen_input_regs.phase_int_reg[21]'
INFO: [Synth 8-3886] merging instance 'U0/i_synth/i_synth/gen_cordic.input_stage/gen_input_regs.phase_int_reg[8]' (FDR) to 'U0/i_synth/i_synth/gen_cordic.input_stage/gen_input_regs.phase_int_reg[21]'
INFO: [Synth 8-3886] merging instance 'U0/i_synth/i_synth/gen_cordic.input_stage/gen_input_regs.phase_int_reg[9]' (FDR) to 'U0/i_synth/i_synth/gen_cordic.input_stage/gen_input_regs.phase_int_reg[21]'
INFO: [Synth 8-3886] merging instance 'U0/i_synth/i_synth/gen_cordic.input_stage/gen_input_regs.phase_int_reg[10]' (FDR) to 'U0/i_synth/i_synth/gen_cordic.input_stage/gen_input_regs.phase_int_reg[21]'
INFO: [Synth 8-3886] merging instance 'U0/i_synth/i_synth/gen_cordic.input_stage/gen_input_regs.phase_int_reg[11]' (FDR) to 'U0/i_synth/i_synth/gen_cordic.input_stage/gen_input_regs.phase_int_reg[21]'
INFO: [Synth 8-3886] merging instance 'U0/i_synth/i_synth/gen_cordic.input_stage/gen_input_regs.phase_int_reg[12]' (FDR) to 'U0/i_synth/i_synth/gen_cordic.input_stage/gen_input_regs.phase_int_reg[21]'
INFO: [Synth 8-3886] merging instance 'U0/i_synth/i_synth/gen_cordic.input_stage/gen_input_regs.phase_int_reg[13]' (FDR) to 'U0/i_synth/i_synth/gen_cordic.input_stage/gen_input_regs.phase_int_reg[21]'
INFO: [Synth 8-3886] merging instance 'U0/i_synth/i_synth/gen_cordic.input_stage/gen_input_regs.phase_int_reg[14]' (FDR) to 'U0/i_synth/i_synth/gen_cordic.input_stage/gen_input_regs.phase_int_reg[21]'
INFO: [Synth 8-3886] merging instance 'U0/i_synth/i_synth/gen_cordic.input_stage/gen_input_regs.phase_int_reg[15]' (FDR) to 'U0/i_synth/i_synth/gen_cordic.input_stage/gen_input_regs.phase_int_reg[21]'
INFO: [Synth 8-3886] merging instance 'U0/i_synth/i_synth/gen_cordic.input_stage/gen_input_regs.phase_int_reg[16]' (FDR) to 'U0/i_synth/i_synth/gen_cordic.input_stage/gen_input_regs.phase_int_reg[21]'
INFO: [Synth 8-3886] merging instance 'U0/i_synth/i_synth/gen_cordic.input_stage/gen_input_regs.phase_int_reg[17]' (FDR) to 'U0/i_synth/i_synth/gen_cordic.input_stage/gen_input_regs.phase_int_reg[21]'
INFO: [Synth 8-3886] merging instance 'U0/i_synth/i_synth/gen_cordic.input_stage/gen_input_regs.phase_int_reg[18]' (FDR) to 'U0/i_synth/i_synth/gen_cordic.input_stage/gen_input_regs.phase_int_reg[21]'
INFO: [Synth 8-3886] merging instance 'U0/i_synth/i_synth/gen_cordic.input_stage/gen_input_regs.phase_int_reg[19]' (FDR) to 'U0/i_synth/i_synth/gen_cordic.input_stage/gen_input_regs.phase_int_reg[21]'
INFO: [Synth 8-3886] merging instance 'U0/i_synth/i_synth/gen_cordic.input_stage/gen_input_regs.phase_int_reg[20]' (FDR) to 'U0/i_synth/i_synth/gen_cordic.input_stage/gen_input_regs.phase_int_reg[21]'
INFO: [Synth 8-3333] propagating constant 0 across sequential element (U0/i_synth/\i_synth/gen_cordic.input_stage/gen_input_regs.phase_int_reg[21] )
INFO: [Synth 8-3886] merging instance 'U0/i_synth/i_synth/gen_cordic.output_stage/gen_rotation.gen_translate.gen_phase_rot_reg/gen_rtl.gen_reg.d_reg_reg[0]' (FDRE) to 'U0/i_synth/i_synth/gen_cordic.input_stage/gen_rotation.gen_rot_xy.gen_data_y_int_dly/gen_rtl.gen_reg.d_reg_reg[4]'
INFO: [Synth 8-3886] merging instance 'U0/i_synth/i_synth/gen_cordic.output_stage/gen_rotation.gen_translate.gen_phase_rot_reg/gen_rtl.gen_reg.d_reg_reg[1]' (FDRE) to 'U0/i_synth/i_synth/gen_cordic.output_stage/gen_rotation.gen_translate.gen_phase_rot_reg/gen_rtl.gen_reg.d_reg_reg[20]'
INFO: [Synth 8-3886] merging instance 'U0/i_synth/i_synth/gen_cordic.output_stage/gen_rotation.gen_translate.gen_phase_rot_reg/gen_rtl.gen_reg.d_reg_reg[2]' (FDRE) to 'U0/i_synth/i_synth/gen_cordic.output_stage/gen_rotation.gen_translate.gen_phase_rot_reg/gen_rtl.gen_reg.d_reg_reg[12]'
INFO: [Synth 8-3886] merging instance 'U0/i_synth/i_synth/gen_cordic.output_stage/gen_rotation.gen_translate.gen_phase_rot_reg/gen_rtl.gen_reg.d_reg_reg[3]' (FDRE) to 'U0/i_synth/i_synth/gen_cordic.input_stage/gen_rotation.gen_rot_xy.gen_data_y_int_dly/gen_rtl.gen_reg.d_reg_reg[4]'
INFO: [Synth 8-3886] merging instance 'U0/i_synth/i_synth/gen_cordic.output_stage/gen_rotation.gen_translate.gen_phase_rot_reg/gen_rtl.gen_reg.d_reg_reg[4]' (FDRE) to 'U0/i_synth/i_synth/gen_cordic.input_stage/gen_rotation.gen_rot_xy.gen_data_y_int_dly/gen_rtl.gen_reg.d_reg_reg[4]'
INFO: [Synth 8-3886] merging instance 'U0/i_synth/i_synth/gen_cordic.output_stage/gen_rotation.gen_translate.gen_phase_rot_reg/gen_rtl.gen_reg.d_reg_reg[5]' (FDRE) to 'U0/i_synth/i_synth/gen_cordic.input_stage/gen_rotation.gen_rot_xy.gen_data_y_int_dly/gen_rtl.gen_reg.d_reg_reg[4]'
INFO: [Synth 8-3886] merging instance 'U0/i_synth/i_synth/gen_cordic.output_stage/gen_rotation.gen_translate.gen_phase_rot_reg/gen_rtl.gen_reg.d_reg_reg[6]' (FDRE) to 'U0/i_synth/i_synth/gen_cordic.input_stage/gen_rotation.gen_rot_xy.gen_data_y_int_dly/gen_rtl.gen_reg.d_reg_reg[4]'
INFO: [Synth 8-3886] merging instance 'U0/i_synth/i_synth/gen_cordic.output_stage/gen_rotation.gen_translate.gen_phase_rot_reg/gen_rtl.gen_reg.d_reg_reg[7]' (FDRE) to 'U0/i_synth/i_synth/gen_cordic.input_stage/gen_rotation.gen_rot_xy.gen_data_y_int_dly/gen_rtl.gen_reg.d_reg_reg[4]'
INFO: [Synth 8-3886] merging instance 'U0/i_synth/i_synth/gen_cordic.output_stage/gen_rotation.gen_translate.gen_phase_rot_reg/gen_rtl.gen_reg.d_reg_reg[8]' (FDRE) to 'U0/i_synth/i_synth/gen_cordic.output_stage/gen_rotation.gen_translate.gen_phase_rot_reg/gen_rtl.gen_reg.d_reg_reg[20]'
INFO: [Synth 8-3886] merging instance 'U0/i_synth/i_synth/gen_cordic.output_stage/gen_rotation.gen_translate.gen_phase_rot_reg/gen_rtl.gen_reg.d_reg_reg[9]' (FDRE) to 'U0/i_synth/i_synth/gen_cordic.output_stage/gen_rotation.gen_translate.gen_phase_rot_reg/gen_rtl.gen_reg.d_reg_reg[10]'
INFO: [Synth 8-3886] merging instance 'U0/i_synth/i_synth/gen_cordic.output_stage/gen_rotation.gen_translate.gen_phase_rot_reg/gen_rtl.gen_reg.d_reg_reg[10]' (FDRE) to 'U0/i_synth/i_synth/gen_cordic.output_stage/gen_rotation.gen_translate.gen_phase_rot_reg/gen_rtl.gen_reg.d_reg_reg[11]'
INFO: [Synth 8-3886] merging instance 'U0/i_synth/i_synth/gen_cordic.output_stage/gen_rotation.gen_translate.gen_phase_rot_reg/gen_rtl.gen_reg.d_reg_reg[11]' (FDRE) to 'U0/i_synth/i_synth/gen_cordic.output_stage/gen_rotation.gen_translate.gen_phase_rot_reg/gen_rtl.gen_reg.d_reg_reg[14]'
INFO: [Synth 8-3886] merging instance 'U0/i_synth/i_synth/gen_cordic.output_stage/gen_rotation.gen_translate.gen_phase_rot_reg/gen_rtl.gen_reg.d_reg_reg[12]' (FDRE) to 'U0/i_synth/i_synth/gen_cordic.output_stage/gen_rotation.gen_translate.gen_phase_rot_reg/gen_rtl.gen_reg.d_reg_reg[15]'
INFO: [Synth 8-3886] merging instance 'U0/i_synth/i_synth/gen_cordic.output_stage/gen_rotation.gen_translate.gen_phase_rot_reg/gen_rtl.gen_reg.d_reg_reg[13]' (FDRE) to 'U0/i_synth/i_synth/gen_cordic.output_stage/gen_rotation.gen_translate.gen_phase_rot_reg/gen_rtl.gen_reg.d_reg_reg[20]'
INFO: [Synth 8-3886] merging instance 'U0/i_synth/i_synth/gen_cordic.output_stage/gen_rotation.gen_translate.gen_phase_rot_reg/gen_rtl.gen_reg.d_reg_reg[14]' (FDRE) to 'U0/i_synth/i_synth/gen_cordic.output_stage/gen_rotation.gen_translate.gen_phase_rot_reg/gen_rtl.gen_reg.d_reg_reg[17]'
INFO: [Synth 8-3886] merging instance 'U0/i_synth/i_synth/gen_cordic.output_stage/gen_rotation.gen_translate.gen_phase_rot_reg/gen_rtl.gen_reg.d_reg_reg[15]' (FDRE) to 'U0/i_synth/i_synth/gen_cordic.output_stage/gen_rotation.gen_translate.gen_phase_rot_reg/gen_rtl.gen_reg.d_reg_reg[18]'
INFO: [Synth 8-3886] merging instance 'U0/i_synth/i_synth/gen_cordic.output_stage/gen_rotation.gen_translate.gen_phase_rot_reg/gen_rtl.gen_reg.d_reg_reg[16]' (FDRE) to 'U0/i_synth/i_synth/gen_cordic.output_stage/gen_rotation.gen_translate.gen_phase_rot_reg/gen_rtl.gen_reg.d_reg_reg[20]'
INFO: [Synth 8-3886] merging instance 'U0/i_synth/i_synth/gen_cordic.output_stage/gen_rotation.gen_translate.gen_phase_rot_reg/gen_rtl.gen_reg.d_reg_reg[17]' (FDRE) to 'U0/i_synth/i_synth/gen_cordic.output_stage/gen_rotation.gen_translate.gen_phase_rot_reg/gen_rtl.gen_reg.d_reg_reg[21]'
INFO: [Synth 8-3886] merging instance 'U0/i_synth/i_synth/gen_cordic.output_stage/gen_rotation.gen_translate.gen_phase_rot_reg/gen_rtl.gen_reg.d_reg_reg[19]' (FDRE) to 'U0/i_synth/i_synth/gen_cordic.input_stage/gen_rotation.gen_rot_xy.gen_data_y_int_dly/gen_rtl.gen_reg.d_reg_reg[4]'
INFO: [Synth 8-3332] Sequential element (i_baseblox.i_baseblox_addsub/no_pipelining.the_addsub/i_lut6.i_lut6_addsub/i_q.i_simple.qreg/i_no_async_controls.output_reg[24]) is unused and will be removed from module c_addsub_v12_0_11_viv.
INFO: [Synth 8-3332] Sequential element (i_baseblox.i_baseblox_addsub/no_pipelining.the_addsub/i_lut6.i_lut6_addsub/i_q.i_simple.qreg/i_no_async_controls.output_reg[22]) is unused and will be removed from module c_addsub_v12_0_11_viv.
INFO: [Synth 8-3332] Sequential element (i_baseblox.i_baseblox_addsub/no_pipelining.the_addsub/i_lut6.i_lut6_addsub/i_q.i_simple.qreg/i_no_async_controls.output_reg[21]) is unused and will be removed from module c_addsub_v12_0_11_viv.
INFO: [Synth 8-3332] Sequential element (i_baseblox.i_baseblox_addsub/no_pipelining.the_addsub/i_lut6.i_lut6_addsub/i_q.i_simple.qreg/i_no_async_controls.output_reg[20]) is unused and will be removed from module c_addsub_v12_0_11_viv.
INFO: [Synth 8-3332] Sequential element (i_baseblox.i_baseblox_addsub/no_pipelining.the_addsub/i_lut6.i_lut6_addsub/i_q.i_simple.qreg/i_no_async_controls.output_reg[19]) is unused and will be removed from module c_addsub_v12_0_11_viv.
INFO: [Synth 8-3332] Sequential element (i_baseblox.i_baseblox_addsub/no_pipelining.the_addsub/i_lut6.i_lut6_addsub/i_q.i_simple.qreg/i_no_async_controls.output_reg[18]) is unused and will be removed from module c_addsub_v12_0_11_viv.
INFO: [Synth 8-3332] Sequential element (i_baseblox.i_baseblox_addsub/no_pipelining.the_addsub/i_lut6.i_lut6_addsub/i_q.i_simple.qreg/i_no_async_controls.output_reg[17]) is unused and will be removed from module c_addsub_v12_0_11_viv.
INFO: [Synth 8-3332] Sequential element (i_baseblox.i_baseblox_addsub/no_pipelining.the_addsub/i_lut6.i_lut6_addsub/i_q.i_simple.qreg/i_no_async_controls.output_reg[16]) is unused and will be removed from module c_addsub_v12_0_11_viv.
INFO: [Synth 8-3332] Sequential element (i_baseblox.i_baseblox_addsub/no_pipelining.the_addsub/i_lut6.i_lut6_addsub/i_q.i_simple.qreg/i_no_async_controls.output_reg[15]) is unused and will be removed from module c_addsub_v12_0_11_viv.
INFO: [Synth 8-3332] Sequential element (i_baseblox.i_baseblox_addsub/no_pipelining.the_addsub/i_lut6.i_lut6_addsub/i_q.i_simple.qreg/i_no_async_controls.output_reg[14]) is unused and will be removed from module c_addsub_v12_0_11_viv.
INFO: [Synth 8-3332] Sequential element (i_baseblox.i_baseblox_addsub/no_pipelining.the_addsub/i_lut6.i_lut6_addsub/i_q.i_simple.qreg/i_no_async_controls.output_reg[13]) is unused and will be removed from module c_addsub_v12_0_11_viv.
INFO: [Synth 8-3332] Sequential element (i_baseblox.i_baseblox_addsub/no_pipelining.the_addsub/i_lut6.i_lut6_addsub/i_q.i_simple.qreg/i_no_async_controls.output_reg[12]) is unused and will be removed from module c_addsub_v12_0_11_viv.
INFO: [Synth 8-3332] Sequential element (i_baseblox.i_baseblox_addsub/no_pipelining.the_addsub/i_lut6.i_lut6_addsub/i_q.i_simple.qreg/i_no_async_controls.output_reg[11]) is unused and will be removed from module c_addsub_v12_0_11_viv.
INFO: [Synth 8-3332] Sequential element (i_baseblox.i_baseblox_addsub/no_pipelining.the_addsub/i_lut6.i_lut6_addsub/i_q.i_simple.qreg/i_no_async_controls.output_reg[10]) is unused and will be removed from module c_addsub_v12_0_11_viv.
INFO: [Synth 8-3332] Sequential element (i_baseblox.i_baseblox_addsub/no_pipelining.the_addsub/i_lut6.i_lut6_addsub/i_q.i_simple.qreg/i_no_async_controls.output_reg[9]) is unused and will be removed from module c_addsub_v12_0_11_viv.
INFO: [Synth 8-3332] Sequential element (i_baseblox.i_baseblox_addsub/no_pipelining.the_addsub/i_lut6.i_lut6_addsub/i_q.i_simple.qreg/i_no_async_controls.output_reg[8]) is unused and will be removed from module c_addsub_v12_0_11_viv.
INFO: [Synth 8-3332] Sequential element (i_baseblox.i_baseblox_addsub/no_pipelining.the_addsub/i_lut6.i_lut6_addsub/i_q.i_simple.qreg/i_no_async_controls.output_reg[7]) is unused and will be removed from module c_addsub_v12_0_11_viv.
INFO: [Synth 8-3332] Sequential element (i_baseblox.i_baseblox_addsub/no_pipelining.the_addsub/i_lut6.i_lut6_addsub/i_q.i_simple.qreg/i_no_async_controls.output_reg[6]) is unused and will be removed from module c_addsub_v12_0_11_viv.
INFO: [Synth 8-3332] Sequential element (i_baseblox.i_baseblox_addsub/no_pipelining.the_addsub/i_lut6.i_lut6_addsub/i_q.i_simple.qreg/i_no_async_controls.output_reg[5]) is unused and will be removed from module c_addsub_v12_0_11_viv.
INFO: [Synth 8-3332] Sequential element (i_baseblox.i_baseblox_addsub/no_pipelining.the_addsub/i_lut6.i_lut6_addsub/i_q.i_simple.qreg/i_no_async_controls.output_reg[4]) is unused and will be removed from module c_addsub_v12_0_11_viv.
INFO: [Synth 8-3332] Sequential element (i_baseblox.i_baseblox_addsub/no_pipelining.the_addsub/i_lut6.i_lut6_addsub/i_q.i_simple.qreg/i_no_async_controls.output_reg[3]) is unused and will be removed from module c_addsub_v12_0_11_viv.
INFO: [Synth 8-3332] Sequential element (i_baseblox.i_baseblox_addsub/no_pipelining.the_addsub/i_lut6.i_lut6_addsub/i_q.i_simple.qreg/i_no_async_controls.output_reg[2]) is unused and will be removed from module c_addsub_v12_0_11_viv.
INFO: [Synth 8-3332] Sequential element (i_baseblox.i_baseblox_addsub/no_pipelining.the_addsub/i_lut6.i_lut6_addsub/i_q.i_simple.qreg/i_no_async_controls.output_reg[1]) is unused and will be removed from module c_addsub_v12_0_11_viv.
INFO: [Synth 8-3332] Sequential element (i_baseblox.i_baseblox_addsub/no_pipelining.the_addsub/i_lut6.i_lut6_addsub/i_q.i_simple.qreg/i_no_async_controls.output_reg[24]) is unused and will be removed from module c_addsub_v12_0_11_viv__parameterized1.
INFO: [Synth 8-3332] Sequential element (i_baseblox.i_baseblox_addsub/no_pipelining.the_addsub/i_lut6.i_lut6_addsub/i_q.i_simple.qreg/i_no_async_controls.output_reg[22]) is unused and will be removed from module c_addsub_v12_0_11_viv__parameterized1.
INFO: [Synth 8-3332] Sequential element (i_baseblox.i_baseblox_addsub/no_pipelining.the_addsub/i_lut6.i_lut6_addsub/i_q.i_simple.qreg/i_no_async_controls.output_reg[21]) is unused and will be removed from module c_addsub_v12_0_11_viv__parameterized1.
INFO: [Synth 8-3332] Sequential element (i_baseblox.i_baseblox_addsub/no_pipelining.the_addsub/i_lut6.i_lut6_addsub/i_q.i_simple.qreg/i_no_async_controls.output_reg[20]) is unused and will be removed from module c_addsub_v12_0_11_viv__parameterized1.
INFO: [Synth 8-3332] Sequential element (i_baseblox.i_baseblox_addsub/no_pipelining.the_addsub/i_lut6.i_lut6_addsub/i_q.i_simple.qreg/i_no_async_controls.output_reg[19]) is unused and will be removed from module c_addsub_v12_0_11_viv__parameterized1.
INFO: [Synth 8-3332] Sequential element (i_baseblox.i_baseblox_addsub/no_pipelining.the_addsub/i_lut6.i_lut6_addsub/i_q.i_simple.qreg/i_no_async_controls.output_reg[18]) is unused and will be removed from module c_addsub_v12_0_11_viv__parameterized1.
INFO: [Synth 8-3332] Sequential element (i_baseblox.i_baseblox_addsub/no_pipelining.the_addsub/i_lut6.i_lut6_addsub/i_q.i_simple.qreg/i_no_async_controls.output_reg[17]) is unused and will be removed from module c_addsub_v12_0_11_viv__parameterized1.
INFO: [Synth 8-3332] Sequential element (i_baseblox.i_baseblox_addsub/no_pipelining.the_addsub/i_lut6.i_lut6_addsub/i_q.i_simple.qreg/i_no_async_controls.output_reg[16]) is unused and will be removed from module c_addsub_v12_0_11_viv__parameterized1.
INFO: [Synth 8-3332] Sequential element (i_baseblox.i_baseblox_addsub/no_pipelining.the_addsub/i_lut6.i_lut6_addsub/i_q.i_simple.qreg/i_no_async_controls.output_reg[15]) is unused and will be removed from module c_addsub_v12_0_11_viv__parameterized1.
INFO: [Synth 8-3332] Sequential element (i_baseblox.i_baseblox_addsub/no_pipelining.the_addsub/i_lut6.i_lut6_addsub/i_q.i_simple.qreg/i_no_async_controls.output_reg[14]) is unused and will be removed from module c_addsub_v12_0_11_viv__parameterized1.
INFO: [Synth 8-3332] Sequential element (i_baseblox.i_baseblox_addsub/no_pipelining.the_addsub/i_lut6.i_lut6_addsub/i_q.i_simple.qreg/i_no_async_controls.output_reg[13]) is unused and will be removed from module c_addsub_v12_0_11_viv__parameterized1.
INFO: [Synth 8-3332] Sequential element (i_baseblox.i_baseblox_addsub/no_pipelining.the_addsub/i_lut6.i_lut6_addsub/i_q.i_simple.qreg/i_no_async_controls.output_reg[12]) is unused and will be removed from module c_addsub_v12_0_11_viv__parameterized1.
INFO: [Synth 8-3332] Sequential element (i_baseblox.i_baseblox_addsub/no_pipelining.the_addsub/i_lut6.i_lut6_addsub/i_q.i_simple.qreg/i_no_async_controls.output_reg[11]) is unused and will be removed from module c_addsub_v12_0_11_viv__parameterized1.
INFO: [Synth 8-3332] Sequential element (i_baseblox.i_baseblox_addsub/no_pipelining.the_addsub/i_lut6.i_lut6_addsub/i_q.i_simple.qreg/i_no_async_controls.output_reg[10]) is unused and will be removed from module c_addsub_v12_0_11_viv__parameterized1.
INFO: [Synth 8-3332] Sequential element (i_baseblox.i_baseblox_addsub/no_pipelining.the_addsub/i_lut6.i_lut6_addsub/i_q.i_simple.qreg/i_no_async_controls.output_reg[9]) is unused and will be removed from module c_addsub_v12_0_11_viv__parameterized1.
INFO: [Synth 8-3332] Sequential element (i_baseblox.i_baseblox_addsub/no_pipelining.the_addsub/i_lut6.i_lut6_addsub/i_q.i_simple.qreg/i_no_async_controls.output_reg[8]) is unused and will be removed from module c_addsub_v12_0_11_viv__parameterized1.
INFO: [Synth 8-3332] Sequential element (i_baseblox.i_baseblox_addsub/no_pipelining.the_addsub/i_lut6.i_lut6_addsub/i_q.i_simple.qreg/i_no_async_controls.output_reg[7]) is unused and will be removed from module c_addsub_v12_0_11_viv__parameterized1.
INFO: [Synth 8-3332] Sequential element (i_baseblox.i_baseblox_addsub/no_pipelining.the_addsub/i_lut6.i_lut6_addsub/i_q.i_simple.qreg/i_no_async_controls.output_reg[6]) is unused and will be removed from module c_addsub_v12_0_11_viv__parameterized1.
INFO: [Synth 8-3332] Sequential element (i_baseblox.i_baseblox_addsub/no_pipelining.the_addsub/i_lut6.i_lut6_addsub/i_q.i_simple.qreg/i_no_async_controls.output_reg[5]) is unused and will be removed from module c_addsub_v12_0_11_viv__parameterized1.
INFO: [Synth 8-3332] Sequential element (i_baseblox.i_baseblox_addsub/no_pipelining.the_addsub/i_lut6.i_lut6_addsub/i_q.i_simple.qreg/i_no_async_controls.output_reg[4]) is unused and will be removed from module c_addsub_v12_0_11_viv__parameterized1.
INFO: [Synth 8-3332] Sequential element (i_baseblox.i_baseblox_addsub/no_pipelining.the_addsub/i_lut6.i_lut6_addsub/i_q.i_simple.qreg/i_no_async_controls.output_reg[3]) is unused and will be removed from module c_addsub_v12_0_11_viv__parameterized1.
INFO: [Synth 8-3332] Sequential element (i_baseblox.i_baseblox_addsub/no_pipelining.the_addsub/i_lut6.i_lut6_addsub/i_q.i_simple.qreg/i_no_async_controls.output_reg[2]) is unused and will be removed from module c_addsub_v12_0_11_viv__parameterized1.
INFO: [Synth 8-3332] Sequential element (i_baseblox.i_baseblox_addsub/no_pipelining.the_addsub/i_lut6.i_lut6_addsub/i_q.i_simple.qreg/i_no_async_controls.output_reg[1]) is unused and will be removed from module c_addsub_v12_0_11_viv__parameterized1.
INFO: [Synth 8-3332] Sequential element (i_baseblox.i_baseblox_addsub/no_pipelining.the_addsub/i_lut6.i_lut6_addsub/i_q.i_simple.qreg/i_no_async_controls.output_reg[23]) is unused and will be removed from module c_addsub_v12_0_11_viv__parameterized3__1.
INFO: [Synth 8-3332] Sequential element (i_baseblox.i_baseblox_addsub/no_pipelining.the_addsub/i_lut6.i_lut6_addsub/i_q.i_simple.qreg/i_no_async_controls.output_reg[23]) is unused and will be removed from module c_addsub_v12_0_11_viv__parameterized3__2.
INFO: [Synth 8-3332] Sequential element (i_baseblox.i_baseblox_addsub/no_pipelining.the_addsub/i_lut6.i_lut6_addsub/i_q.i_simple.qreg/i_no_async_controls.output_reg[23]) is unused and will be removed from module c_addsub_v12_0_11_viv__parameterized3__3.
INFO: [Synth 8-3332] Sequential element (i_baseblox.i_baseblox_addsub/no_pipelining.the_addsub/i_lut6.i_lut6_addsub/i_q.i_simple.qreg/i_no_async_controls.output_reg[23]) is unused and will be removed from module c_addsub_v12_0_11_viv__parameterized3__4.
INFO: [Synth 8-3332] Sequential element (i_baseblox.i_baseblox_addsub/no_pipelining.the_addsub/i_lut6.i_lut6_addsub/i_q.i_simple.qreg/i_no_async_controls.output_reg[23]) is unused and will be removed from module c_addsub_v12_0_11_viv__parameterized3__6.
INFO: [Synth 8-3332] Sequential element (i_baseblox.i_baseblox_addsub/no_pipelining.the_addsub/i_lut6.i_lut6_addsub/i_q.i_simple.qreg/i_no_async_controls.output_reg[23]) is unused and will be removed from module c_addsub_v12_0_11_viv__parameterized3__7.
INFO: [Synth 8-3332] Sequential element (i_baseblox.i_baseblox_addsub/no_pipelining.the_addsub/i_lut6.i_lut6_addsub/i_q.i_simple.qreg/i_no_async_controls.output_reg[23]) is unused and will be removed from module c_addsub_v12_0_11_viv__parameterized3__8.
INFO: [Synth 8-3332] Sequential element (i_baseblox.i_baseblox_addsub/no_pipelining.the_addsub/i_lut6.i_lut6_addsub/i_q.i_simple.qreg/i_no_async_controls.output_reg[23]) is unused and will be removed from module c_addsub_v12_0_11_viv__parameterized3__9.
INFO: [Synth 8-3332] Sequential element (i_baseblox.i_baseblox_addsub/no_pipelining.the_addsub/i_lut6.i_lut6_addsub/i_q.i_simple.qreg/i_no_async_controls.output_reg[23]) is unused and will be removed from module c_addsub_v12_0_11_viv__parameterized3__10.
INFO: [Synth 8-3332] Sequential element (i_baseblox.i_baseblox_addsub/no_pipelining.the_addsub/i_lut6.i_lut6_addsub/i_q.i_simple.qreg/i_no_async_controls.output_reg[23]) is unused and will be removed from module c_addsub_v12_0_11_viv__parameterized3__11.
INFO: [Synth 8-3332] Sequential element (i_baseblox.i_baseblox_addsub/no_pipelining.the_addsub/i_lut6.i_lut6_addsub/i_q.i_simple.qreg/i_no_async_controls.output_reg[23]) is unused and will be removed from module c_addsub_v12_0_11_viv__parameterized3__12.
INFO: [Synth 8-3332] Sequential element (i_baseblox.i_baseblox_addsub/no_pipelining.the_addsub/i_lut6.i_lut6_addsub/i_q.i_simple.qreg/i_no_async_controls.output_reg[23]) is unused and will be removed from module c_addsub_v12_0_11_viv__parameterized3__13.
INFO: [Synth 8-3332] Sequential element (i_baseblox.i_baseblox_addsub/no_pipelining.the_addsub/i_lut6.i_lut6_addsub/i_q.i_simple.qreg/i_no_async_controls.output_reg[23]) is unused and will be removed from module c_addsub_v12_0_11_viv__parameterized3__14.
INFO: [Synth 8-3332] Sequential element (i_baseblox.i_baseblox_addsub/no_pipelining.the_addsub/i_lut6.i_lut6_addsub/i_q.i_simple.qreg/i_no_async_controls.output_reg[23]) is unused and will be removed from module c_addsub_v12_0_11_viv__parameterized3__15.
INFO: [Synth 8-3332] Sequential element (i_baseblox.i_baseblox_addsub/no_pipelining.the_addsub/i_lut6.i_lut6_addsub/i_q.i_simple.qreg/i_no_async_controls.output_reg[23]) is unused and will be removed from module c_addsub_v12_0_11_viv__parameterized3__16.
INFO: [Synth 8-3332] Sequential element (i_baseblox.i_baseblox_addsub/no_pipelining.the_addsub/i_lut6.i_lut6_addsub/i_q.i_simple.qreg/i_no_async_controls.output_reg[23]) is unused and will be removed from module c_addsub_v12_0_11_viv__parameterized3__17.
INFO: [Synth 8-3332] Sequential element (i_baseblox.i_baseblox_addsub/no_pipelining.the_addsub/i_lut6.i_lut6_addsub/i_q.i_simple.qreg/i_no_async_controls.output_reg[23]) is unused and will be removed from module c_addsub_v12_0_11_viv__parameterized3__18.
INFO: [Synth 8-3332] Sequential element (i_baseblox.i_baseblox_addsub/no_pipelining.the_addsub/i_lut6.i_lut6_addsub/i_q.i_simple.qreg/i_no_async_controls.output_reg[23]) is unused and will be removed from module c_addsub_v12_0_11_viv__parameterized3__19.
INFO: [Synth 8-3332] Sequential element (i_baseblox.i_baseblox_addsub/no_pipelining.the_addsub/i_lut6.i_lut6_addsub/i_q.i_simple.qreg/i_no_async_controls.output_reg[23]) is unused and will be removed from module c_addsub_v12_0_11_viv__parameterized3__20.
INFO: [Synth 8-3332] Sequential element (i_baseblox.i_baseblox_addsub/no_pipelining.the_addsub/i_lut6.i_lut6_addsub/i_q.i_simple.qreg/i_no_async_controls.output_reg[23]) is unused and will be removed from module c_addsub_v12_0_11_viv__parameterized3__21.
INFO: [Synth 8-3332] Sequential element (i_baseblox.i_baseblox_addsub/no_pipelining.the_addsub/i_lut6.i_lut6_addsub/i_q.i_simple.qreg/i_no_async_controls.output_reg[23]) is unused and will be removed from module c_addsub_v12_0_11_viv__parameterized3__22.
INFO: [Synth 8-3332] Sequential element (i_baseblox.i_baseblox_addsub/no_pipelining.the_addsub/i_lut6.i_lut6_addsub/i_q.i_simple.qreg/i_no_async_controls.output_reg[23]) is unused and will be removed from module c_addsub_v12_0_11_viv__parameterized3__23.
INFO: [Synth 8-3332] Sequential element (i_baseblox.i_baseblox_addsub/no_pipelining.the_addsub/i_lut6.i_lut6_addsub/i_q.i_simple.qreg/i_no_async_controls.output_reg[23]) is unused and will be removed from module c_addsub_v12_0_11_viv__parameterized3__24.
INFO: [Synth 8-3332] Sequential element (i_baseblox.i_baseblox_addsub/no_pipelining.the_addsub/i_lut6.i_lut6_addsub/i_q.i_simple.qreg/i_no_async_controls.output_reg[23]) is unused and will be removed from module c_addsub_v12_0_11_viv__parameterized3__25.
INFO: [Synth 8-3332] Sequential element (i_baseblox.i_baseblox_addsub/no_pipelining.the_addsub/i_lut6.i_lut6_addsub/i_q.i_simple.qreg/i_no_async_controls.output_reg[23]) is unused and will be removed from module c_addsub_v12_0_11_viv__parameterized3__26.
INFO: [Synth 8-3332] Sequential element (i_baseblox.i_baseblox_addsub/no_pipelining.the_addsub/i_lut6.i_lut6_addsub/i_q.i_simple.qreg/i_no_async_controls.output_reg[23]) is unused and will be removed from module c_addsub_v12_0_11_viv__parameterized3__27.
INFO: [Synth 8-3332] Sequential element (i_baseblox.i_baseblox_addsub/no_pipelining.the_addsub/i_lut6.i_lut6_addsub/i_q.i_simple.qreg/i_no_async_controls.output_reg[23]) is unused and will be removed from module c_addsub_v12_0_11_viv__parameterized3__28.
INFO: [Synth 8-3332] Sequential element (i_baseblox.i_baseblox_addsub/no_pipelining.the_addsub/i_lut6.i_lut6_addsub/i_q.i_simple.qreg/i_no_async_controls.output_reg[23]) is unused and will be removed from module c_addsub_v12_0_11_viv__parameterized3__29.
INFO: [Synth 8-3332] Sequential element (i_baseblox.i_baseblox_addsub/no_pipelining.the_addsub/i_lut6.i_lut6_addsub/i_q.i_simple.qreg/i_no_async_controls.output_reg[23]) is unused and will be removed from module c_addsub_v12_0_11_viv__parameterized3__30.
INFO: [Synth 8-3332] Sequential element (i_baseblox.i_baseblox_addsub/no_pipelining.the_addsub/i_lut6.i_lut6_addsub/i_q.i_simple.qreg/i_no_async_controls.output_reg[23]) is unused and will be removed from module c_addsub_v12_0_11_viv__parameterized3__31.
INFO: [Synth 8-3332] Sequential element (i_baseblox.i_baseblox_addsub/no_pipelining.the_addsub/i_lut6.i_lut6_addsub/i_q.i_simple.qreg/i_no_async_controls.output_reg[23]) is unused and will be removed from module c_addsub_v12_0_11_viv__parameterized3__32.
INFO: [Synth 8-3332] Sequential element (i_baseblox.i_baseblox_addsub/no_pipelining.the_addsub/i_lut6.i_lut6_addsub/i_q.i_simple.qreg/i_no_async_controls.output_reg[23]) is unused and will be removed from module c_addsub_v12_0_11_viv__parameterized3__33.
INFO: [Synth 8-3332] Sequential element (i_baseblox.i_baseblox_addsub/no_pipelining.the_addsub/i_lut6.i_lut6_addsub/i_q.i_simple.qreg/i_no_async_controls.output_reg[23]) is unused and will be removed from module c_addsub_v12_0_11_viv__parameterized3__34.
INFO: [Synth 8-3332] Sequential element (i_baseblox.i_baseblox_addsub/no_pipelining.the_addsub/i_lut6.i_lut6_addsub/i_q.i_simple.qreg/i_no_async_controls.output_reg[23]) is unused and will be removed from module c_addsub_v12_0_11_viv__parameterized3__35.
INFO: [Synth 8-3332] Sequential element (i_baseblox.i_baseblox_addsub/no_pipelining.the_addsub/i_lut6.i_lut6_addsub/i_q.i_simple.qreg/i_no_async_controls.output_reg[23]) is unused and will be removed from module c_addsub_v12_0_11_viv__parameterized3__36.
INFO: [Synth 8-3332] Sequential element (i_baseblox.i_baseblox_addsub/no_pipelining.the_addsub/i_lut6.i_lut6_addsub/i_q.i_simple.qreg/i_no_async_controls.output_reg[23]) is unused and will be removed from module c_addsub_v12_0_11_viv__parameterized3__37.
INFO: [Synth 8-3332] Sequential element (i_baseblox.i_baseblox_addsub/no_pipelining.the_addsub/i_lut6.i_lut6_addsub/i_q.i_simple.qreg/i_no_async_controls.output_reg[23]) is unused and will be removed from module c_addsub_v12_0_11_viv__parameterized3__38.
INFO: [Synth 8-3332] Sequential element (i_baseblox.i_baseblox_addsub/no_pipelining.the_addsub/i_lut6.i_lut6_addsub/i_q.i_simple.qreg/i_no_async_controls.output_reg[23]) is unused and will be removed from module c_addsub_v12_0_11_viv__parameterized3__39.
INFO: [Synth 8-3332] Sequential element (i_baseblox.i_baseblox_addsub/no_pipelining.the_addsub/i_lut6.i_lut6_addsub/i_q.i_simple.qreg/i_no_async_controls.output_reg[23]) is unused and will be removed from module c_addsub_v12_0_11_viv__parameterized3__40.
INFO: [Synth 8-3332] Sequential element (i_baseblox.i_baseblox_addsub/no_pipelining.the_addsub/i_lut6.i_lut6_addsub/i_q.i_simple.qreg/i_no_async_controls.output_reg[23]) is unused and will be removed from module c_addsub_v12_0_11_viv__parameterized3__41.
INFO: [Synth 8-3332] Sequential element (i_baseblox.i_baseblox_addsub/no_pipelining.the_addsub/i_lut6.i_lut6_addsub/i_q.i_simple.qreg/i_no_async_controls.output_reg[23]) is unused and will be removed from module c_addsub_v12_0_11_viv__parameterized3__42.
INFO: [Synth 8-3332] Sequential element (i_baseblox.i_baseblox_addsub/no_pipelining.the_addsub/i_lut6.i_lut6_addsub/i_q.i_simple.qreg/i_no_async_controls.output_reg[23]) is unused and will be removed from module c_addsub_v12_0_11_viv__parameterized3__43.
INFO: [Synth 8-3332] Sequential element (i_baseblox.i_baseblox_addsub/no_pipelining.the_addsub/i_lut6.i_lut6_addsub/i_q.i_simple.qreg/i_no_async_controls.output_reg[15]) is unused and will be removed from module c_addsub_v12_0_11_viv__parameterized3__43.
INFO: [Synth 8-3332] Sequential element (i_baseblox.i_baseblox_addsub/no_pipelining.the_addsub/i_lut6.i_lut6_addsub/i_q.i_simple.qreg/i_no_async_controls.output_reg[14]) is unused and will be removed from module c_addsub_v12_0_11_viv__parameterized3__43.
INFO: [Synth 8-3332] Sequential element (i_baseblox.i_baseblox_addsub/no_pipelining.the_addsub/i_lut6.i_lut6_addsub/i_q.i_simple.qreg/i_no_async_controls.output_reg[13]) is unused and will be removed from module c_addsub_v12_0_11_viv__parameterized3__43.
INFO: [Synth 8-3332] Sequential element (i_baseblox.i_baseblox_addsub/no_pipelining.the_addsub/i_lut6.i_lut6_addsub/i_q.i_simple.qreg/i_no_async_controls.output_reg[12]) is unused and will be removed from module c_addsub_v12_0_11_viv__parameterized3__43.
INFO: [Synth 8-3332] Sequential element (i_baseblox.i_baseblox_addsub/no_pipelining.the_addsub/i_lut6.i_lut6_addsub/i_q.i_simple.qreg/i_no_async_controls.output_reg[11]) is unused and will be removed from module c_addsub_v12_0_11_viv__parameterized3__43.
INFO: [Synth 8-3332] Sequential element (i_baseblox.i_baseblox_addsub/no_pipelining.the_addsub/i_lut6.i_lut6_addsub/i_q.i_simple.qreg/i_no_async_controls.output_reg[10]) is unused and will be removed from module c_addsub_v12_0_11_viv__parameterized3__43.
INFO: [Synth 8-3332] Sequential element (i_baseblox.i_baseblox_addsub/no_pipelining.the_addsub/i_lut6.i_lut6_addsub/i_q.i_simple.qreg/i_no_async_controls.output_reg[9]) is unused and will be removed from module c_addsub_v12_0_11_viv__parameterized3__43.
INFO: [Synth 8-3332] Sequential element (i_baseblox.i_baseblox_addsub/no_pipelining.the_addsub/i_lut6.i_lut6_addsub/i_q.i_simple.qreg/i_no_async_controls.output_reg[8]) is unused and will be removed from module c_addsub_v12_0_11_viv__parameterized3__43.
INFO: [Synth 8-3332] Sequential element (i_baseblox.i_baseblox_addsub/no_pipelining.the_addsub/i_lut6.i_lut6_addsub/i_q.i_simple.qreg/i_no_async_controls.output_reg[7]) is unused and will be removed from module c_addsub_v12_0_11_viv__parameterized3__43.
INFO: [Synth 8-3332] Sequential element (i_baseblox.i_baseblox_addsub/no_pipelining.the_addsub/i_lut6.i_lut6_addsub/i_q.i_simple.qreg/i_no_async_controls.output_reg[6]) is unused and will be removed from module c_addsub_v12_0_11_viv__parameterized3__43.
INFO: [Synth 8-3332] Sequential element (i_baseblox.i_baseblox_addsub/no_pipelining.the_addsub/i_lut6.i_lut6_addsub/i_q.i_simple.qreg/i_no_async_controls.output_reg[5]) is unused and will be removed from module c_addsub_v12_0_11_viv__parameterized3__43.
INFO: [Synth 8-3332] Sequential element (i_baseblox.i_baseblox_addsub/no_pipelining.the_addsub/i_lut6.i_lut6_addsub/i_q.i_simple.qreg/i_no_async_controls.output_reg[4]) is unused and will be removed from module c_addsub_v12_0_11_viv__parameterized3__43.
INFO: [Common 17-14] Message 'Synth 8-3332' appears 100 times and further instances of the messages will be disabled. Use the Tcl command set_msg_config to change the current settings.
---------------------------------------------------------------------------------
Finished Cross Boundary and Area Optimization : Time (s): cpu = 00:00:51 ; elapsed = 00:00:52 . Memory (MB): peak = 1033.922 ; gain = 728.207
---------------------------------------------------------------------------------

Report RTL Partitions: 
+-+--------------+------------+----------+
| |RTL Partition |Replication |Instances |
+-+--------------+------------+----------+
+-+--------------+------------+----------+
---------------------------------------------------------------------------------
Start Applying XDC Timing Constraints
---------------------------------------------------------------------------------
---------------------------------------------------------------------------------
Finished Applying XDC Timing Constraints : Time (s): cpu = 00:00:59 ; elapsed = 00:01:00 . Memory (MB): peak = 1033.922 ; gain = 728.207
---------------------------------------------------------------------------------
---------------------------------------------------------------------------------
Start Timing Optimization
---------------------------------------------------------------------------------
---------------------------------------------------------------------------------
Finished Timing Optimization : Time (s): cpu = 00:00:59 ; elapsed = 00:01:00 . Memory (MB): peak = 1033.922 ; gain = 728.207
---------------------------------------------------------------------------------

Report RTL Partitions: 
+-+--------------+------------+----------+
| |RTL Partition |Replication |Instances |
+-+--------------+------------+----------+
+-+--------------+------------+----------+
---------------------------------------------------------------------------------
Start Technology Mapping
---------------------------------------------------------------------------------
---------------------------------------------------------------------------------
Finished Technology Mapping : Time (s): cpu = 00:01:00 ; elapsed = 00:01:02 . Memory (MB): peak = 1033.922 ; gain = 728.207
---------------------------------------------------------------------------------

Report RTL Partitions: 
+-+--------------+------------+----------+
| |RTL Partition |Replication |Instances |
+-+--------------+------------+----------+
+-+--------------+------------+----------+
---------------------------------------------------------------------------------
Start IO Insertion
---------------------------------------------------------------------------------
---------------------------------------------------------------------------------
Start Flattening Before IO Insertion
---------------------------------------------------------------------------------
---------------------------------------------------------------------------------
Finished Flattening Before IO Insertion
---------------------------------------------------------------------------------
---------------------------------------------------------------------------------
Start Final Netlist Cleanup
---------------------------------------------------------------------------------
---------------------------------------------------------------------------------
Finished Final Netlist Cleanup
---------------------------------------------------------------------------------
---------------------------------------------------------------------------------
Finished IO Insertion : Time (s): cpu = 00:01:01 ; elapsed = 00:01:02 . Memory (MB): peak = 1033.922 ; gain = 728.207
---------------------------------------------------------------------------------

Report Check Netlist: 
+------+------------------+-------+---------+-------+------------------+
|      |Item              |Errors |Warnings |Status |Description       |
+------+------------------+-------+---------+-------+------------------+
|1     |multi_driven_nets |      0|        0|Passed |Multi driven nets |
+------+------------------+-------+---------+-------+------------------+
---------------------------------------------------------------------------------
Start Renaming Generated Instances
---------------------------------------------------------------------------------
---------------------------------------------------------------------------------
Finished Renaming Generated Instances : Time (s): cpu = 00:01:01 ; elapsed = 00:01:02 . Memory (MB): peak = 1033.922 ; gain = 728.207
---------------------------------------------------------------------------------

Report RTL Partitions: 
+-+--------------+------------+----------+
| |RTL Partition |Replication |Instances |
+-+--------------+------------+----------+
+-+--------------+------------+----------+
---------------------------------------------------------------------------------
Start Rebuilding User Hierarchy
---------------------------------------------------------------------------------
---------------------------------------------------------------------------------
Finished Rebuilding User Hierarchy : Time (s): cpu = 00:01:01 ; elapsed = 00:01:03 . Memory (MB): peak = 1033.922 ; gain = 728.207
---------------------------------------------------------------------------------
---------------------------------------------------------------------------------
Start Renaming Generated Ports
---------------------------------------------------------------------------------
---------------------------------------------------------------------------------
Finished Renaming Generated Ports : Time (s): cpu = 00:01:01 ; elapsed = 00:01:03 . Memory (MB): peak = 1033.922 ; gain = 728.207
---------------------------------------------------------------------------------
---------------------------------------------------------------------------------
Start Handling Custom Attributes
---------------------------------------------------------------------------------
---------------------------------------------------------------------------------
Finished Handling Custom Attributes : Time (s): cpu = 00:01:01 ; elapsed = 00:01:03 . Memory (MB): peak = 1033.922 ; gain = 728.207
---------------------------------------------------------------------------------
---------------------------------------------------------------------------------
Start Renaming Generated Nets
---------------------------------------------------------------------------------
---------------------------------------------------------------------------------
Finished Renaming Generated Nets : Time (s): cpu = 00:01:01 ; elapsed = 00:01:03 . Memory (MB): peak = 1033.922 ; gain = 728.207
---------------------------------------------------------------------------------
---------------------------------------------------------------------------------
Start Writing Synthesis Report
---------------------------------------------------------------------------------

Report BlackBoxes: 
+-+--------------+----------+
| |BlackBox name |Instances |
+-+--------------+----------+
+-+--------------+----------+

Report Cell Usage: 
+------+--------+------+
|      |Cell    |Count |
+------+--------+------+
|1     |LUT1    |    74|
|2     |LUT2    |   410|
|3     |LUT3    |   680|
|4     |LUT4    |    34|
|5     |MUXCY   |  1052|
|6     |SRL16E  |     5|
|7     |SRLC32E |     1|
|8     |XORCY   |  1018|
|9     |FDRE    |  1152|
+------+--------+------+
---------------------------------------------------------------------------------
Finished Writing Synthesis Report : Time (s): cpu = 00:01:01 ; elapsed = 00:01:03 . Memory (MB): peak = 1033.922 ; gain = 728.207
---------------------------------------------------------------------------------
Synthesis finished with 0 errors, 0 critical warnings and 366 warnings.
Synthesis Optimization Runtime : Time (s): cpu = 00:00:17 ; elapsed = 00:00:50 . Memory (MB): peak = 1033.922 ; gain = 193.242
Synthesis Optimization Complete : Time (s): cpu = 00:01:02 ; elapsed = 00:01:03 . Memory (MB): peak = 1033.922 ; gain = 728.207
INFO: [Project 1-571] Translating synthesized netlist
INFO: [Netlist 29-17] Analyzing 2070 Unisim elements for replacement
INFO: [Netlist 29-28] Unisim Transformation completed in 0 CPU seconds
INFO: [Project 1-570] Preparing netlist for logic optimization
INFO: [Opt 31-138] Pushed 0 inverter(s) to 0 load pin(s).
INFO: [Project 1-111] Unisim Transformation Summary:
  A total of 317 instances were transformed.
  (MUXCY,XORCY) => CARRY4: 317 instances

INFO: [Common 17-83] Releasing license: Synthesis
178 Infos, 100 Warnings, 0 Critical Warnings and 0 Errors encountered.
synth_design completed successfully
synth_design: Time (s): cpu = 00:01:07 ; elapsed = 00:01:09 . Memory (MB): peak = 1057.543 ; gain = 763.316
INFO: [Common 17-1381] The checkpoint 'C:/Users/loser/Desktop/gth_phase_ex/GTH_ex.runs/arctan_synth_1/arctan.dcp' has been generated.
